[19:36:48] 
New loading... Time of load: 19:36:48 

[19:36:48]    ___  ___    _____    ____   __  __   __  _____  
[19:36:48]   / /\  /\ \  / /_\ \  / /\ \ / / / /__/ / / /_\ \ 
[19:36:48]  / / / / / / / ___  / / /  \ | /  \_  __/ / ___  / 
[19:36:48] /_/ /_/ /_/ /_/  /_/ /_/    \_/    /_/   /_/  /_/  
[19:36:48]                                                   
[19:36:48] Version 0.11
[19:36:48] 
[19:36:48] Startup program, please wait...
[19:36:51] Pronounce: Приветствую вас, Незнакомец
[19:36:54] Pronounce: Чем я могу вам помочь?
[19:37:2] Error: Can't recognize command
[19:37:9] Recognized text: какой сегодня день
[19:46:8] 
New loading... Time of load: 19:46:8 

[19:46:8]    ___  ___    _____    ____   __  __   __  _____  
[19:46:8]   / /\  /\ \  / /_\ \  / /\ \ / / / /__/ / / /_\ \ 
[19:46:8]  / / / / / / / ___  / / /  \ | /  \_  __/ / ___  / 
[19:46:8] /_/ /_/ /_/ /_/  /_/ /_/    \_/    /_/   /_/  /_/  
[19:46:8]                                                   
[19:46:8] Version 0.11
[19:46:8] 
[19:46:8] Startup program, please wait...
[19:50:11] 
New loading... Time of load: 19:50:11 

[19:50:11]    ___  ___    _____    ____   __  __   __  _____  
[19:50:11]   / /\  /\ \  / /_\ \  / /\ \ / / / /__/ / / /_\ \ 
[19:50:11]  / / / / / / / ___  / / /  \ | /  \_  __/ / ___  / 
[19:50:11] /_/ /_/ /_/ /_/  /_/ /_/    \_/    /_/   /_/  /_/  
[19:50:11]                                                   
[19:50:11] Version 0.11
[19:50:11] 
[19:50:11] Startup program, please wait...
[19:52:43] 
New loading... Time of load: 19:52:43 

[19:52:43]    ___  ___    _____    ____   __  __   __  _____  
[19:52:43]   / /\  /\ \  / /_\ \  / /\ \ / / / /__/ / / /_\ \ 
[19:52:43]  / / / / / / / ___  / / /  \ | /  \_  __/ / ___  / 
[19:52:43] /_/ /_/ /_/ /_/  /_/ /_/    \_/    /_/   /_/  /_/  
[19:52:43]                                                   
[19:52:43] Version 0.11
[19:52:43] 
[19:52:43] Startup program, please wait...
[19:54:1] 
New loading... Time of load: 19:54:1 

[19:54:1]    ___  ___    _____    ____   __  __   __  _____  
[19:54:1]   / /\  /\ \  / /_\ \  / /\ \ / / / /__/ / / /_\ \ 
[19:54:1]  / / / / / / / ___  / / /  \ | /  \_  __/ / ___  / 
[19:54:1] /_/ /_/ /_/ /_/  /_/ /_/    \_/    /_/   /_/  /_/  
[19:54:1]                                                   
[19:54:1] Version 0.11
[19:54:1] 
[19:54:1] Startup program, please wait...
[19:54:7] 
New loading... Time of load: 19:54:7 

[19:54:7]    ___  ___    _____    ____   __  __   __  _____  
[19:54:7]   / /\  /\ \  / /_\ \  / /\ \ / / / /__/ / / /_\ \ 
[19:54:7]  / / / / / / / ___  / / /  \ | /  \_  __/ / ___  / 
[19:54:7] /_/ /_/ /_/ /_/  /_/ /_/    \_/    /_/   /_/  /_/  
[19:54:7]                                                   
[19:54:7] Version 0.11
[19:54:7] 
[19:54:7] Startup program, please wait...
[19:54:9] Pronounce: Приветствую вас, Незнакомец
[19:54:12] Pronounce: Чем я могу вам помочь?
[19:54:21] Recognized text: какой сегодня день
[19:54:48] 
New loading... Time of load: 19:54:48 

[19:54:48]    ___  ___    _____    ____   __  __   __  _____  
[19:54:48]   / /\  /\ \  / /_\ \  / /\ \ / / / /__/ / / /_\ \ 
[19:54:48]  / / / / / / / ___  / / /  \ | /  \_  __/ / ___  / 
[19:54:48] /_/ /_/ /_/ /_/  /_/ /_/    \_/    /_/   /_/  /_/  
[19:54:48]                                                   
[19:54:48] Version 0.11
[19:54:48] 
[19:54:48] Startup program, please wait...
[19:54:49] Pronounce: Приветствую вас, Незнакомец
[19:54:52] Pronounce: Чем я могу вам помочь?
[19:54:58] Recognized text: какой сегодня день
[19:55:53] 
New loading... Time of load: 19:55:53 

[19:55:53]    ___  ___    _____    ____   __  __   __  _____  
[19:55:53]   / /\  /\ \  / /_\ \  / /\ \ / / / /__/ / / /_\ \ 
[19:55:53]  / / / / / / / ___  / / /  \ | /  \_  __/ / ___  / 
[19:55:53] /_/ /_/ /_/ /_/  /_/ /_/    \_/    /_/   /_/  /_/  
[19:55:53]                                                   
[19:55:53] Version 0.11
[19:55:53] 
[19:55:53] Startup program, please wait...
[19:55:55] Pronounce: Приветствую вас, Незнакомец
[19:55:58] Pronounce: Чем я могу вам помочь?
[19:56:7] Recognized text: какой сегодня день
[19:56:23] 
New loading... Time of load: 19:56:23 

[19:56:23]    ___  ___    _____    ____   __  __   __  _____  
[19:56:23]   / /\  /\ \  / /_\ \  / /\ \ / / / /__/ / / /_\ \ 
[19:56:23]  / / / / / / / ___  / / /  \ | /  \_  __/ / ___  / 
[19:56:23] /_/ /_/ /_/ /_/  /_/ /_/    \_/    /_/   /_/  /_/  
[19:56:23]                                                   
[19:56:23] Version 0.11
[19:56:23] 
[19:56:23] Startup program, please wait...
[19:56:25] Pronounce: Приветствую вас, Незнакомец
[19:56:28] Pronounce: Чем я могу вам помочь?
[19:56:35] Recognized text: какой сегодня день
[20:3:4] 
New loading... Time of load: 20:3:4 

[20:3:4]    ___  ___    _____    ____   __  __   __  _____  
[20:3:4]   / /\  /\ \  / /_\ \  / /\ \ / / / /__/ / / /_\ \ 
[20:3:4]  / / / / / / / ___  / / /  \ | /  \_  __/ / ___  / 
[20:3:4] /_/ /_/ /_/ /_/  /_/ /_/    \_/    /_/   /_/  /_/  
[20:3:4]                                                   
[20:3:4] Version 0.11
[20:3:4] 
[20:3:4] Startup program, please wait...
[20:3:5] Pronounce: Приветствую вас, Незнакомец
[20:3:8] Pronounce: Чем я могу вам помочь?
[20:3:20] Recognized text: какой сегодня день
[20:6:40] 
New loading... Time of load: 20:6:40 

[20:6:40]    ___  ___    _____    ____   __  __   __  _____  
[20:6:40]   / /\  /\ \  / /_\ \  / /\ \ / / / /__/ / / /_\ \ 
[20:6:40]  / / / / / / / ___  / / /  \ | /  \_  __/ / ___  / 
[20:6:40] /_/ /_/ /_/ /_/  /_/ /_/    \_/    /_/   /_/  /_/  
[20:6:40]                                                   
[20:6:40] Version 0.11
[20:6:40] 
[20:6:40] Startup program, please wait...
[20:6:41] Pronounce: Приветствую вас, Незнакомец
[20:6:44] Pronounce: Чем я могу вам помочь?
[20:6:53] Recognized text: какой сегодня день
[20:6:54] Pronounce: Сегодня день рождения человека искусства и лучшей сестры на Земле - Анастасии Кюн. 
