[22:25:20] 
New loading... Time of load: 22:25:20 

[22:25:20]    ___  ___    _____    ____   __  __   __  _____  
[22:25:20]   / /\  /\ \  / /_\ \  / /\ \ / / / /__/ / / /_\ \ 
[22:25:20]  / / / / / / / ___  / / /  \ | /  \_  __/ / ___  / 
[22:25:20] /_/ /_/ /_/ /_/  /_/ /_/    \_/    /_/   /_/  /_/  
[22:25:20]                                                   
[22:25:20] Version 0.11
[22:25:20] 
[22:25:20] Startup program, please wait...
[22:25:23] Pronounce: Приветствую вас, Незнакомец
[22:25:26] Pronounce: Чем я могу вам помочь?
[22:25:31] Recognized text: расскажешь
[22:25:31] Pronounce: Команда не была распознана
[22:25:38] Recognized text: расскажи шутку
[22:25:38] Pronounce: РћС‚РєСѓРґР° Р“РѕСЃРґРµРї Р±РµСЂРµС‚ РґРµРЅСЊРіРё РЅР° С„РёРЅР°РЅСЃРёСЂРѕРІР°РЅРёРµ РќР°РІР°Р»СЊРЅРѕРіРѕ?
Р”Р° РёР· РЅР°Р»РѕРіРѕРІ, РєРѕС‚РѕСЂС‹Рµ РїР»Р°С‚СЏС‚ РЅР°С€Рё СЂРѕСЃСЃРёР№СЃРєРёРµ С‡РёРЅРѕРІРЅРёРєРё Р·Р° РЅРµРґРІРёР¶РёРјРѕСЃС‚СЊ Р·Р° СЂСѓР±РµР¶РѕРј!
[22:59:37] 
New loading... Time of load: 22:59:37 

[22:59:37]    ___  ___    _____    ____   __  __   __  _____  
[22:59:37]   / /\  /\ \  / /_\ \  / /\ \ / / / /__/ / / /_\ \ 
[22:59:37]  / / / / / / / ___  / / /  \ | /  \_  __/ / ___  / 
[22:59:37] /_/ /_/ /_/ /_/  /_/ /_/    \_/    /_/   /_/  /_/  
[22:59:37]                                                   
[22:59:37] Version 0.11
[22:59:37] 
[22:59:37] Startup program, please wait...
[22:59:38] Pronounce: Приветствую вас, Незнакомец
[22:59:41] Pronounce: Чем я могу вам помочь?
[22:59:46] Recognized text: расскажешь
[22:59:46] Pronounce: Команда не была распознана
[22:59:57] Error: Can't recognize command
[23:0:6] Error: Can't recognize command
[23:0:14] Error: Can't recognize command
[23:0:19] Error: Can't recognize command
[23:0:26] 
New loading... Time of load: 23:0:26 

[23:0:26]    ___  ___    _____    ____   __  __   __  _____  
[23:0:26]   / /\  /\ \  / /_\ \  / /\ \ / / / /__/ / / /_\ \ 
[23:0:26]  / / / / / / / ___  / / /  \ | /  \_  __/ / ___  / 
[23:0:26] /_/ /_/ /_/ /_/  /_/ /_/    \_/    /_/   /_/  /_/  
[23:0:26]                                                   
[23:0:26] Version 0.11
[23:0:26] 
[23:0:26] Startup program, please wait...
[23:0:28] Pronounce: Приветствую вас, Незнакомец
[23:0:31] Pronounce: Чем я могу вам помочь?
[23:0:38] Recognized text: расскажи анекдот
[23:0:38] Pronounce: Откуда Госдеп берет деньги на финансирование Навального?
Да из налогов, которые платят наши российские чиновники за недвижимость за рубежом!
[23:1:16] Recognized text: спасибо включи музыку для спасибо
[23:1:16] Pronounce: Не за что
[23:1:28] Recognized text: включи музыку despacito
[23:1:33] Pronounce: Включаю музыку
[23:1:40] Error: Can't recognize command
[23:1:43] Error: Can't recognize command
[23:1:55] Recognized text: теперь меня зовут слава
[23:6:28] 
New loading... Time of load: 23:6:28 

[23:6:28]    ___  ___    _____    ____   __  __   __  _____  
[23:6:28]   / /\  /\ \  / /_\ \  / /\ \ / / / /__/ / / /_\ \ 
[23:6:28]  / / / / / / / ___  / / /  \ | /  \_  __/ / ___  / 
[23:6:28] /_/ /_/ /_/ /_/  /_/ /_/    \_/    /_/   /_/  /_/  
[23:6:28]                                                   
[23:6:28] Version 0.11
[23:6:28] 
[23:6:28] Startup program, please wait...
[23:6:29] Pronounce: Приветствую вас, Незнакомец
[23:6:32] Pronounce: Чем я могу вам помочь?
[23:6:47] Recognized text: теперь я слова
[23:6:47] Pronounce: Теперь я буду звать вас   Слова
[23:7:21] 
New loading... Time of load: 23:7:21 

[23:7:21]    ___  ___    _____    ____   __  __   __  _____  
[23:7:21]   / /\  /\ \  / /_\ \  / /\ \ / / / /__/ / / /_\ \ 
[23:7:21]  / / / / / / / ___  / / /  \ | /  \_  __/ / ___  / 
[23:7:21] /_/ /_/ /_/ /_/  /_/ /_/    \_/    /_/   /_/  /_/  
[23:7:21]                                                   
[23:7:21] Version 0.11
[23:7:21] 
[23:7:21] Startup program, please wait...
[23:7:23] Pronounce: Приветствую вас, Незнакомец
[23:13:23] 
New loading... Time of load: 23:13:23 

[23:13:23]    ___  ___    _____    ____   __  __   __  _____  
[23:13:23]   / /\  /\ \  / /_\ \  / /\ \ / / / /__/ / / /_\ \ 
[23:13:23]  / / / / / / / ___  / / /  \ | /  \_  __/ / ___  / 
[23:13:23] /_/ /_/ /_/ /_/  /_/ /_/    \_/    /_/   /_/  /_/  
[23:13:23]                                                   
[23:13:23] Version 0.11
[23:13:23] 
[23:13:23] Startup program, please wait...
[23:13:24] Pronounce: Приветствую вас, Незнакомец
[23:13:27] Pronounce: Чем я могу вам помочь?
[23:13:37] Recognized text: теперь я слова
[23:13:37] Pronounce: Хорошо, я запомню  Слова
[23:13:52] Recognized text: пока
[23:13:52] Pronounce: Команда не была распознана
[23:14:2] Recognized text: погода
[23:14:2] Pronounce: 14 градусов по цельсию, Ясно
[23:14:18] Recognized text: переведи на английский всем привет
[23:14:19] Pronounce: Hello everyone
[23:14:32] Recognized text: спасибо
[23:14:32] Pronounce: Пожалуйста
[23:14:42] 
New loading... Time of load: 23:14:42 

[23:14:42]    ___  ___    _____    ____   __  __   __  _____  
[23:14:42]   / /\  /\ \  / /_\ \  / /\ \ / / / /__/ / / /_\ \ 
[23:14:42]  / / / / / / / ___  / / /  \ | /  \_  __/ / ___  / 
[23:14:42] /_/ /_/ /_/ /_/  /_/ /_/    \_/    /_/   /_/  /_/  
[23:14:42]                                                   
[23:14:42] Version 0.11
[23:14:42] 
[23:14:42] Startup program, please wait...
[23:14:43] Pronounce: Приветствую вас,  Слова
[23:14:46] Pronounce: Чем я могу вам помочь?
[23:14:51] Error: Can't recognize command
[23:14:56] Recognized text: знакомиться
[23:14:56] Pronounce: Команда не была распознана
[23:15:7] Recognized text: меня зовут незнакомец
[23:15:7] Pronounce: Теперь я буду звать вас   Незнакомец
