[22:8:39] 
New loading... Time of load: 22:8:39 

[22:8:39]    ___  ___    _____    ____   __  __   __  _____  
[22:8:39]   / /\  /\ \  / /_\ \  / /\ \ / / / /__/ / / /_\ \ 
[22:8:39]  / / / / / / / ___  / / /  \ | /  \_  __/ / ___  / 
[22:8:39] /_/ /_/ /_/ /_/  /_/ /_/    \_/    /_/   /_/  /_/  
[22:8:39]                                                   
[22:8:39] Version 0.11
[22:8:39] 
[22:8:39] Startup program, please wait...
[22:8:39] Pronounce: Приветствую вас, Славик
[22:8:42] Pronounce: Вы можете спросить меня о чём-нибудь
[22:9:29] 
New loading... Time of load: 22:9:29 

[22:9:29]    ___  ___    _____    ____   __  __   __  _____  
[22:9:29]   / /\  /\ \  / /_\ \  / /\ \ / / / /__/ / / /_\ \ 
[22:9:29]  / / / / / / / ___  / / /  \ | /  \_  __/ / ___  / 
[22:9:29] /_/ /_/ /_/ /_/  /_/ /_/    \_/    /_/   /_/  /_/  
[22:9:29]                                                   
[22:9:29] Version 0.11
[22:9:29] 
[22:9:29] Startup program, please wait...
[22:9:29] Pronounce: Приветствую вас, Славик
[22:9:31] Pronounce: Чем я могу вам помочь?
[22:9:52] Error: Can't recognize command
[22:10:22] 
New loading... Time of load: 22:10:22 

[22:10:22]    ___  ___    _____    ____   __  __   __  _____  
[22:10:22]   / /\  /\ \  / /_\ \  / /\ \ / / / /__/ / / /_\ \ 
[22:10:22]  / / / / / / / ___  / / /  \ | /  \_  __/ / ___  / 
[22:10:22] /_/ /_/ /_/ /_/  /_/ /_/    \_/    /_/   /_/  /_/  
[22:10:22]                                                   
[22:10:22] Version 0.11
[22:10:22] 
[22:10:22] Startup program, please wait...
[22:10:22] Pronounce: Приветствую вас, Славик
[22:10:24] Pronounce: Чем я могу вам помочь?
[22:11:8] 
New loading... Time of load: 22:11:8 

[22:11:8]    ___  ___    _____    ____   __  __   __  _____  
[22:11:8]   / /\  /\ \  / /_\ \  / /\ \ / / / /__/ / / /_\ \ 
[22:11:8]  / / / / / / / ___  / / /  \ | /  \_  __/ / ___  / 
[22:11:8] /_/ /_/ /_/ /_/  /_/ /_/    \_/    /_/   /_/  /_/  
[22:11:8]                                                   
[22:11:8] Version 0.11
[22:11:8] 
[22:11:8] Startup program, please wait...
[22:11:8] Pronounce: Приветствую вас, Славик
[22:11:11] Pronounce: Чем я могу вам помочь?
[22:11:31] 
New loading... Time of load: 22:11:31 

[22:11:31]    ___  ___    _____    ____   __  __   __  _____  
[22:11:31]   / /\  /\ \  / /_\ \  / /\ \ / / / /__/ / / /_\ \ 
[22:11:31]  / / / / / / / ___  / / /  \ | /  \_  __/ / ___  / 
[22:11:31] /_/ /_/ /_/ /_/  /_/ /_/    \_/    /_/   /_/  /_/  
[22:11:31]                                                   
[22:11:31] Version 0.11
[22:11:31] 
[22:11:31] Startup program, please wait...
[22:11:31] Pronounce: Приветствую вас, Славик
[22:11:33] Pronounce: Ожидаю ваших команд
[22:12:24] 
New loading... Time of load: 22:12:24 

[22:12:24]    ___  ___    _____    ____   __  __   __  _____  
[22:12:24]   / /\  /\ \  / /_\ \  / /\ \ / / / /__/ / / /_\ \ 
[22:12:24]  / / / / / / / ___  / / /  \ | /  \_  __/ / ___  / 
[22:12:24] /_/ /_/ /_/ /_/  /_/ /_/    \_/    /_/   /_/  /_/  
[22:12:24]                                                   
[22:12:24] Version 0.11
[22:12:24] 
[22:12:24] Startup program, please wait...
[22:12:24] Pronounce: Приветствую вас, Славик
[22:12:27] Pronounce: Чем я могу вам помочь?
[22:13:9] 
New loading... Time of load: 22:13:9 

[22:13:9]    ___  ___    _____    ____   __  __   __  _____  
[22:13:9]   / /\  /\ \  / /_\ \  / /\ \ / / / /__/ / / /_\ \ 
[22:13:9]  / / / / / / / ___  / / /  \ | /  \_  __/ / ___  / 
[22:13:9] /_/ /_/ /_/ /_/  /_/ /_/    \_/    /_/   /_/  /_/  
[22:13:9]                                                   
[22:13:9] Version 0.11
[22:13:9] 
[22:13:9] Startup program, please wait...
[22:13:9] Pronounce: Приветствую вас, Славик
[22:13:11] Pronounce: Вы можете спросить меня о чём-нибудь
[22:19:34] 
New loading... Time of load: 22:19:34 

[22:19:34]    ___  ___    _____    ____   __  __   __  _____  
[22:19:34]   / /\  /\ \  / /_\ \  / /\ \ / / / /__/ / / /_\ \ 
[22:19:34]  / / / / / / / ___  / / /  \ | /  \_  __/ / ___  / 
[22:19:34] /_/ /_/ /_/ /_/  /_/ /_/    \_/    /_/   /_/  /_/  
[22:19:34]                                                   
[22:19:34] Version 0.11
[22:19:34] 
[22:19:34] Startup program, please wait...
[22:21:58] 
New loading... Time of load: 22:21:58 

[22:21:58]    ___  ___    _____    ____   __  __   __  _____  
[22:21:58]   / /\  /\ \  / /_\ \  / /\ \ / / / /__/ / / /_\ \ 
[22:21:58]  / / / / / / / ___  / / /  \ | /  \_  __/ / ___  / 
[22:21:58] /_/ /_/ /_/ /_/  /_/ /_/    \_/    /_/   /_/  /_/  
[22:21:58]                                                   
[22:21:58] Version 0.11
[22:21:58] 
[22:21:58] Startup program, please wait...
[22:24:3] 
New loading... Time of load: 22:24:3 

[22:24:3]    ___  ___    _____    ____   __  __   __  _____  
[22:24:3]   / /\  /\ \  / /_\ \  / /\ \ / / / /__/ / / /_\ \ 
[22:24:3]  / / / / / / / ___  / / /  \ | /  \_  __/ / ___  / 
[22:24:3] /_/ /_/ /_/ /_/  /_/ /_/    \_/    /_/   /_/  /_/  
[22:24:3]                                                   
[22:24:3] Version 0.11
[22:24:3] 
[22:24:3] Startup program, please wait...
[22:24:3] Pronounce: Приветствую вас, Славик
[22:24:6] Pronounce: Ожидаю ваших команд
[22:25:17] 
New loading... Time of load: 22:25:17 

[22:25:17]    ___  ___    _____    ____   __  __   __  _____  
[22:25:17]   / /\  /\ \  / /_\ \  / /\ \ / / / /__/ / / /_\ \ 
[22:25:17]  / / / / / / / ___  / / /  \ | /  \_  __/ / ___  / 
[22:25:17] /_/ /_/ /_/ /_/  /_/ /_/    \_/    /_/   /_/  /_/  
[22:25:17]                                                   
[22:25:17] Version 0.11
[22:25:17] 
[22:25:17] Startup program, please wait...
[22:25:17] Pronounce: Приветствую вас, Славик
[22:25:19] Pronounce: Чем я могу вам помочь?
[22:25:29] Recognized text: погода
[22:26:30] 
New loading... Time of load: 22:26:30 

[22:26:30]    ___  ___    _____    ____   __  __   __  _____  
[22:26:30]   / /\  /\ \  / /_\ \  / /\ \ / / / /__/ / / /_\ \ 
[22:26:30]  / / / / / / / ___  / / /  \ | /  \_  __/ / ___  / 
[22:26:30] /_/ /_/ /_/ /_/  /_/ /_/    \_/    /_/   /_/  /_/  
[22:26:30]                                                   
[22:26:30] Version 0.11
[22:26:30] 
[22:26:30] Startup program, please wait...
[22:26:30] Pronounce: Приветствую вас, Славик
[22:26:32] Pronounce: Ожидаю ваших команд
[22:26:39] Recognized text: включи музыку да спасибо
[22:26:42] Pronounce: Я не нашла музыку с таким названием
[22:35:36] 
New loading... Time of load: 22:35:36 

[22:35:36]    ___  ___    _____    ____   __  __   __  _____  
[22:35:36]   / /\  /\ \  / /_\ \  / /\ \ / / / /__/ / / /_\ \ 
[22:35:36]  / / / / / / / ___  / / /  \ | /  \_  __/ / ___  / 
[22:35:36] /_/ /_/ /_/ /_/  /_/ /_/    \_/    /_/   /_/  /_/  
[22:35:36]                                                   
[22:35:36] Version 0.11
[22:35:36] 
[22:35:36] Startup program, please wait...
[22:35:36] Pronounce: Приветствую вас, Славик
[22:35:39] Pronounce: Вы можете спросить меня о чём-нибудь
[22:35:46] Recognized text: включи музыку
[22:38:59] 
New loading... Time of load: 22:38:59 

[22:38:59]    ___  ___    _____    ____   __  __   __  _____  
[22:38:59]   / /\  /\ \  / /_\ \  / /\ \ / / / /__/ / / /_\ \ 
[22:38:59]  / / / / / / / ___  / / /  \ | /  \_  __/ / ___  / 
[22:38:59] /_/ /_/ /_/ /_/  /_/ /_/    \_/    /_/   /_/  /_/  
[22:38:59]                                                   
[22:38:59] Version 0.11
[22:38:59] 
[22:38:59] Startup program, please wait...
[22:38:59] Pronounce: Приветствую вас, Славик
[22:39:1] Pronounce: Вы можете спросить меня о чём-нибудь
[22:39:8] Recognized text: включи музыку
[22:39:8] Pronounce: Включаю музыку
[22:39:13] Error: Can't recognize command
[22:39:20] Error: Can't recognize command
[22:40:10] 
New loading... Time of load: 22:40:10 

[22:40:10]    ___  ___    _____    ____   __  __   __  _____  
[22:40:10]   / /\  /\ \  / /_\ \  / /\ \ / / / /__/ / / /_\ \ 
[22:40:10]  / / / / / / / ___  / / /  \ | /  \_  __/ / ___  / 
[22:40:10] /_/ /_/ /_/ /_/  /_/ /_/    \_/    /_/   /_/  /_/  
[22:40:10]                                                   
[22:40:10] Version 0.11
[22:40:10] 
[22:40:10] Startup program, please wait...
[22:40:10] Pronounce: Приветствую вас, Славик
[22:40:13] Pronounce: Чем я могу вам помочь?
[22:40:18] Recognized text: включи музыку
[22:40:18] Pronounce: Включаю музыку
[22:43:7] 
New loading... Time of load: 22:43:7 

[22:43:7]    ___  ___    _____    ____   __  __   __  _____  
[22:43:7]   / /\  /\ \  / /_\ \  / /\ \ / / / /__/ / / /_\ \ 
[22:43:7]  / / / / / / / ___  / / /  \ | /  \_  __/ / ___  / 
[22:43:7] /_/ /_/ /_/ /_/  /_/ /_/    \_/    /_/   /_/  /_/  
[22:43:7]                                                   
[22:43:7] Version 0.11
[22:43:7] 
[22:43:7] Startup program, please wait...
[22:43:7] Pronounce: Приветствую вас, Славик
[22:43:9] Pronounce: Ожидаю ваших команд
[22:43:19] Recognized text: включи музыку
[22:43:19] Pronounce: Включаю музыку
[22:43:27] Error: Can't recognize command
[22:43:32] Error: Can't recognize command
[22:46:46] 
New loading... Time of load: 22:46:46 

[22:46:46]    ___  ___    _____    ____   __  __   __  _____  
[22:46:46]   / /\  /\ \  / /_\ \  / /\ \ / / / /__/ / / /_\ \ 
[22:46:46]  / / / / / / / ___  / / /  \ | /  \_  __/ / ___  / 
[22:46:46] /_/ /_/ /_/ /_/  /_/ /_/    \_/    /_/   /_/  /_/  
[22:46:46]                                                   
[22:46:46] Version 0.11
[22:46:46] 
[22:46:46] Startup program, please wait...
[22:46:46] Pronounce: Приветствую вас, Славик
[22:46:49] Pronounce: Чем я могу вам помочь?
[22:46:55] Recognized text: включи музыку
[22:46:55] Pronounce: Включаю музыку
[22:47:31] 
New loading... Time of load: 22:47:31 

[22:47:31]    ___  ___    _____    ____   __  __   __  _____  
[22:47:31]   / /\  /\ \  / /_\ \  / /\ \ / / / /__/ / / /_\ \ 
[22:47:31]  / / / / / / / ___  / / /  \ | /  \_  __/ / ___  / 
[22:47:31] /_/ /_/ /_/ /_/  /_/ /_/    \_/    /_/   /_/  /_/  
[22:47:31]                                                   
[22:47:31] Version 0.11
[22:47:31] 
[22:47:31] Startup program, please wait...
[22:47:31] Pronounce: Приветствую вас, Славик
[22:47:34] Pronounce: Ожидаю ваших команд
[22:47:43] Recognized text: покажи музыку
[22:47:43] Pronounce: Я не нашла музыку с таким названием
[22:48:0] Error: Can't recognize command
[22:48:3] Error: Can't recognize command
[22:48:13] Error: Can't recognize command
[22:48:17] Error: Can't recognize command
[22:48:45] Error: Can't recognize command
[22:48:49] Error: Can't recognize command
[22:49:55] 
New loading... Time of load: 22:49:55 

[22:49:55]    ___  ___    _____    ____   __  __   __  _____  
[22:49:55]   / /\  /\ \  / /_\ \  / /\ \ / / / /__/ / / /_\ \ 
[22:49:55]  / / / / / / / ___  / / /  \ | /  \_  __/ / ___  / 
[22:49:55] /_/ /_/ /_/ /_/  /_/ /_/    \_/    /_/   /_/  /_/  
[22:49:55]                                                   
[22:49:55] Version 0.11
[22:49:55] 
[22:49:55] Startup program, please wait...
[22:49:55] Pronounce: Приветствую вас, Славик
[22:49:58] Pronounce: Вы можете спросить меня о чём-нибудь
[22:50:7] Error: Can't recognize command
[22:50:16] Recognized text: музыка
[22:50:16] Pronounce: Команда не была распознана
[22:50:23] Recognized text: музыку
[22:50:23] Pronounce: Включаю музыку
[22:50:29] Error: Can't recognize command
[22:50:35] Error: Can't recognize command
[22:50:37] Error: Can't recognize command
[22:56:21] 
New loading... Time of load: 22:56:21 

[22:56:21]    ___  ___    _____    ____   __  __   __  _____  
[22:56:21]   / /\  /\ \  / /_\ \  / /\ \ / / / /__/ / / /_\ \ 
[22:56:21]  / / / / / / / ___  / / /  \ | /  \_  __/ / ___  / 
[22:56:21] /_/ /_/ /_/ /_/  /_/ /_/    \_/    /_/   /_/  /_/  
[22:56:21]                                                   
[22:56:21] Version 0.11
[22:56:21] 
[22:56:21] Startup program, please wait...
[22:56:21] Pronounce: Приветствую вас, Славик
[22:56:24] Pronounce: Вы можете спросить меня о чём-нибудь
[22:56:35] Error: Can't recognize command
[22:56:46] Recognized text: музыку
[22:56:46] Pronounce: Включаю музыку
[22:56:54] Error: Can't recognize command
[22:56:56] Error: Can't recognize command
[22:57:25] 
New loading... Time of load: 22:57:25 

[22:57:25]    ___  ___    _____    ____   __  __   __  _____  
[22:57:25]   / /\  /\ \  / /_\ \  / /\ \ / / / /__/ / / /_\ \ 
[22:57:25]  / / / / / / / ___  / / /  \ | /  \_  __/ / ___  / 
[22:57:25] /_/ /_/ /_/ /_/  /_/ /_/    \_/    /_/   /_/  /_/  
[22:57:25]                                                   
[22:57:25] Version 0.11
[22:57:25] 
[22:57:25] Startup program, please wait...
[22:57:25] Pronounce: Приветствую вас, Славик
[22:57:28] Pronounce: Вы можете спросить меня о чём-нибудь
[22:57:38] Recognized text: москва
[22:57:38] Pronounce: Команда не была распознана
[22:57:46] Recognized text: включи музыку
[22:57:47] Pronounce: Включаю музыку
[22:57:57] Error: Can't recognize command
[22:58:5] Error: Can't recognize command
[22:58:10] Error: Can't recognize command
[22:58:13] Error: Can't recognize command
[22:58:16] Error: Can't recognize command
[22:58:30] Recognized text: мужиком
[22:58:30] Pronounce: Команда не была распознана
[22:59:43] 
New loading... Time of load: 22:59:43 

[22:59:43]    ___  ___    _____    ____   __  __   __  _____  
[22:59:43]   / /\  /\ \  / /_\ \  / /\ \ / / / /__/ / / /_\ \ 
[22:59:43]  / / / / / / / ___  / / /  \ | /  \_  __/ / ___  / 
[22:59:43] /_/ /_/ /_/ /_/  /_/ /_/    \_/    /_/   /_/  /_/  
[22:59:43]                                                   
[22:59:43] Version 0.11
[22:59:43] 
[22:59:43] Startup program, please wait...
[22:59:43] Pronounce: Приветствую вас, Славик
[22:59:45] Pronounce: Чем я могу вам помочь?
[22:59:50] Recognized text: музыка
[22:59:50] Pronounce: Включаю музыку
[22:59:58] Error: Can't recognize command
[23:0:11] Error: Can't recognize command
[23:0:28] Error: Can't recognize command
[23:1:12] Recognized text: мимимишки
[23:1:12] Pronounce: Команда не была распознана
[23:40:54] 
New loading... Time of load: 23:40:54 

[23:40:54]    ___  ___    _____    ____   __  __   __  _____  
[23:40:54]   / /\  /\ \  / /_\ \  / /\ \ / / / /__/ / / /_\ \ 
[23:40:54]  / / / / / / / ___  / / /  \ | /  \_  __/ / ___  / 
[23:40:54] /_/ /_/ /_/ /_/  /_/ /_/    \_/    /_/   /_/  /_/  
[23:40:54]                                                   
[23:40:54] Version 0.11
[23:40:54] 
[23:40:54] Startup program, please wait...
[23:40:54] Pronounce: Приветствую вас, Славик
[23:40:57] Pronounce: Вы можете спросить меня о чём-нибудь
[23:41:7] Recognized text: включи музыку
[23:41:58] 
New loading... Time of load: 23:41:58 

[23:41:58]    ___  ___    _____    ____   __  __   __  _____  
[23:41:58]   / /\  /\ \  / /_\ \  / /\ \ / / / /__/ / / /_\ \ 
[23:41:58]  / / / / / / / ___  / / /  \ | /  \_  __/ / ___  / 
[23:41:58] /_/ /_/ /_/ /_/  /_/ /_/    \_/    /_/   /_/  /_/  
[23:41:58]                                                   
[23:41:58] Version 0.11
[23:41:58] 
[23:41:58] Startup program, please wait...
[23:41:58] Pronounce: Приветствую вас, Славик
[23:42:0] Pronounce: Чем я могу вам помочь?
[23:42:9] Recognized text: включи музыку
[23:42:39] 
New loading... Time of load: 23:42:39 

[23:42:39]    ___  ___    _____    ____   __  __   __  _____  
[23:42:39]   / /\  /\ \  / /_\ \  / /\ \ / / / /__/ / / /_\ \ 
[23:42:39]  / / / / / / / ___  / / /  \ | /  \_  __/ / ___  / 
[23:42:39] /_/ /_/ /_/ /_/  /_/ /_/    \_/    /_/   /_/  /_/  
[23:42:39]                                                   
[23:42:39] Version 0.11
[23:42:39] 
[23:42:39] Startup program, please wait...
[23:42:39] Pronounce: Приветствую вас, Славик
[23:42:42] Pronounce: Чем я могу вам помочь?
[23:42:56] Error: Can't recognize command
[23:43:16] 
New loading... Time of load: 23:43:16 

[23:43:16]    ___  ___    _____    ____   __  __   __  _____  
[23:43:16]   / /\  /\ \  / /_\ \  / /\ \ / / / /__/ / / /_\ \ 
[23:43:16]  / / / / / / / ___  / / /  \ | /  \_  __/ / ___  / 
[23:43:16] /_/ /_/ /_/ /_/  /_/ /_/    \_/    /_/   /_/  /_/  
[23:43:16]                                                   
[23:43:16] Version 0.11
[23:43:16] 
[23:43:16] Startup program, please wait...
[23:43:16] Pronounce: Приветствую вас, Славик
[23:43:19] Pronounce: Чем я могу вам помочь?
[23:43:30] Recognized text: включи музыку
[23:45:31] 
New loading... Time of load: 23:45:31 

[23:45:31]    ___  ___    _____    ____   __  __   __  _____  
[23:45:31]   / /\  /\ \  / /_\ \  / /\ \ / / / /__/ / / /_\ \ 
[23:45:31]  / / / / / / / ___  / / /  \ | /  \_  __/ / ___  / 
[23:45:31] /_/ /_/ /_/ /_/  /_/ /_/    \_/    /_/   /_/  /_/  
[23:45:31]                                                   
[23:45:31] Version 0.11
[23:45:31] 
[23:45:31] Startup program, please wait...
[23:45:31] Pronounce: Приветствую вас, Славик
[23:45:33] Pronounce: Чем я могу вам помочь?
[23:45:39] Error: Can't recognize command
[23:45:45] Error: Can't recognize command
[23:45:53] Recognized text: включи музыку
[23:47:59] 
New loading... Time of load: 23:47:59 

[23:47:59]    ___  ___    _____    ____   __  __   __  _____  
[23:47:59]   / /\  /\ \  / /_\ \  / /\ \ / / / /__/ / / /_\ \ 
[23:47:59]  / / / / / / / ___  / / /  \ | /  \_  __/ / ___  / 
[23:47:59] /_/ /_/ /_/ /_/  /_/ /_/    \_/    /_/   /_/  /_/  
[23:47:59]                                                   
[23:47:59] Version 0.11
[23:47:59] 
[23:47:59] Startup program, please wait...
[23:47:59] Pronounce: Приветствую вас, Славик
[23:48:2] Pronounce: Ожидаю ваших команд
[23:48:24] Recognized text: включи музыку
[23:50:12] 
New loading... Time of load: 23:50:12 

[23:50:12]    ___  ___    _____    ____   __  __   __  _____  
[23:50:12]   / /\  /\ \  / /_\ \  / /\ \ / / / /__/ / / /_\ \ 
[23:50:12]  / / / / / / / ___  / / /  \ | /  \_  __/ / ___  / 
[23:50:12] /_/ /_/ /_/ /_/  /_/ /_/    \_/    /_/   /_/  /_/  
[23:50:12]                                                   
[23:50:12] Version 0.11
[23:50:12] 
[23:50:12] Startup program, please wait...
[23:50:12] Pronounce: Приветствую вас, Славик
[23:50:15] Pronounce: Вы можете спросить меня о чём-нибудь
[23:50:21] Recognized text: музыка
[23:50:46] 
New loading... Time of load: 23:50:46 

[23:50:46]    ___  ___    _____    ____   __  __   __  _____  
[23:50:46]   / /\  /\ \  / /_\ \  / /\ \ / / / /__/ / / /_\ \ 
[23:50:46]  / / / / / / / ___  / / /  \ | /  \_  __/ / ___  / 
[23:50:46] /_/ /_/ /_/ /_/  /_/ /_/    \_/    /_/   /_/  /_/  
[23:50:46]                                                   
[23:50:46] Version 0.11
[23:50:46] 
[23:50:46] Startup program, please wait...
[23:50:46] Pronounce: Приветствую вас, Славик
[23:50:49] Pronounce: Ожидаю ваших команд
[23:50:54] Recognized text: музыка
[23:51:15] 
New loading... Time of load: 23:51:15 

[23:51:15]    ___  ___    _____    ____   __  __   __  _____  
[23:51:15]   / /\  /\ \  / /_\ \  / /\ \ / / / /__/ / / /_\ \ 
[23:51:15]  / / / / / / / ___  / / /  \ | /  \_  __/ / ___  / 
[23:51:15] /_/ /_/ /_/ /_/  /_/ /_/    \_/    /_/   /_/  /_/  
[23:51:15]                                                   
[23:51:15] Version 0.11
[23:51:15] 
[23:51:15] Startup program, please wait...
[23:51:15] Pronounce: Приветствую вас, Славик
[23:51:18] Pronounce: Чем я могу вам помочь?
[23:51:37] Error: Can't recognize command
[23:51:44] Recognized text: музыка
[23:51:44] Pronounce: Включаю музыку
[23:52:56] 
New loading... Time of load: 23:52:56 

[23:52:56]    ___  ___    _____    ____   __  __   __  _____  
[23:52:56]   / /\  /\ \  / /_\ \  / /\ \ / / / /__/ / / /_\ \ 
[23:52:56]  / / / / / / / ___  / / /  \ | /  \_  __/ / ___  / 
[23:52:56] /_/ /_/ /_/ /_/  /_/ /_/    \_/    /_/   /_/  /_/  
[23:52:56]                                                   
[23:52:56] Version 0.11
[23:52:56] 
[23:52:56] Startup program, please wait...
[23:52:56] Pronounce: Приветствую вас, Славик
[23:52:58] Pronounce: Чем я могу вам помочь?
[23:53:5] Recognized text: музыка
[23:53:6] Pronounce: Включаю музыку
[23:53:16] Error: Can't recognize command
[23:54:9] 
New loading... Time of load: 23:54:9 

[23:54:9]    ___  ___    _____    ____   __  __   __  _____  
[23:54:9]   / /\  /\ \  / /_\ \  / /\ \ / / / /__/ / / /_\ \ 
[23:54:9]  / / / / / / / ___  / / /  \ | /  \_  __/ / ___  / 
[23:54:9] /_/ /_/ /_/ /_/  /_/ /_/    \_/    /_/   /_/  /_/  
[23:54:9]                                                   
[23:54:9] Version 0.11
[23:54:9] 
[23:54:9] Startup program, please wait...
[23:54:9] Pronounce: Приветствую вас, Славик
[23:54:12] Pronounce: Вы можете спросить меня о чём-нибудь
[23:54:18] Recognized text: музыка
[23:54:21] Pronounce: Включаю музыку
[23:54:28] Error: Can't recognize command
[23:54:39] Error: Can't recognize command
[23:54:42] Error: Can't recognize command
[23:54:44] Recognized text: погода
[23:54:44] Pronounce: 13 градусов по цельсию, Облачно
[23:54:53] Recognized text: время
[23:54:53] Pronounce: Сейчас 23:54:53
[23:55:43] Recognized text: музыка
[23:55:45] Pronounce: Включаю музыку
[23:55:58] Recognized text: спасибо
[23:55:58] Pronounce: Пожалуйста
[23:56:19] Error: Can't recognize command
[23:56:35] 
New loading... Time of load: 23:56:35 

[23:56:35]    ___  ___    _____    ____   __  __   __  _____  
[23:56:35]   / /\  /\ \  / /_\ \  / /\ \ / / / /__/ / / /_\ \ 
[23:56:35]  / / / / / / / ___  / / /  \ | /  \_  __/ / ___  / 
[23:56:35] /_/ /_/ /_/ /_/  /_/ /_/    \_/    /_/   /_/  /_/  
[23:56:35]                                                   
[23:56:35] Version 0.11
[23:56:35] 
[23:56:35] Startup program, please wait...
[23:56:35] Pronounce: Приветствую вас, Славик
[23:56:38] Pronounce: Ожидаю ваших команд
[23:56:48] Error: Can't recognize command
[23:57:1] Recognized text: погода
[23:57:1] Pronounce: 13 градусов по цельсию, Облачно
[23:57:14] Recognized text: включи музыку
[23:57:16] Pronounce: Включаю музыку
[23:57:38] Recognized text: включи музыку включи музыку
[23:58:30] 
New loading... Time of load: 23:58:30 

[23:58:30]    ___  ___    _____    ____   __  __   __  _____  
[23:58:30]   / /\  /\ \  / /_\ \  / /\ \ / / / /__/ / / /_\ \ 
[23:58:30]  / / / / / / / ___  / / /  \ | /  \_  __/ / ___  / 
[23:58:30] /_/ /_/ /_/ /_/  /_/ /_/    \_/    /_/   /_/  /_/  
[23:58:30]                                                   
[23:58:30] Version 0.11
[23:58:30] 
[23:58:30] Startup program, please wait...
[23:58:30] Pronounce: Приветствую вас, Славик
[23:58:32] Pronounce: Ожидаю ваших команд
[23:58:41] Recognized text: включи музыку
[23:58:44] Pronounce: Включаю музыку
[23:58:53] Recognized text: скажи-ка
[23:58:53] Pronounce: Команда не была распознана
[23:59:1] Recognized text: включи музыку
[23:59:3] Pronounce: Включаю музыку
