[23:44:37] 
New loading... Time of load: 23:44:37 

[23:44:37]    ___  ___    _____    ____   __  __   __  _____  
[23:44:37]   / /\  /\ \  / /_\ \  / /\ \ / / / /__/ / / /_\ \ 
[23:44:37]  / / / / / / / ___  / / /  \ | /  \_  __/ / ___  / 
[23:44:37] /_/ /_/ /_/ /_/  /_/ /_/    \_/    /_/   /_/  /_/  
[23:44:37]                                                   
[23:44:37] Version 0.11
[23:44:37] 
[23:44:37] Startup program, please wait...
[23:44:40] Pronounce: Приветствую вас, Незнакомец
[23:44:43] Pronounce: Чем я могу вам помочь?
[23:47:40] 
New loading... Time of load: 23:47:40 

[23:47:40]    ___  ___    _____    ____   __  __   __  _____  
[23:47:40]   / /\  /\ \  / /_\ \  / /\ \ / / / /__/ / / /_\ \ 
[23:47:40]  / / / / / / / ___  / / /  \ | /  \_  __/ / ___  / 
[23:47:40] /_/ /_/ /_/ /_/  /_/ /_/    \_/    /_/   /_/  /_/  
[23:47:40]                                                   
[23:47:40] Version 0.11
[23:47:40] 
[23:47:40] Startup program, please wait...
[23:47:41] Pronounce: Приветствую вас, Незнакомец
[23:47:44] Pronounce: Чем я могу вам помочь?
[23:47:55] Error: Can't recognize command
[23:48:18] Recognized text: стань жабой
[23:48:18] Pronounce: Команда не была распознана
[23:53:17] 
New loading... Time of load: 23:53:17 

[23:53:17]    ___  ___    _____    ____   __  __   __  _____  
[23:53:17]   / /\  /\ \  / /_\ \  / /\ \ / / / /__/ / / /_\ \ 
[23:53:17]  / / / / / / / ___  / / /  \ | /  \_  __/ / ___  / 
[23:53:17] /_/ /_/ /_/ /_/  /_/ /_/    \_/    /_/   /_/  /_/  
[23:53:17]                                                   
[23:53:17] Version 0.11
[23:53:17] 
[23:53:17] Startup program, please wait...
[23:53:18] Pronounce: Приветствую вас, Незнакомец
[23:53:21] Pronounce: Чем я могу вам помочь?
[23:53:27] Recognized text: какая сейчас погода
[23:53:48] Pronounce: 1 градусов по цельсию, Облачно
[23:55:45] 
New loading... Time of load: 23:55:45 

[23:55:45]    ___  ___    _____    ____   __  __   __  _____  
[23:55:45]   / /\  /\ \  / /_\ \  / /\ \ / / / /__/ / / /_\ \ 
[23:55:45]  / / / / / / / ___  / / /  \ | /  \_  __/ / ___  / 
[23:55:45] /_/ /_/ /_/ /_/  /_/ /_/    \_/    /_/   /_/  /_/  
[23:55:45]                                                   
[23:55:45] Version 0.11
[23:55:45] 
[23:55:45] Startup program, please wait...
[23:55:46] Pronounce: Приветствую вас, Незнакомец
[23:55:49] Pronounce: Чем я могу вам помочь?
[23:55:58] Recognized text: включи музыку despacito
[23:56:2] Pronounce: Включаю музыку
[23:56:9] Recognized text: какая сейчас погода
[23:56:31] Pronounce: 1 градусов по цельсию, Облачно
[23:58:44] 
New loading... Time of load: 23:58:44 

[23:58:44]    ___  ___    _____    ____   __  __   __  _____  
[23:58:44]   / /\  /\ \  / /_\ \  / /\ \ / / / /__/ / / /_\ \ 
[23:58:44]  / / / / / / / ___  / / /  \ | /  \_  __/ / ___  / 
[23:58:44] /_/ /_/ /_/ /_/  /_/ /_/    \_/    /_/   /_/  /_/  
[23:58:44]                                                   
[23:58:44] Version 0.11
[23:58:44] 
[23:58:44] Startup program, please wait...
[23:58:46] Pronounce: Приветствую вас, Незнакомец
[23:58:49] Pronounce: Чем я могу вам помочь?
[23:58:58] Recognized text: переведи на английский привет я жаба
[23:58:59] Pronounce: hi i toad
[23:59:4] Error: Can't recognize command
[23:59:10] 
New loading... Time of load: 23:59:10 

[23:59:10]    ___  ___    _____    ____   __  __   __  _____  
[23:59:10]   / /\  /\ \  / /_\ \  / /\ \ / / / /__/ / / /_\ \ 
[23:59:10]  / / / / / / / ___  / / /  \ | /  \_  __/ / ___  / 
[23:59:10] /_/ /_/ /_/ /_/  /_/ /_/    \_/    /_/   /_/  /_/  
[23:59:10]                                                   
[23:59:10] Version 0.11
[23:59:10] 
[23:59:10] Startup program, please wait...
[23:59:11] Pronounce: Приветствую вас, Незнакомец
[23:59:14] Pronounce: Чем я могу вам помочь?
[23:59:20] Recognized text: кто такая жаба
