[0:0:25] 
New loading... Time of load: 0:0:25 

[0:0:25]    ___  ___    _____    ____   __  __   __  _____  
[0:0:25]   / /\  /\ \  / /_\ \  / /\ \ / / / /__/ / / /_\ \ 
[0:0:25]  / / / / / / / ___  / / /  \ | /  \_  __/ / ___  / 
[0:0:25] /_/ /_/ /_/ /_/  /_/ /_/    \_/    /_/   /_/  /_/  
[0:0:25]                                                   
[0:0:25] Version 0.11
[0:0:25] 
[0:0:25] Startup program, please wait...
[0:0:25] Pronounce: Приветствую вас, Славик
[0:0:28] Pronounce: Вы можете спросить меня о чём-нибудь
[0:0:37] Recognized text: включи музыку
[0:0:40] Pronounce: Включаю музыку
[0:0:51] Recognized text: включи музыку
[0:0:53] Pronounce: Включаю музыку
[0:1:2] Recognized text: включи музыку
[0:1:4] Pronounce: Включаю музыку
[0:2:10] 
New loading... Time of load: 0:2:10 

[0:2:10]    ___  ___    _____    ____   __  __   __  _____  
[0:2:10]   / /\  /\ \  / /_\ \  / /\ \ / / / /__/ / / /_\ \ 
[0:2:10]  / / / / / / / ___  / / /  \ | /  \_  __/ / ___  / 
[0:2:10] /_/ /_/ /_/ /_/  /_/ /_/    \_/    /_/   /_/  /_/  
[0:2:10]                                                   
[0:2:10] Version 0.11
[0:2:10] 
[0:2:10] Startup program, please wait...
[0:2:10] Pronounce: Приветствую вас, Славик
[0:2:13] Pronounce: Ожидаю ваших команд
[0:2:19] Recognized text: что ты умеешь
[0:2:19] Pronounce: Вот список того что я умею: 

[0:2:28] Recognized text: музыка
[0:2:31] Pronounce: Включаю музыку
[0:4:0] Error: Can't recognize command
[0:4:2] Error: Can't recognize command
[0:4:13] Error: Can't recognize command
[0:4:18] Error: Can't recognize command
[0:4:30] Error: Can't recognize command
[0:4:33] Error: Can't recognize command
[0:4:42] Error: Can't recognize command
[0:4:47] Error: Can't recognize command
[0:4:54] Error: Can't recognize command
[0:5:8] Error: Can't recognize command
[0:5:42] 
New loading... Time of load: 0:5:42 

[0:5:42]    ___  ___    _____    ____   __  __   __  _____  
[0:5:42]   / /\  /\ \  / /_\ \  / /\ \ / / / /__/ / / /_\ \ 
[0:5:42]  / / / / / / / ___  / / /  \ | /  \_  __/ / ___  / 
[0:5:42] /_/ /_/ /_/ /_/  /_/ /_/    \_/    /_/   /_/  /_/  
[0:5:42]                                                   
[0:5:42] Version 0.11
[0:5:42] 
[0:5:42] Startup program, please wait...
[0:5:42] Pronounce: Приветствую вас, Славик
[0:5:45] Pronounce: Ожидаю ваших команд
[0:5:51] Recognized text: музыка
[0:5:54] Pronounce: Включаю музыку
[0:12:18] 
New loading... Time of load: 0:12:18 

[0:12:18]    ___  ___    _____    ____   __  __   __  _____  
[0:12:18]   / /\  /\ \  / /_\ \  / /\ \ / / / /__/ / / /_\ \ 
[0:12:18]  / / / / / / / ___  / / /  \ | /  \_  __/ / ___  / 
[0:12:18] /_/ /_/ /_/ /_/  /_/ /_/    \_/    /_/   /_/  /_/  
[0:12:18]                                                   
[0:12:18] Version 0.11
[0:12:18] 
[0:12:18] Startup program, please wait...
[0:12:18] Pronounce: Приветствую вас, Славик
[0:12:20] Pronounce: Вы можете спросить меня о чём-нибудь
[0:12:29] Recognized text: музыка
[0:12:32] Pronounce: Включаю музыку
[0:13:0] Recognized text: музыка музыка
[0:13:0] Pronounce: Я не нашла музыку с таким названием
[0:13:9] Recognized text: музыка
[0:13:12] Pronounce: Включаю музыку
[0:13:19] Error: Can't recognize command
[0:14:2] Error: Can't recognize command
[0:14:48] 
New loading... Time of load: 0:14:48 

[0:14:48]    ___  ___    _____    ____   __  __   __  _____  
[0:14:48]   / /\  /\ \  / /_\ \  / /\ \ / / / /__/ / / /_\ \ 
[0:14:48]  / / / / / / / ___  / / /  \ | /  \_  __/ / ___  / 
[0:14:48] /_/ /_/ /_/ /_/  /_/ /_/    \_/    /_/   /_/  /_/  
[0:14:48]                                                   
[0:14:48] Version 0.11
[0:14:48] 
[0:14:48] Startup program, please wait...
[0:14:48] Pronounce: Приветствую вас, Славик
[0:14:50] Pronounce: Ожидаю ваших команд
[0:15:2] Recognized text: музыка
[0:15:43] 
New loading... Time of load: 0:15:43 

[0:15:43]    ___  ___    _____    ____   __  __   __  _____  
[0:15:43]   / /\  /\ \  / /_\ \  / /\ \ / / / /__/ / / /_\ \ 
[0:15:43]  / / / / / / / ___  / / /  \ | /  \_  __/ / ___  / 
[0:15:43] /_/ /_/ /_/ /_/  /_/ /_/    \_/    /_/   /_/  /_/  
[0:15:43]                                                   
[0:15:43] Version 0.11
[0:15:43] 
[0:15:43] Startup program, please wait...
[0:15:43] Pronounce: Приветствую вас, Славик
[0:15:46] Pronounce: Вы можете спросить меня о чём-нибудь
[0:15:59] Error: Can't recognize command
[0:16:2] Error: Can't recognize command
[0:16:17] Recognized text: музыка
[0:16:19] Pronounce: Включаю музыку
[0:17:14] 
New loading... Time of load: 0:17:14 

[0:17:14]    ___  ___    _____    ____   __  __   __  _____  
[0:17:14]   / /\  /\ \  / /_\ \  / /\ \ / / / /__/ / / /_\ \ 
[0:17:14]  / / / / / / / ___  / / /  \ | /  \_  __/ / ___  / 
[0:17:14] /_/ /_/ /_/ /_/  /_/ /_/    \_/    /_/   /_/  /_/  
[0:17:14]                                                   
[0:17:14] Version 0.11
[0:17:14] 
[0:17:14] Startup program, please wait...
[0:17:14] Pronounce: Приветствую вас, Славик
[0:17:17] Pronounce: Чем я могу вам помочь?
[0:17:26] Recognized text: включи музыку
[0:17:27] Pronounce: Включаю музыку
[0:19:23] 
New loading... Time of load: 0:19:23 

[0:19:23]    ___  ___    _____    ____   __  __   __  _____  
[0:19:23]   / /\  /\ \  / /_\ \  / /\ \ / / / /__/ / / /_\ \ 
[0:19:23]  / / / / / / / ___  / / /  \ | /  \_  __/ / ___  / 
[0:19:23] /_/ /_/ /_/ /_/  /_/ /_/    \_/    /_/   /_/  /_/  
[0:19:23]                                                   
[0:19:23] Version 0.11
[0:19:23] 
[0:19:23] Startup program, please wait...
[0:19:23] Pronounce: Приветствую вас, Славик
[0:19:26] Pronounce: Чем я могу вам помочь?
[0:19:31] Recognized text: включи музыку
[0:19:33] Pronounce: Включаю музыку
[0:25:9] 
New loading... Time of load: 0:25:9 

[0:25:9]    ___  ___    _____    ____   __  __   __  _____  
[0:25:9]   / /\  /\ \  / /_\ \  / /\ \ / / / /__/ / / /_\ \ 
[0:25:9]  / / / / / / / ___  / / /  \ | /  \_  __/ / ___  / 
[0:25:9] /_/ /_/ /_/ /_/  /_/ /_/    \_/    /_/   /_/  /_/  
[0:25:9]                                                   
[0:25:9] Version 0.11
[0:25:9] 
[0:25:9] Startup program, please wait...
[0:25:9] Pronounce: Приветствую вас, Славик
[0:25:12] Pronounce: Вы можете спросить меня о чём-нибудь
[0:25:17] Error: Can't recognize command
[0:26:10] 
New loading... Time of load: 0:26:10 

[0:26:10]    ___  ___    _____    ____   __  __   __  _____  
[0:26:10]   / /\  /\ \  / /_\ \  / /\ \ / / / /__/ / / /_\ \ 
[0:26:10]  / / / / / / / ___  / / /  \ | /  \_  __/ / ___  / 
[0:26:10] /_/ /_/ /_/ /_/  /_/ /_/    \_/    /_/   /_/  /_/  
[0:26:10]                                                   
[0:26:10] Version 0.11
[0:26:10] 
[0:26:10] Startup program, please wait...
[0:26:10] Pronounce: Приветствую вас, Славик
[0:26:12] Pronounce: Чем я могу вам помочь?
[0:26:19] Recognized text: включи музыку
[0:27:40] 
New loading... Time of load: 0:27:40 

[0:27:40]    ___  ___    _____    ____   __  __   __  _____  
[0:27:40]   / /\  /\ \  / /_\ \  / /\ \ / / / /__/ / / /_\ \ 
[0:27:40]  / / / / / / / ___  / / /  \ | /  \_  __/ / ___  / 
[0:27:40] /_/ /_/ /_/ /_/  /_/ /_/    \_/    /_/   /_/  /_/  
[0:27:40]                                                   
[0:27:40] Version 0.11
[0:27:40] 
[0:27:40] Startup program, please wait...
[0:27:40] Pronounce: Приветствую вас, Славик
[0:27:42] Pronounce: Ожидаю ваших команд
[0:27:48] Recognized text: музыка
[0:28:47] 
New loading... Time of load: 0:28:47 

[0:28:47]    ___  ___    _____    ____   __  __   __  _____  
[0:28:47]   / /\  /\ \  / /_\ \  / /\ \ / / / /__/ / / /_\ \ 
[0:28:47]  / / / / / / / ___  / / /  \ | /  \_  __/ / ___  / 
[0:28:47] /_/ /_/ /_/ /_/  /_/ /_/    \_/    /_/   /_/  /_/  
[0:28:47]                                                   
[0:28:47] Version 0.11
[0:28:47] 
[0:28:47] Startup program, please wait...
[0:28:47] Pronounce: Приветствую вас, Славик
[0:28:50] Pronounce: Вы можете спросить меня о чём-нибудь
[0:29:0] Recognized text: включи музыку
[0:29:3] Pronounce: Включаю музыку
[0:29:8] Error: Can't recognize command
[0:29:15] Error: Can't recognize command
[0:29:27] Error: Can't recognize command
[1:1:43] 
New loading... Time of load: 1:1:43 

[1:1:43]    ___  ___    _____    ____   __  __   __  _____  
[1:1:43]   / /\  /\ \  / /_\ \  / /\ \ / / / /__/ / / /_\ \ 
[1:1:43]  / / / / / / / ___  / / /  \ | /  \_  __/ / ___  / 
[1:1:43] /_/ /_/ /_/ /_/  /_/ /_/    \_/    /_/   /_/  /_/  
[1:1:43]                                                   
[1:1:43] Version 0.11
[1:1:43] 
[1:1:43] Startup program, please wait...
[1:1:43] Pronounce: Приветствую вас, Славик
[1:1:46] Pronounce: Чем я могу вам помочь?
[1:1:53] Recognized text: включи музыку despacito
[1:2:36] 
New loading... Time of load: 1:2:36 

[1:2:36]    ___  ___    _____    ____   __  __   __  _____  
[1:2:36]   / /\  /\ \  / /_\ \  / /\ \ / / / /__/ / / /_\ \ 
[1:2:36]  / / / / / / / ___  / / /  \ | /  \_  __/ / ___  / 
[1:2:36] /_/ /_/ /_/ /_/  /_/ /_/    \_/    /_/   /_/  /_/  
[1:2:36]                                                   
[1:2:36] Version 0.11
[1:2:36] 
[1:2:36] Startup program, please wait...
[1:2:36] Pronounce: Приветствую вас, Славик
[1:2:39] Pronounce: Чем я могу вам помочь?
[1:2:45] Recognized text: включи музыку despacito
[1:3:40] 
New loading... Time of load: 1:3:40 

[1:3:40]    ___  ___    _____    ____   __  __   __  _____  
[1:3:40]   / /\  /\ \  / /_\ \  / /\ \ / / / /__/ / / /_\ \ 
[1:3:40]  / / / / / / / ___  / / /  \ | /  \_  __/ / ___  / 
[1:3:40] /_/ /_/ /_/ /_/  /_/ /_/    \_/    /_/   /_/  /_/  
[1:3:40]                                                   
[1:3:40] Version 0.11
[1:3:40] 
[1:3:40] Startup program, please wait...
[1:3:40] Pronounce: Приветствую вас, Славик
[1:3:43] Pronounce: Чем я могу вам помочь?
[1:3:49] Recognized text: включи музыку despacito
[1:3:49] Pronounce: Включаю музыку
[1:3:54] Error: Can't recognize command
[1:4:1] Error: Can't recognize command
[1:4:32] Error: Can't recognize command
[1:4:35] Error: Can't recognize command
[1:4:43] Error: Can't recognize command
[1:5:50] 
New loading... Time of load: 1:5:50 

[1:5:50]    ___  ___    _____    ____   __  __   __  _____  
[1:5:50]   / /\  /\ \  / /_\ \  / /\ \ / / / /__/ / / /_\ \ 
[1:5:50]  / / / / / / / ___  / / /  \ | /  \_  __/ / ___  / 
[1:5:50] /_/ /_/ /_/ /_/  /_/ /_/    \_/    /_/   /_/  /_/  
[1:5:50]                                                   
[1:5:50] Version 0.11
[1:5:50] 
[1:5:50] Startup program, please wait...
[1:5:50] Pronounce: Приветствую вас, Славик
[1:5:53] Pronounce: Ожидаю ваших команд
[1:6:1] Recognized text: что ты умеешь
[1:6:1] Pronounce: Вот список того что я умею: 

[1:6:9] Error: Can't recognize command
[1:6:13] Error: Can't recognize command
[1:6:15] Error: Can't recognize command
[1:6:34] Error: Can't recognize command
[1:7:15] Error: Can't recognize command
[1:7:40] Recognized text: погода
[1:7:41] Pronounce: 13 градусов по цельсию, Облачно
[1:8:23] Error: Can't recognize command
