[17:28:23] 
New loading... Time of load: 17:28:23 

[17:28:23]    ___  ___    _____    ____   __  __   __  _____  
[17:28:23]   / /\  /\ \  / /_\ \  / /\ \ / / / /__/ / / /_\ \ 
[17:28:23]  / / / / / / / ___  / / /  \ | /  \_  __/ / ___  / 
[17:28:23] /_/ /_/ /_/ /_/  /_/ /_/    \_/    /_/   /_/  /_/  
[17:28:23]                                                   
[17:28:23] Version 0.11
[17:28:23] 
[17:28:23] Startup program, please wait...
[17:28:23] Pronounce: Приветствую вас, Славик
[17:28:26] Pronounce: Вы можете спросить меня о чём-нибудь
[17:42:57] 
New loading... Time of load: 17:42:57 

[17:42:57]    ___  ___    _____    ____   __  __   __  _____  
[17:42:57]   / /\  /\ \  / /_\ \  / /\ \ / / / /__/ / / /_\ \ 
[17:42:57]  / / / / / / / ___  / / /  \ | /  \_  __/ / ___  / 
[17:42:57] /_/ /_/ /_/ /_/  /_/ /_/    \_/    /_/   /_/  /_/  
[17:42:57]                                                   
[17:42:57] Version 0.11
[17:42:57] 
[17:42:57] Startup program, please wait...
[17:42:57] Pronounce: Приветствую вас, Славик
[17:43:0] Pronounce: Ожидаю ваших команд
[17:45:17] 
New loading... Time of load: 17:45:17 

[17:45:17]    ___  ___    _____    ____   __  __   __  _____  
[17:45:17]   / /\  /\ \  / /_\ \  / /\ \ / / / /__/ / / /_\ \ 
[17:45:17]  / / / / / / / ___  / / /  \ | /  \_  __/ / ___  / 
[17:45:17] /_/ /_/ /_/ /_/  /_/ /_/    \_/    /_/   /_/  /_/  
[17:45:17]                                                   
[17:45:17] Version 0.11
[17:45:17] 
[17:45:17] Startup program, please wait...
[17:45:17] Pronounce: Приветствую вас, Славик
[17:45:20] Pronounce: Ожидаю ваших команд
[17:45:58] 
New loading... Time of load: 17:45:58 

[17:45:58]    ___  ___    _____    ____   __  __   __  _____  
[17:45:58]   / /\  /\ \  / /_\ \  / /\ \ / / / /__/ / / /_\ \ 
[17:45:58]  / / / / / / / ___  / / /  \ | /  \_  __/ / ___  / 
[17:45:58] /_/ /_/ /_/ /_/  /_/ /_/    \_/    /_/   /_/  /_/  
[17:45:58]                                                   
[17:45:58] Version 0.11
[17:45:58] 
[17:45:58] Startup program, please wait...
[17:45:58] Pronounce: Приветствую вас, Славик
[17:46:1] Pronounce: Чем я могу вам помочь?
[17:46:36] 
New loading... Time of load: 17:46:36 

[17:46:36]    ___  ___    _____    ____   __  __   __  _____  
[17:46:36]   / /\  /\ \  / /_\ \  / /\ \ / / / /__/ / / /_\ \ 
[17:46:36]  / / / / / / / ___  / / /  \ | /  \_  __/ / ___  / 
[17:46:36] /_/ /_/ /_/ /_/  /_/ /_/    \_/    /_/   /_/  /_/  
[17:46:36]                                                   
[17:46:36] Version 0.11
[17:46:36] 
[17:46:36] Startup program, please wait...
[17:46:36] Pronounce: Приветствую вас, Славик
[17:46:38] Pronounce: Вы можете спросить меня о чём-нибудь
[17:47:31] 
New loading... Time of load: 17:47:31 

[17:47:31]    ___  ___    _____    ____   __  __   __  _____  
[17:47:31]   / /\  /\ \  / /_\ \  / /\ \ / / / /__/ / / /_\ \ 
[17:47:31]  / / / / / / / ___  / / /  \ | /  \_  __/ / ___  / 
[17:47:31] /_/ /_/ /_/ /_/  /_/ /_/    \_/    /_/   /_/  /_/  
[17:47:31]                                                   
[17:47:31] Version 0.11
[17:47:31] 
[17:47:31] Startup program, please wait...
[17:47:31] Pronounce: Приветствую вас, Славик
[17:47:33] Pronounce: Чем я могу вам помочь?
[17:47:56] 
New loading... Time of load: 17:47:56 

[17:47:56]    ___  ___    _____    ____   __  __   __  _____  
[17:47:56]   / /\  /\ \  / /_\ \  / /\ \ / / / /__/ / / /_\ \ 
[17:47:56]  / / / / / / / ___  / / /  \ | /  \_  __/ / ___  / 
[17:47:56] /_/ /_/ /_/ /_/  /_/ /_/    \_/    /_/   /_/  /_/  
[17:47:56]                                                   
[17:47:56] Version 0.11
[17:47:56] 
[17:47:56] Startup program, please wait...
[17:47:56] Pronounce: Приветствую вас, Славик
[17:47:58] Pronounce: Ожидаю ваших команд
[17:49:9] 
New loading... Time of load: 17:49:9 

[17:49:9]    ___  ___    _____    ____   __  __   __  _____  
[17:49:9]   / /\  /\ \  / /_\ \  / /\ \ / / / /__/ / / /_\ \ 
[17:49:9]  / / / / / / / ___  / / /  \ | /  \_  __/ / ___  / 
[17:49:9] /_/ /_/ /_/ /_/  /_/ /_/    \_/    /_/   /_/  /_/  
[17:49:9]                                                   
[17:49:9] Version 0.11
[17:49:9] 
[17:49:9] Startup program, please wait...
[17:49:9] Pronounce: Приветствую вас, Славик
[17:49:12] Pronounce: Вы можете спросить меня о чём-нибудь
[17:49:36] Error: Can't recognize command
[17:49:59] Error: Can't recognize command
[17:50:13] Error: Can't recognize command
[17:50:49] Recognized text: компания
[17:50:49] Pronounce: Команда не была распознана
[17:51:25] Recognized text: ней ночь
[17:51:25] Pronounce: Команда не была распознана
[17:51:35] Error: Can't recognize command
[17:51:43] Error: Can't recognize command
[17:52:3] Recognized text: привет
[17:52:3] Pronounce: Халоу
[17:52:20] Error: Can't recognize command
[17:52:26] Error: Can't recognize command
[17:52:30] Error: Can't recognize command
[17:52:33] Error: Can't recognize command
[18:33:28] 
New loading... Time of load: 18:33:28 

[18:33:28]    ___  ___    _____    ____   __  __   __  _____  
[18:33:28]   / /\  /\ \  / /_\ \  / /\ \ / / / /__/ / / /_\ \ 
[18:33:28]  / / / / / / / ___  / / /  \ | /  \_  __/ / ___  / 
[18:33:28] /_/ /_/ /_/ /_/  /_/ /_/    \_/    /_/   /_/  /_/  
[18:33:28]                                                   
[18:33:28] Version 0.11
[18:33:28] 
[18:33:28] Startup program, please wait...
[18:33:28] Pronounce: Приветствую вас, Славик
[18:35:41] 
New loading... Time of load: 18:35:41 

[18:35:41]    ___  ___    _____    ____   __  __   __  _____  
[18:35:41]   / /\  /\ \  / /_\ \  / /\ \ / / / /__/ / / /_\ \ 
[18:35:41]  / / / / / / / ___  / / /  \ | /  \_  __/ / ___  / 
[18:35:41] /_/ /_/ /_/ /_/  /_/ /_/    \_/    /_/   /_/  /_/  
[18:35:41]                                                   
[18:35:41] Version 0.11
[18:35:41] 
[18:35:41] Startup program, please wait...
[18:35:41] Pronounce: Приветствую вас, Славик
[18:35:44] Pronounce: Чем я могу вам помочь?
[18:35:50] Recognized text: что ты умеешь
[18:35:50] Pronounce: Вот что я умею: 

[18:35:56] Recognized text: что ты умеешь
[18:35:56] Pronounce: Вот что я умею: 

[18:36:4] Recognized text: погода
[18:36:4] Pronounce: 18 градусов по цельсию, Облачно
[18:36:20] Recognized text: спасибо
[18:36:20] Pronounce: Пожалуйста
[19:35:1] 
New loading... Time of load: 19:35:1 

[19:35:1]    ___  ___    _____    ____   __  __   __  _____  
[19:35:1]   / /\  /\ \  / /_\ \  / /\ \ / / / /__/ / / /_\ \ 
[19:35:1]  / / / / / / / ___  / / /  \ | /  \_  __/ / ___  / 
[19:35:1] /_/ /_/ /_/ /_/  /_/ /_/    \_/    /_/   /_/  /_/  
[19:35:1]                                                   
[19:35:1] Version 0.11
[19:35:1] 
[19:35:1] Startup program, please wait...
[19:35:1] Pronounce: Приветствую вас, Славик
[19:35:4] Pronounce: Чем я могу вам помочь?
[19:35:44] 
New loading... Time of load: 19:35:44 

[19:35:44]    ___  ___    _____    ____   __  __   __  _____  
[19:35:44]   / /\  /\ \  / /_\ \  / /\ \ / / / /__/ / / /_\ \ 
[19:35:44]  / / / / / / / ___  / / /  \ | /  \_  __/ / ___  / 
[19:35:44] /_/ /_/ /_/ /_/  /_/ /_/    \_/    /_/   /_/  /_/  
[19:35:44]                                                   
[19:35:44] Version 0.11
[19:35:44] 
[19:35:44] Startup program, please wait...
[19:35:44] Pronounce: Приветствую вас, Славик
[19:35:47] Pronounce: Вы можете спросить меня о чём-нибудь
[19:35:56] Error: Can't recognize command
[19:37:16] 
New loading... Time of load: 19:37:16 

[19:37:16]    ___  ___    _____    ____   __  __   __  _____  
[19:37:16]   / /\  /\ \  / /_\ \  / /\ \ / / / /__/ / / /_\ \ 
[19:37:16]  / / / / / / / ___  / / /  \ | /  \_  __/ / ___  / 
[19:37:16] /_/ /_/ /_/ /_/  /_/ /_/    \_/    /_/   /_/  /_/  
[19:37:16]                                                   
[19:37:16] Version 0.11
[19:37:16] 
[19:37:16] Startup program, please wait...
[19:37:16] Pronounce: Приветствую вас, Славик
[19:37:19] Pronounce: Ожидаю ваших команд
[19:37:32] Error: Can't recognize command
[19:37:35] Error: Can't recognize command
[19:37:41] Error: Can't recognize command
[19:38:15] Error: Can't recognize command
[19:38:37] Error: Can't recognize command
[19:38:54] Error: Can't recognize command
[19:39:8] Error: Can't recognize command
[19:39:20] Error: Can't recognize command
[19:40:22] Error: Can't recognize command
[19:40:25] Error: Can't recognize command
[19:40:27] Error: Can't recognize command
[19:41:21] Error: Can't recognize command
[19:41:48] 
New loading... Time of load: 19:41:48 

[19:41:48]    ___  ___    _____    ____   __  __   __  _____  
[19:41:48]   / /\  /\ \  / /_\ \  / /\ \ / / / /__/ / / /_\ \ 
[19:41:48]  / / / / / / / ___  / / /  \ | /  \_  __/ / ___  / 
[19:41:48] /_/ /_/ /_/ /_/  /_/ /_/    \_/    /_/   /_/  /_/  
[19:41:48]                                                   
[19:41:48] Version 0.11
[19:41:48] 
[19:41:48] Startup program, please wait...
[19:41:48] Pronounce: Приветствую вас, Славик
[19:41:51] Pronounce: Чем я могу вам помочь?
[19:42:10] 
New loading... Time of load: 19:42:10 

[19:42:10]    ___  ___    _____    ____   __  __   __  _____  
[19:42:10]   / /\  /\ \  / /_\ \  / /\ \ / / / /__/ / / /_\ \ 
[19:42:10]  / / / / / / / ___  / / /  \ | /  \_  __/ / ___  / 
[19:42:10] /_/ /_/ /_/ /_/  /_/ /_/    \_/    /_/   /_/  /_/  
[19:42:10]                                                   
[19:42:10] Version 0.11
[19:42:10] 
[19:42:10] Startup program, please wait...
[19:42:10] Pronounce: Приветствую вас, Славик
[19:42:13] Pronounce: Вы можете спросить меня о чём-нибудь
[19:42:33] 
New loading... Time of load: 19:42:33 

[19:42:33]    ___  ___    _____    ____   __  __   __  _____  
[19:42:33]   / /\  /\ \  / /_\ \  / /\ \ / / / /__/ / / /_\ \ 
[19:42:33]  / / / / / / / ___  / / /  \ | /  \_  __/ / ___  / 
[19:42:33] /_/ /_/ /_/ /_/  /_/ /_/    \_/    /_/   /_/  /_/  
[19:42:33]                                                   
[19:42:33] Version 0.11
[19:42:33] 
[19:42:33] Startup program, please wait...
[19:42:33] Pronounce: Приветствую вас, Славик
[19:42:36] Pronounce: Чем я могу вам помочь?
[19:43:42] 
New loading... Time of load: 19:43:42 

[19:43:42]    ___  ___    _____    ____   __  __   __  _____  
[19:43:42]   / /\  /\ \  / /_\ \  / /\ \ / / / /__/ / / /_\ \ 
[19:43:42]  / / / / / / / ___  / / /  \ | /  \_  __/ / ___  / 
[19:43:42] /_/ /_/ /_/ /_/  /_/ /_/    \_/    /_/   /_/  /_/  
[19:43:42]                                                   
[19:43:42] Version 0.11
[19:43:42] 
[19:43:42] Startup program, please wait...
[19:43:42] Pronounce: Приветствую вас, Славик
[19:43:45] Pronounce: Чем я могу вам помочь?
[19:44:22] 
New loading... Time of load: 19:44:22 

[19:44:22]    ___  ___    _____    ____   __  __   __  _____  
[19:44:22]   / /\  /\ \  / /_\ \  / /\ \ / / / /__/ / / /_\ \ 
[19:44:22]  / / / / / / / ___  / / /  \ | /  \_  __/ / ___  / 
[19:44:22] /_/ /_/ /_/ /_/  /_/ /_/    \_/    /_/   /_/  /_/  
[19:44:22]                                                   
[19:44:22] Version 0.11
[19:44:22] 
[19:44:22] Startup program, please wait...
[19:44:22] Pronounce: Приветствую вас, Славик
[19:44:24] Pronounce: Чем я могу вам помочь?
[19:46:9] 
New loading... Time of load: 19:46:9 

[19:46:9]    ___  ___    _____    ____   __  __   __  _____  
[19:46:9]   / /\  /\ \  / /_\ \  / /\ \ / / / /__/ / / /_\ \ 
[19:46:9]  / / / / / / / ___  / / /  \ | /  \_  __/ / ___  / 
[19:46:9] /_/ /_/ /_/ /_/  /_/ /_/    \_/    /_/   /_/  /_/  
[19:46:9]                                                   
[19:46:9] Version 0.11
[19:46:9] 
[19:46:9] Startup program, please wait...
[19:46:9] Pronounce: Приветствую вас, Славик
[19:46:11] Pronounce: Ожидаю ваших команд
[19:46:17] Error: Can't recognize command
[19:47:24] 
New loading... Time of load: 19:47:24 

[19:47:24]    ___  ___    _____    ____   __  __   __  _____  
[19:47:24]   / /\  /\ \  / /_\ \  / /\ \ / / / /__/ / / /_\ \ 
[19:47:24]  / / / / / / / ___  / / /  \ | /  \_  __/ / ___  / 
[19:47:24] /_/ /_/ /_/ /_/  /_/ /_/    \_/    /_/   /_/  /_/  
[19:47:24]                                                   
[19:47:24] Version 0.11
[19:47:24] 
[19:47:24] Startup program, please wait...
[19:47:24] Pronounce: Приветствую вас, Славик
[19:47:27] Pronounce: Чем я могу вам помочь?
[20:1:44] 
New loading... Time of load: 20:1:43 

[20:1:44]    ___  ___    _____    ____   __  __   __  _____  
[20:1:44]   / /\  /\ \  / /_\ \  / /\ \ / / / /__/ / / /_\ \ 
[20:1:44]  / / / / / / / ___  / / /  \ | /  \_  __/ / ___  / 
[20:1:44] /_/ /_/ /_/ /_/  /_/ /_/    \_/    /_/   /_/  /_/  
[20:1:44]                                                   
[20:1:44] Version 0.11
[20:1:44] 
[20:1:44] Startup program, please wait...
[20:1:44] Pronounce: Приветствую вас, Славик
[20:1:46] Pronounce: Вы можете спросить меня о чём-нибудь
[20:5:5] 
New loading... Time of load: 20:5:5 

[20:5:5]    ___  ___    _____    ____   __  __   __  _____  
[20:5:5]   / /\  /\ \  / /_\ \  / /\ \ / / / /__/ / / /_\ \ 
[20:5:5]  / / / / / / / ___  / / /  \ | /  \_  __/ / ___  / 
[20:5:5] /_/ /_/ /_/ /_/  /_/ /_/    \_/    /_/   /_/  /_/  
[20:5:5]                                                   
[20:5:5] Version 0.11
[20:5:5] 
[20:5:5] Startup program, please wait...
[20:5:5] Pronounce: Приветствую вас, Славик
[20:5:8] Pronounce: Ожидаю ваших команд
[20:6:44] 
New loading... Time of load: 20:6:44 

[20:6:44]    ___  ___    _____    ____   __  __   __  _____  
[20:6:44]   / /\  /\ \  / /_\ \  / /\ \ / / / /__/ / / /_\ \ 
[20:6:44]  / / / / / / / ___  / / /  \ | /  \_  __/ / ___  / 
[20:6:44] /_/ /_/ /_/ /_/  /_/ /_/    \_/    /_/   /_/  /_/  
[20:6:44]                                                   
[20:6:44] Version 0.11
[20:6:44] 
[20:6:44] Startup program, please wait...
[20:6:44] Pronounce: Приветствую вас, Славик
[20:6:46] Pronounce: Чем я могу вам помочь?
[20:7:40] 
New loading... Time of load: 20:7:40 

[20:7:40]    ___  ___    _____    ____   __  __   __  _____  
[20:7:40]   / /\  /\ \  / /_\ \  / /\ \ / / / /__/ / / /_\ \ 
[20:7:40]  / / / / / / / ___  / / /  \ | /  \_  __/ / ___  / 
[20:7:40] /_/ /_/ /_/ /_/  /_/ /_/    \_/    /_/   /_/  /_/  
[20:7:40]                                                   
[20:7:40] Version 0.11
[20:7:40] 
[20:7:40] Startup program, please wait...
[20:7:40] Pronounce: Приветствую вас, Славик
[20:7:43] Pronounce: Вы можете спросить меня о чём-нибудь
