[20:17:35] 
New loading... Time of load: 20:17:35 

[20:17:35]    ___  ___    _____    ____   __  __   __  _____  
[20:17:35]   / /\  /\ \  / /_\ \  / /\ \ / / / /__/ / / /_\ \ 
[20:17:35]  / / / / / / / ___  / / /  \ | /  \_  __/ / ___  / 
[20:17:35] /_/ /_/ /_/ /_/  /_/ /_/    \_/    /_/   /_/  /_/  
[20:17:35]                                                   
[20:17:35] Version 0.11
[20:17:35] 
[20:17:35] Startup program, please wait...
[20:17:35] Pronounce: Приветствую вас, Славик
[20:17:38] Pronounce: Вы можете спросить меня о чём-нибудь
[21:52:50] 
New loading... Time of load: 21:52:50 

[21:52:50]    ___  ___    _____    ____   __  __   __  _____  
[21:52:50]   / /\  /\ \  / /_\ \  / /\ \ / / / /__/ / / /_\ \ 
[21:52:50]  / / / / / / / ___  / / /  \ | /  \_  __/ / ___  / 
[21:52:50] /_/ /_/ /_/ /_/  /_/ /_/    \_/    /_/   /_/  /_/  
[21:52:50]                                                   
[21:52:50] Version 0.11
[21:52:50] 
[21:52:50] Startup program, please wait...
[21:52:50] Pronounce: Приветствую вас, Славик
[21:53:41] 
New loading... Time of load: 21:53:41 

[21:53:41]    ___  ___    _____    ____   __  __   __  _____  
[21:53:41]   / /\  /\ \  / /_\ \  / /\ \ / / / /__/ / / /_\ \ 
[21:53:41]  / / / / / / / ___  / / /  \ | /  \_  __/ / ___  / 
[21:53:41] /_/ /_/ /_/ /_/  /_/ /_/    \_/    /_/   /_/  /_/  
[21:53:41]                                                   
[21:53:41] Version 0.11
[21:53:41] 
[21:53:41] Startup program, please wait...
[21:53:41] Pronounce: Приветствую вас, Славик
[21:53:43] Pronounce: Вы можете спросить меня о чём-нибудь
[22:17:19] 
New loading... Time of load: 22:17:19 

[22:17:19]    ___  ___    _____    ____   __  __   __  _____  
[22:17:19]   / /\  /\ \  / /_\ \  / /\ \ / / / /__/ / / /_\ \ 
[22:17:19]  / / / / / / / ___  / / /  \ | /  \_  __/ / ___  / 
[22:17:19] /_/ /_/ /_/ /_/  /_/ /_/    \_/    /_/   /_/  /_/  
[22:17:19]                                                   
[22:17:19] Version 0.11
[22:17:19] 
[22:17:19] Startup program, please wait...
[22:17:19] Pronounce: Приветствую вас, Славик
[22:17:22] Pronounce: Вы можете спросить меня о чём-нибудь
[22:17:49] 
New loading... Time of load: 22:17:49 

[22:17:49]    ___  ___    _____    ____   __  __   __  _____  
[22:17:49]   / /\  /\ \  / /_\ \  / /\ \ / / / /__/ / / /_\ \ 
[22:17:49]  / / / / / / / ___  / / /  \ | /  \_  __/ / ___  / 
[22:17:49] /_/ /_/ /_/ /_/  /_/ /_/    \_/    /_/   /_/  /_/  
[22:17:49]                                                   
[22:17:49] Version 0.11
[22:17:49] 
[22:17:49] Startup program, please wait...
[22:17:49] Pronounce: Приветствую вас, Славик
[22:17:52] Pronounce: Вы можете спросить меня о чём-нибудь
[22:17:58] Error: Can't recognize command
[22:18:5] Recognized text: погода
[22:18:6] Pronounce: 17 градусов по цельсию, Облачно
[22:24:7] 
New loading... Time of load: 22:24:7 

[22:24:7]    ___  ___    _____    ____   __  __   __  _____  
[22:24:7]   / /\  /\ \  / /_\ \  / /\ \ / / / /__/ / / /_\ \ 
[22:24:7]  / / / / / / / ___  / / /  \ | /  \_  __/ / ___  / 
[22:24:7] /_/ /_/ /_/ /_/  /_/ /_/    \_/    /_/   /_/  /_/  
[22:24:7]                                                   
[22:24:7] Version 0.11
[22:24:7] 
[22:24:7] Startup program, please wait...
[22:24:7] Pronounce: Приветствую вас, Славик
[22:24:9] Pronounce: Ожидаю ваших команд
[22:24:16] Recognized text: погода
[22:24:47] 
New loading... Time of load: 22:24:47 

[22:24:47]    ___  ___    _____    ____   __  __   __  _____  
[22:24:47]   / /\  /\ \  / /_\ \  / /\ \ / / / /__/ / / /_\ \ 
[22:24:47]  / / / / / / / ___  / / /  \ | /  \_  __/ / ___  / 
[22:24:47] /_/ /_/ /_/ /_/  /_/ /_/    \_/    /_/   /_/  /_/  
[22:24:47]                                                   
[22:24:47] Version 0.11
[22:24:47] 
[22:24:47] Startup program, please wait...
[22:25:26] 
New loading... Time of load: 22:25:26 

[22:25:26]    ___  ___    _____    ____   __  __   __  _____  
[22:25:26]   / /\  /\ \  / /_\ \  / /\ \ / / / /__/ / / /_\ \ 
[22:25:26]  / / / / / / / ___  / / /  \ | /  \_  __/ / ___  / 
[22:25:26] /_/ /_/ /_/ /_/  /_/ /_/    \_/    /_/   /_/  /_/  
[22:25:26]                                                   
[22:25:26] Version 0.11
[22:25:26] 
[22:25:26] Startup program, please wait...
[22:26:46] 
New loading... Time of load: 22:26:46 

[22:26:46]    ___  ___    _____    ____   __  __   __  _____  
[22:26:46]   / /\  /\ \  / /_\ \  / /\ \ / / / /__/ / / /_\ \ 
[22:26:46]  / / / / / / / ___  / / /  \ | /  \_  __/ / ___  / 
[22:26:46] /_/ /_/ /_/ /_/  /_/ /_/    \_/    /_/   /_/  /_/  
[22:26:46]                                                   
[22:26:46] Version 0.11
[22:26:46] 
[22:26:46] Startup program, please wait...
[22:27:7] 
New loading... Time of load: 22:27:7 

[22:27:7]    ___  ___    _____    ____   __  __   __  _____  
[22:27:7]   / /\  /\ \  / /_\ \  / /\ \ / / / /__/ / / /_\ \ 
[22:27:7]  / / / / / / / ___  / / /  \ | /  \_  __/ / ___  / 
[22:27:7] /_/ /_/ /_/ /_/  /_/ /_/    \_/    /_/   /_/  /_/  
[22:27:7]                                                   
[22:27:7] Version 0.11
[22:27:7] 
[22:27:7] Startup program, please wait...
[22:27:52] 
New loading... Time of load: 22:27:52 

[22:27:52]    ___  ___    _____    ____   __  __   __  _____  
[22:27:52]   / /\  /\ \  / /_\ \  / /\ \ / / / /__/ / / /_\ \ 
[22:27:52]  / / / / / / / ___  / / /  \ | /  \_  __/ / ___  / 
[22:27:52] /_/ /_/ /_/ /_/  /_/ /_/    \_/    /_/   /_/  /_/  
[22:27:52]                                                   
[22:27:52] Version 0.11
[22:27:52] 
[22:27:52] Startup program, please wait...
[22:27:52] Pronounce: Приветствую вас, Славик
[22:27:54] Pronounce: Вы можете спросить меня о чём-нибудь
[22:27:59] Recognized text: погода
[22:28:0] Pronounce: 17 градусов по цельсию, Облачно
[22:28:18] Error: Can't recognize command
[22:28:24] Recognized text: время
[22:28:24] Pronounce: Сейчас 22:28:24
[22:29:58] 
New loading... Time of load: 22:29:58 

[22:29:58]    ___  ___    _____    ____   __  __   __  _____  
[22:29:58]   / /\  /\ \  / /_\ \  / /\ \ / / / /__/ / / /_\ \ 
[22:29:58]  / / / / / / / ___  / / /  \ | /  \_  __/ / ___  / 
[22:29:58] /_/ /_/ /_/ /_/  /_/ /_/    \_/    /_/   /_/  /_/  
[22:29:58]                                                   
[22:29:58] Version 0.11
[22:29:58] 
[22:29:58] Startup program, please wait...
[22:29:58] Pronounce: Приветствую вас, Славик
[22:30:1] Pronounce: Чем я могу вам помочь?
[22:30:7] Recognized text: погода
[22:30:9] Pronounce: 17 градусов по цельсию, Облачно
[22:30:20] Error: Can't recognize command
[22:30:41] Error: Can't recognize command
[22:30:43] Error: Can't recognize command
[22:31:52] 
New loading... Time of load: 22:31:52 

[22:31:52]    ___  ___    _____    ____   __  __   __  _____  
[22:31:52]   / /\  /\ \  / /_\ \  / /\ \ / / / /__/ / / /_\ \ 
[22:31:52]  / / / / / / / ___  / / /  \ | /  \_  __/ / ___  / 
[22:31:52] /_/ /_/ /_/ /_/  /_/ /_/    \_/    /_/   /_/  /_/  
[22:31:52]                                                   
[22:31:52] Version 0.11
[22:31:52] 
[22:31:52] Startup program, please wait...
[22:31:52] Pronounce: Приветствую вас, Славик
[22:31:54] Pronounce: Ожидаю ваших команд
[22:32:0] Recognized text: привет
[22:32:0] Pronounce: Хаюшки
