[18:26:18] 
New loading... Time of load: 18:26:18 

[18:26:18]    ___  ___    _____    ____   __  __   __  _____  
[18:26:18]   / /\  /\ \  / /_\ \  / /\ \ / / / /__/ / / /_\ \ 
[18:26:18]  / / / / / / / ___  / / /  \ | /  \_  __/ / ___  / 
[18:26:18] /_/ /_/ /_/ /_/  /_/ /_/    \_/    /_/   /_/  /_/  
[18:26:18]                                                   
[18:26:18] Version 0.11
[18:26:18] 
[18:26:18] Startup program, please wait...
[18:26:18] Pronounce: Приветствую вас, Славик
[18:26:21] Pronounce: Чем я могу вам помочь?
[18:26:44] 
New loading... Time of load: 18:26:44 

[18:26:44]    ___  ___    _____    ____   __  __   __  _____  
[18:26:44]   / /\  /\ \  / /_\ \  / /\ \ / / / /__/ / / /_\ \ 
[18:26:44]  / / / / / / / ___  / / /  \ | /  \_  __/ / ___  / 
[18:26:44] /_/ /_/ /_/ /_/  /_/ /_/    \_/    /_/   /_/  /_/  
[18:26:44]                                                   
[18:26:44] Version 0.11
[18:26:44] 
[18:26:44] Startup program, please wait...
[18:26:44] Pronounce: Приветствую вас, Славик
[18:26:46] Pronounce: Вы можете спросить меня о чём-нибудь
[18:26:54] Recognized text: включи музыку
[18:26:56] Pronounce: Включаю музыку
[18:27:8] Error: Can't recognize command
[18:27:13] Recognized text: музыку
[18:27:13] Pronounce: Включаю музыку
[18:27:46] Recognized text: погода время
[18:27:47] Pronounce: 18 градусов по цельсию, Дождь
[18:28:3] Recognized text: время
[18:28:3] Pronounce: Сейчас 18:28:3
[18:28:15] Recognized text: погода
[18:28:17] Pronounce: 18 градусов по цельсию, Дождь
[18:28:42] Recognized text: включи музыку
[18:28:45] Pronounce: Включаю музыку
[18:29:18] Recognized text: время
[18:29:18] Pronounce: Сейчас 18:29:18
[18:30:20] 
New loading... Time of load: 18:30:20 

[18:30:20]    ___  ___    _____    ____   __  __   __  _____  
[18:30:20]   / /\  /\ \  / /_\ \  / /\ \ / / / /__/ / / /_\ \ 
[18:30:20]  / / / / / / / ___  / / /  \ | /  \_  __/ / ___  / 
[18:30:20] /_/ /_/ /_/ /_/  /_/ /_/    \_/    /_/   /_/  /_/  
[18:30:20]                                                   
[18:30:20] Version 0.11
[18:30:20] 
[18:30:20] Startup program, please wait...
[18:30:20] Pronounce: Приветствую вас, Славик
[18:30:23] Pronounce: Вы можете спросить меня о чём-нибудь
[18:30:30] Recognized text: что ты умеешь
[18:30:30] Pronounce: Вот что я умею: 

[18:30:39] Recognized text: включи музыку
[18:30:41] Pronounce: Включаю музыку
[18:30:47] Recognized text: что ты умеешь
[18:30:47] Pronounce: Вот что я умею: 

[18:30:56] Recognized text: погода
[18:30:56] Pronounce: 18 градусов по цельсию, Дождь
[18:31:7] Recognized text: какова погода
[18:31:8] Pronounce: 18 градусов по цельсию, Дождь
[18:31:33] Recognized text: как у вас погода
[18:31:34] Pronounce: 18 градусов по цельсию, Дождь
[18:32:10] Error: Can't recognize command
[18:32:23] Recognized text: переведи где нас нет
[18:32:25] Pronounce: where we are not
[18:32:42] Error: Can't recognize command
[18:32:51] Recognized text: погода
[18:32:51] Pronounce: 18 градусов по цельсию, Дождь
[18:32:58] Error: Can't recognize command
[19:30:30] 
New loading... Time of load: 19:30:30 

[19:30:30]    ___  ___    _____    ____   __  __   __  _____  
[19:30:30]   / /\  /\ \  / /_\ \  / /\ \ / / / /__/ / / /_\ \ 
[19:30:30]  / / / / / / / ___  / / /  \ | /  \_  __/ / ___  / 
[19:30:30] /_/ /_/ /_/ /_/  /_/ /_/    \_/    /_/   /_/  /_/  
[19:30:30]                                                   
[19:30:30] Version 0.11
[19:30:30] 
[19:30:30] Startup program, please wait...
[19:30:30] Pronounce: Приветствую вас, Славик
[19:30:32] Pronounce: Чем я могу вам помочь?
[19:30:49] Error: Check internet connection
[19:37:34] 
New loading... Time of load: 19:37:34 

[19:37:34]    ___  ___    _____    ____   __  __   __  _____  
[19:37:34]   / /\  /\ \  / /_\ \  / /\ \ / / / /__/ / / /_\ \ 
[19:37:34]  / / / / / / / ___  / / /  \ | /  \_  __/ / ___  / 
[19:37:34] /_/ /_/ /_/ /_/  /_/ /_/    \_/    /_/   /_/  /_/  
[19:37:34]                                                   
[19:37:34] Version 0.11
[19:37:34] 
[19:37:34] Startup program, please wait...
[19:37:34] Pronounce: Приветствую вас, Славик
[19:37:37] Pronounce: Чем я могу вам помочь?
[19:37:42] Error: Check internet connection
[19:37:58] Error: Check internet connection
[19:38:3] Error: Check internet connection
[19:38:53] 
New loading... Time of load: 19:38:53 

[19:38:53]    ___  ___    _____    ____   __  __   __  _____  
[19:38:53]   / /\  /\ \  / /_\ \  / /\ \ / / / /__/ / / /_\ \ 
[19:38:53]  / / / / / / / ___  / / /  \ | /  \_  __/ / ___  / 
[19:38:53] /_/ /_/ /_/ /_/  /_/ /_/    \_/    /_/   /_/  /_/  
[19:38:53]                                                   
[19:38:53] Version 0.11
[19:38:53] 
[19:38:53] Startup program, please wait...
[19:38:53] Pronounce: Приветствую вас, Славик
[19:38:55] Pronounce: Вы можете спросить меня о чём-нибудь
[19:39:6] Recognized text: привет
[19:39:6] Pronounce: Халоу
[19:39:17] Error: Can't recognize command
[19:39:56] Error: Can't recognize command
[19:40:3] Error: Can't recognize command
[19:40:15] Error: Can't recognize command
[19:40:21] Error: Can't recognize command
[19:40:29] Recognized text: погода
[19:40:29] Pronounce: 17 градусов по цельсию, Дождь
[19:40:40] Error: Can't recognize command
[19:42:16] 
New loading... Time of load: 19:42:16 

[19:42:16]    ___  ___    _____    ____   __  __   __  _____  
[19:42:16]   / /\  /\ \  / /_\ \  / /\ \ / / / /__/ / / /_\ \ 
[19:42:16]  / / / / / / / ___  / / /  \ | /  \_  __/ / ___  / 
[19:42:16] /_/ /_/ /_/ /_/  /_/ /_/    \_/    /_/   /_/  /_/  
[19:42:16]                                                   
[19:42:16] Version 0.11
[19:42:16] 
[19:42:16] Startup program, please wait...
[19:42:16] Pronounce: Приветствую вас, Славик
[19:42:18] Pronounce: Чем я могу вам помочь?
[19:42:31] Recognized text: кто такая жаба
[19:42:46] Pronounce: Жабы, или настоящие жабы , — семейство бесхвостых земноводных, единственное, в котором все представители называются «жабами», хотя некоторые виды можно назвать лягушками . На более высоком таксономическом уровне применение термина «жаба» не ограничивается только данным семейством, а также используется для видов из других семейств .
[19:43:22] Error: Can't recognize command
[19:43:37] Error: Can't recognize command
[19:43:45] Error: Can't recognize command
[19:43:56] Error: Can't recognize command
[19:44:11] Error: Can't recognize command
[19:44:32] Error: Can't recognize command
[19:44:55] Error: Can't recognize command
[19:46:3] Error: Can't recognize command
[19:46:57] Recognized text: говорю же время
[19:46:57] Pronounce: Сейчас 19:46:57
[20:5:49] 
New loading... Time of load: 20:5:49 

[20:5:49]    ___  ___    _____    ____   __  __   __  _____  
[20:5:49]   / /\  /\ \  / /_\ \  / /\ \ / / / /__/ / / /_\ \ 
[20:5:49]  / / / / / / / ___  / / /  \ | /  \_  __/ / ___  / 
[20:5:49] /_/ /_/ /_/ /_/  /_/ /_/    \_/    /_/   /_/  /_/  
[20:5:49]                                                   
[20:5:49] Version 0.11
[20:5:49] 
[20:5:49] Startup program, please wait...
[20:5:49] Pronounce: Приветствую вас, Славик
[20:5:52] Pronounce: Чем я могу вам помочь?
[20:6:1] Recognized text: привет
[20:6:1] Pronounce: Добрейший вечерочек
[20:6:30] 
New loading... Time of load: 20:6:30 

[20:6:30]    ___  ___    _____    ____   __  __   __  _____  
[20:6:30]   / /\  /\ \  / /_\ \  / /\ \ / / / /__/ / / /_\ \ 
[20:6:30]  / / / / / / / ___  / / /  \ | /  \_  __/ / ___  / 
[20:6:30] /_/ /_/ /_/ /_/  /_/ /_/    \_/    /_/   /_/  /_/  
[20:6:30]                                                   
[20:6:30] Version 0.11
[20:6:30] 
[20:6:30] Startup program, please wait...
[20:6:30] Pronounce: Приветствую вас, Славик
[20:6:33] Pronounce: Чем я могу вам помочь?
[20:6:45] Recognized text: кто такой путин
[20:6:47] Pronounce: Владимир Владимирович Путин  — российский государственный и политический деятель, действующий президент Российской Федерации и верховный главнокомандующий Вооружёнными силами Российской Федерации с 7 мая 2012.
Ранее занимал должность президента с 31 декабря 1999 по 7 мая 2008, в 1999—2000 и 2008—2012 годах занимал должность председателя правительства России.
[21:8:39] 
New loading... Time of load: 21:8:39 

[21:8:39]    ___  ___    _____    ____   __  __   __  _____  
[21:8:39]   / /\  /\ \  / /_\ \  / /\ \ / / / /__/ / / /_\ \ 
[21:8:39]  / / / / / / / ___  / / /  \ | /  \_  __/ / ___  / 
[21:8:39] /_/ /_/ /_/ /_/  /_/ /_/    \_/    /_/   /_/  /_/  
[21:8:39]                                                   
[21:8:39] Version 0.11
[21:8:39] 
[21:8:39] Startup program, please wait...
[21:8:39] Pronounce: Приветствую вас, Славик
[21:8:42] Pronounce: Вы можете спросить меня о чём-нибудь
[21:8:50] Recognized text: привет
[21:8:50] Pronounce: Халоу
[22:5:49] 
New loading... Time of load: 22:5:49 

[22:5:49]    ___  ___    _____    ____   __  __   __  _____  
[22:5:49]   / /\  /\ \  / /_\ \  / /\ \ / / / /__/ / / /_\ \ 
[22:5:49]  / / / / / / / ___  / / /  \ | /  \_  __/ / ___  / 
[22:5:49] /_/ /_/ /_/ /_/  /_/ /_/    \_/    /_/   /_/  /_/  
[22:5:49]                                                   
[22:5:49] Version 0.11
[22:5:49] 
[22:5:49] Startup program, please wait...
[22:5:49] Pronounce: Приветствую вас, Славик
[22:5:52] Pronounce: Ожидаю ваших команд
[22:5:59] Recognized text: погода
[22:6:0] Pronounce: 16 градусов по цельсию, Облачно
[22:6:8] Error: Can't recognize command
[22:7:15] 
New loading... Time of load: 22:7:15 

[22:7:15]    ___  ___    _____    ____   __  __   __  _____  
[22:7:15]   / /\  /\ \  / /_\ \  / /\ \ / / / /__/ / / /_\ \ 
[22:7:15]  / / / / / / / ___  / / /  \ | /  \_  __/ / ___  / 
[22:7:15] /_/ /_/ /_/ /_/  /_/ /_/    \_/    /_/   /_/  /_/  
[22:7:15]                                                   
[22:7:15] Version 0.11
[22:7:15] 
[22:7:15] Startup program, please wait...
[22:7:15] Pronounce: Приветствую вас, Славик
[22:7:18] Pronounce: Чем я могу вам помочь?
[22:7:23] Recognized text: погода
[22:7:24] Pronounce: 16 градусов по цельсию, Облачно
