[22:7:39] 
New loading... Time of load: 22:7:39 

[22:7:39]    ___  ___    _____    ____   __  __   __  _____  
[22:7:39]   / /\  /\ \  / /_\ \  / /\ \ / / / /__/ / / /_\ \ 
[22:7:39]  / / / / / / / ___  / / /  \ | /  \_  __/ / ___  / 
[22:7:39] /_/ /_/ /_/ /_/  /_/ /_/    \_/    /_/   /_/  /_/  
[22:7:39]                                                   
[22:7:39] Version 0.11
[22:7:39] 
[22:7:39] Startup program, please wait...
[22:7:43] Pronounce: Приветствую вас,  Незнакомец
[22:7:47] Pronounce: Чем я могу вам помочь?
[22:7:51] Recognized text: погода
[22:7:51] Pronounce: 20 градусов по цельсию, Ясно
[22:22:9] 
New loading... Time of load: 22:22:9 

[22:22:9]    ___  ___    _____    ____   __  __   __  _____  
[22:22:9]   / /\  /\ \  / /_\ \  / /\ \ / / / /__/ / / /_\ \ 
[22:22:9]  / / / / / / / ___  / / /  \ | /  \_  __/ / ___  / 
[22:22:9] /_/ /_/ /_/ /_/  /_/ /_/    \_/    /_/   /_/  /_/  
[22:22:9]                                                   
[22:22:9] Version 0.11
[22:22:9] 
[22:22:9] Startup program, please wait...
[22:22:10] Pronounce: Приветствую вас,  Незнакомец
[22:22:13] Pronounce: Чем я могу вам помочь?
[22:22:19] Recognized text: когда было ледовое побоище
[22:22:21] Pronounce: Извините, я не смогла найти информацию по вашему запросу.
[22:23:13] 
New loading... Time of load: 22:23:13 

[22:23:13]    ___  ___    _____    ____   __  __   __  _____  
[22:23:13]   / /\  /\ \  / /_\ \  / /\ \ / / / /__/ / / /_\ \ 
[22:23:13]  / / / / / / / ___  / / /  \ | /  \_  __/ / ___  / 
[22:23:13] /_/ /_/ /_/ /_/  /_/ /_/    \_/    /_/   /_/  /_/  
[22:23:13]                                                   
[22:23:13] Version 0.11
[22:23:13] 
[22:23:13] Startup program, please wait...
[22:23:14] Pronounce: Приветствую вас,  Незнакомец
[22:23:17] Pronounce: Чем я могу вам помочь?
[22:23:38] Error: Can't recognize command
[22:24:28] 
New loading... Time of load: 22:24:28 

[22:24:28]    ___  ___    _____    ____   __  __   __  _____  
[22:24:28]   / /\  /\ \  / /_\ \  / /\ \ / / / /__/ / / /_\ \ 
[22:24:28]  / / / / / / / ___  / / /  \ | /  \_  __/ / ___  / 
[22:24:28] /_/ /_/ /_/ /_/  /_/ /_/    \_/    /_/   /_/  /_/  
[22:24:28]                                                   
[22:24:28] Version 0.11
[22:24:28] 
[22:24:28] Startup program, please wait...
[22:24:29] Pronounce: Приветствую вас,  Незнакомец
[22:24:32] Pronounce: Чем я могу вам помочь?
[22:24:41] Recognized text: когда было ледовое побоище
[22:24:43] Pronounce: Извините, я не смогла найти информацию по вашему запросу.
[22:25:16] 
New loading... Time of load: 22:25:16 

[22:25:16]    ___  ___    _____    ____   __  __   __  _____  
[22:25:16]   / /\  /\ \  / /_\ \  / /\ \ / / / /__/ / / /_\ \ 
[22:25:16]  / / / / / / / ___  / / /  \ | /  \_  __/ / ___  / 
[22:25:16] /_/ /_/ /_/ /_/  /_/ /_/    \_/    /_/   /_/  /_/  
[22:25:16]                                                   
[22:25:16] Version 0.11
[22:25:16] 
[22:25:16] Startup program, please wait...
[22:25:18] Pronounce: Приветствую вас,  Незнакомец
[22:25:21] Pronounce: Чем я могу вам помочь?
[22:25:26] Recognized text: когда было ледовое побоище
[22:25:34] 
New loading... Time of load: 22:25:34 

[22:25:34]    ___  ___    _____    ____   __  __   __  _____  
[22:25:34]   / /\  /\ \  / /_\ \  / /\ \ / / / /__/ / / /_\ \ 
[22:25:34]  / / / / / / / ___  / / /  \ | /  \_  __/ / ___  / 
[22:25:34] /_/ /_/ /_/ /_/  /_/ /_/    \_/    /_/   /_/  /_/  
[22:25:34]                                                   
[22:25:34] Version 0.11
[22:25:34] 
[22:25:34] Startup program, please wait...
[22:25:35] Pronounce: Приветствую вас,  Незнакомец
[22:25:38] Pronounce: Чем я могу вам помочь?
[22:25:45] Recognized text: ледовое побоище
[22:25:45] Pronounce: Команда не была распознана
[22:25:54] Recognized text: когда было ледовое побоище
[22:25:56] Pronounce: 

5 апреля 1242 года
[22:26:30] 
New loading... Time of load: 22:26:30 

[22:26:30]    ___  ___    _____    ____   __  __   __  _____  
[22:26:30]   / /\  /\ \  / /_\ \  / /\ \ / / / /__/ / / /_\ \ 
[22:26:30]  / / / / / / / ___  / / /  \ | /  \_  __/ / ___  / 
[22:26:30] /_/ /_/ /_/ /_/  /_/ /_/    \_/    /_/   /_/  /_/  
[22:26:30]                                                   
[22:26:30] Version 0.11
[22:26:30] 
[22:26:30] Startup program, please wait...
[22:26:31] Pronounce: Приветствую вас,  Незнакомец
[22:26:34] Pronounce: Чем я могу вам помочь?
[22:26:40] Recognized text: когда была великая отечественная война
[22:26:42] Pronounce: 22 июня 1941 — 9 мая 1945 года
[23:7:51] 
New loading... Time of load: 23:7:51 

[23:7:51]    ___  ___    _____    ____   __  __   __  _____  
[23:7:51]   / /\  /\ \  / /_\ \  / /\ \ / / / /__/ / / /_\ \ 
[23:7:51]  / / / / / / / ___  / / /  \ | /  \_  __/ / ___  / 
[23:7:51] /_/ /_/ /_/ /_/  /_/ /_/    \_/    /_/   /_/  /_/  
[23:7:51]                                                   
[23:7:51] Version 0.11
[23:7:51] 
[23:7:51] Startup program, please wait...
[23:7:53] Pronounce: Приветствую вас,  Незнакомец
[23:7:56] Pronounce: Чем я могу вам помочь?
[23:8:3] Recognized text: называй меня слова
[23:8:3] Pronounce: Команда не была распознана
[23:9:2] 
New loading... Time of load: 23:9:2 

[23:9:2]    ___  ___    _____    ____   __  __   __  _____  
[23:9:2]   / /\  /\ \  / /_\ \  / /\ \ / / / /__/ / / /_\ \ 
[23:9:2]  / / / / / / / ___  / / /  \ | /  \_  __/ / ___  / 
[23:9:2] /_/ /_/ /_/ /_/  /_/ /_/    \_/    /_/   /_/  /_/  
[23:9:2]                                                   
[23:9:2] Version 0.11
[23:9:2] 
[23:9:2] Startup program, please wait...
[23:9:3] Pronounce: Приветствую вас,  Незнакомец
[23:9:6] Pronounce: Чем я могу вам помочь?
[23:9:14] Recognized text: нажимаю
[23:9:14] Pronounce: Команда не была распознана
[23:10:54] 
New loading... Time of load: 23:10:54 

[23:10:54]    ___  ___    _____    ____   __  __   __  _____  
[23:10:54]   / /\  /\ \  / /_\ \  / /\ \ / / / /__/ / / /_\ \ 
[23:10:54]  / / / / / / / ___  / / /  \ | /  \_  __/ / ___  / 
[23:10:54] /_/ /_/ /_/ /_/  /_/ /_/    \_/    /_/   /_/  /_/  
[23:10:54]                                                   
[23:10:54] Version 0.11
[23:10:54] 
[23:10:54] Startup program, please wait...
[23:10:55] Pronounce: Приветствую вас,  Незнакомец
[23:10:58] Pronounce: Чем я могу вам помочь?
[23:11:5] Recognized text: называй меня
[23:11:5] Pronounce: Теперь я буду звать вас 
[23:11:20] Recognized text: называй меня вячеслав
[23:11:20] Pronounce: Хорошо, я запомню:  Вячеслав
[23:16:4] 
New loading... Time of load: 23:16:4 

[23:16:4]    ___  ___    _____    ____   __  __   __  _____  
[23:16:4]   / /\  /\ \  / /_\ \  / /\ \ / / / /__/ / / /_\ \ 
[23:16:5]  / / / / / / / ___  / / /  \ | /  \_  __/ / ___  / 
[23:16:5] /_/ /_/ /_/ /_/  /_/ /_/    \_/    /_/   /_/  /_/  
[23:16:5]                                                   
[23:16:5] Version 0.11
[23:16:5] 
[23:16:5] Startup program, please wait...
[23:16:6] Pronounce: Приветствую вас,  Вячеслав
[23:16:9] Pronounce: Чем я могу вам помочь?
[23:16:14] Recognized text: называй меня славик
[23:16:14] Pronounce: Теперь я буду звать вас Славик
[23:16:19] 
New loading... Time of load: 23:16:19 

[23:16:19]    ___  ___    _____    ____   __  __   __  _____  
[23:16:19]   / /\  /\ \  / /_\ \  / /\ \ / / / /__/ / / /_\ \ 
[23:16:19]  / / / / / / / ___  / / /  \ | /  \_  __/ / ___  / 
[23:16:19] /_/ /_/ /_/ /_/  /_/ /_/    \_/    /_/   /_/  /_/  
[23:16:19]                                                   
[23:16:19] Version 0.11
[23:16:19] 
[23:16:19] Startup program, please wait...
[23:16:20] Pronounce: Приветствую вас, Славик
