[18:14:33] 
New loading... Time of load: 18:14:33 

[18:14:33]    ___  ___    _____    ____   __  __   __  _____  
[18:14:33]   / /\  /\ \  / /_\ \  / /\ \ / / / /__/ / / /_\ \ 
[18:14:33]  / / / / / / / ___  / / /  \ | /  \_  __/ / ___  / 
[18:14:33] /_/ /_/ /_/ /_/  /_/ /_/    \_/    /_/   /_/  /_/  
[18:14:33]                                                   
[18:14:33] Version 0.11
[18:14:33] 
[18:14:33] Startup program, please wait...
[18:14:37] Pronounce: Приветствую вас,  Незнакомец
[18:14:40] Pronounce: Чем я могу вам помочь?
[18:14:46] Recognized text: когда было ледовое побоище
[18:14:46] Pronounce: Извините, я не смогла найти информацию по вашему запросу.
[18:14:58] Recognized text: спасибо
[18:14:58] Pronounce: Пожалуйста
[18:16:3] 
New loading... Time of load: 18:16:3 

[18:16:3]    ___  ___    _____    ____   __  __   __  _____  
[18:16:3]   / /\  /\ \  / /_\ \  / /\ \ / / / /__/ / / /_\ \ 
[18:16:3]  / / / / / / / ___  / / /  \ | /  \_  __/ / ___  / 
[18:16:3] /_/ /_/ /_/ /_/  /_/ /_/    \_/    /_/   /_/  /_/  
[18:16:3]                                                   
[18:16:3] Version 0.11
[18:16:3] 
[18:16:3] Startup program, please wait...
[18:16:4] Pronounce: Приветствую вас,  Незнакомец
[18:16:7] Pronounce: Чем я могу вам помочь?
[18:16:25] Recognized text: когда было ледовое побоище
[18:16:25] Pronounce: Извините, я не смогла найти информацию по вашему запросу.
[18:17:47] 
New loading... Time of load: 18:17:47 

[18:17:47]    ___  ___    _____    ____   __  __   __  _____  
[18:17:47]   / /\  /\ \  / /_\ \  / /\ \ / / / /__/ / / /_\ \ 
[18:17:47]  / / / / / / / ___  / / /  \ | /  \_  __/ / ___  / 
[18:17:47] /_/ /_/ /_/ /_/  /_/ /_/    \_/    /_/   /_/  /_/  
[18:17:47]                                                   
[18:17:47] Version 0.11
[18:17:47] 
[18:17:47] Startup program, please wait...
[18:17:48] Pronounce: Приветствую вас,  Незнакомец
[18:17:51] Pronounce: Чем я могу вам помочь?
[18:18:10] Recognized text: когда было ледовое побоище
[18:18:11] Pronounce: Извините, я не смогла найти информацию по вашему запросу.
[18:18:19] Error: Can't recognize command
[18:18:21] Error: Can't recognize command
[18:19:32] Recognized text: ну ладно привет
[18:19:32] Pronounce: Приветствую
[18:20:13] Recognized text: расскажи шутку
[18:20:13] Pronounce: Политические аналитики прогнозируют: совсем не факт, что Владимир Владимирович станет следующим президентом. На него ещё может упасть метеорит.
[18:20:45] Error: Can't recognize command
[18:20:50] Error: Can't recognize command
[18:25:23] Error: Can't recognize command
[18:27:31] Error: Can't recognize command
[18:27:49] Error: Can't recognize command
[18:30:37] Error: Can't recognize command
[18:30:44] Error: Can't recognize command
[18:30:53] Error: Can't recognize command
[18:31:18] Error: Can't recognize command
[18:40:28] Error: Check internet connection
[19:18:50] 
New loading... Time of load: 19:18:50 

[19:18:50]    ___  ___    _____    ____   __  __   __  _____  
[19:18:50]   / /\  /\ \  / /_\ \  / /\ \ / / / /__/ / / /_\ \ 
[19:18:50]  / / / / / / / ___  / / /  \ | /  \_  __/ / ___  / 
[19:18:50] /_/ /_/ /_/ /_/  /_/ /_/    \_/    /_/   /_/  /_/  
[19:18:50]                                                   
[19:18:50] Version 0.11
[19:18:50] 
[19:18:50] Startup program, please wait...
[19:18:51] Pronounce: Приветствую вас,  Незнакомец
[19:18:54] Pronounce: Чем я могу вам помочь?
[19:19:16] Recognized text: включи музыку despacito
[19:19:19] Pronounce: Включаю музыку
[19:19:33] Recognized text: выключи музыку
[19:19:44] Error: Can't recognize command
[19:23:46] Error: Can't recognize command
[19:23:52] Error: Can't recognize command
[19:24:7] Error: Can't recognize command
