[21:47:31] 
New loading... Time of load: 21:47:31 

[21:47:31]    ___  ___    _____    ____   __  __   __  _____  
[21:47:31]   / /\  /\ \  / /_\ \  / /\ \ / / / /__/ / / /_\ \ 
[21:47:31]  / / / / / / / ___  / / /  \ | /  \_  __/ / ___  / 
[21:47:31] /_/ /_/ /_/ /_/  /_/ /_/    \_/    /_/   /_/  /_/  
[21:47:31]                                                   
[21:47:31] Version 0.11
[21:47:31] 
[21:47:31] Startup program, please wait...
[21:47:31] 
New loading... Time of load: 21:47:31 

[21:47:31]    ___  ___    _____    ____   __  __   __  _____  
[21:47:31]   / /\  /\ \  / /_\ \  / /\ \ / / / /__/ / / /_\ \ 
[21:47:31]  / / / / / / / ___  / / /  \ | /  \_  __/ / ___  / 
[21:47:31] /_/ /_/ /_/ /_/  /_/ /_/    \_/    /_/   /_/  /_/  
[21:47:31]                                                   
[21:47:31] Version 0.11
[21:47:31] 
[21:47:31] Startup program, please wait...
[21:47:31] Pronounce: Приветствую вас, Славик
[21:47:34] Pronounce: Ожидаю ваших команд
[21:47:40] Recognized text: кто такой путин
[21:47:43] Pronounce: Владимир Владимирович Путин  — российский государственный и политический деятель, действующий президент Российской Федерации и верховный главнокомандующий Вооружёнными силами Российской Федерации с 7 мая 2012.
[21:48:3] Recognized text: спасибо
[21:48:3] Pronounce: Пожалуйста
[21:48:13] Recognized text: пока
[21:48:13] Pronounce: Команда не была распознана
[21:48:21] Recognized text: хорошо
[21:48:21] Pronounce: Команда не была распознана
[21:48:31] 
New loading... Time of load: 21:48:31 

[21:48:31]    ___  ___    _____    ____   __  __   __  _____  
[21:48:31]   / /\  /\ \  / /_\ \  / /\ \ / / / /__/ / / /_\ \ 
[21:48:31]  / / / / / / / ___  / / /  \ | /  \_  __/ / ___  / 
[21:48:31] /_/ /_/ /_/ /_/  /_/ /_/    \_/    /_/   /_/  /_/  
[21:48:31]                                                   
[21:48:31] Version 0.11
[21:48:31] 
[21:48:31] Startup program, please wait...
[21:48:31] 
New loading... Time of load: 21:48:31 

[21:48:31]    ___  ___    _____    ____   __  __   __  _____  
[21:48:31]   / /\  /\ \  / /_\ \  / /\ \ / / / /__/ / / /_\ \ 
[21:48:31]  / / / / / / / ___  / / /  \ | /  \_  __/ / ___  / 
[21:48:31] /_/ /_/ /_/ /_/  /_/ /_/    \_/    /_/   /_/  /_/  
[21:48:31]                                                   
[21:48:31] Version 0.11
[21:48:31] 
[21:48:31] Startup program, please wait...
[21:48:31] Pronounce: Приветствую вас, Славик
[21:48:34] Pronounce: Ожидаю ваших команд
[21:48:39] Recognized text: Кто такой путин
[21:48:41] Pronounce: Владимир Владимирович Путин  — российский государственный и политический деятель, действующий президент Российской Федерации и верховный главнокомандующий Вооружёнными силами Российской Федерации с 7 мая 2012.
[21:49:4] 
New loading... Time of load: 21:49:4 

[21:49:4]    ___  ___    _____    ____   __  __   __  _____  
[21:49:4]   / /\  /\ \  / /_\ \  / /\ \ / / / /__/ / / /_\ \ 
[21:49:4]  / / / / / / / ___  / / /  \ | /  \_  __/ / ___  / 
[21:49:4] /_/ /_/ /_/ /_/  /_/ /_/    \_/    /_/   /_/  /_/  
[21:49:4]                                                   
[21:49:4] Version 0.11
[21:49:4] 
[21:49:4] Startup program, please wait...
[21:49:4] 
New loading... Time of load: 21:49:4 

[21:49:4]    ___  ___    _____    ____   __  __   __  _____  
[21:49:4]   / /\  /\ \  / /_\ \  / /\ \ / / / /__/ / / /_\ \ 
[21:49:4]  / / / / / / / ___  / / /  \ | /  \_  __/ / ___  / 
[21:49:4] /_/ /_/ /_/ /_/  /_/ /_/    \_/    /_/   /_/  /_/  
[21:49:4]                                                   
[21:49:4] Version 0.11
[21:49:4] 
[21:49:4] Startup program, please wait...
[21:49:4] Pronounce: Приветствую вас, Славик
[21:49:6] Pronounce: Вы можете спросить меня о чём-нибудь
[21:49:13] Recognized text: Кто такой путин
[21:49:13] Pronounce: Команда не была распознана
[21:50:27] 
New loading... Time of load: 21:50:27 

[21:50:27]    ___  ___    _____    ____   __  __   __  _____  
[21:50:27]   / /\  /\ \  / /_\ \  / /\ \ / / / /__/ / / /_\ \ 
[21:50:27]  / / / / / / / ___  / / /  \ | /  \_  __/ / ___  / 
[21:50:27] /_/ /_/ /_/ /_/  /_/ /_/    \_/    /_/   /_/  /_/  
[21:50:27]                                                   
[21:50:27] Version 0.11
[21:50:27] 
[21:50:27] Startup program, please wait...
[21:50:27] 
New loading... Time of load: 21:50:27 

[21:50:27]    ___  ___    _____    ____   __  __   __  _____  
[21:50:27]   / /\  /\ \  / /_\ \  / /\ \ / / / /__/ / / /_\ \ 
[21:50:27]  / / / / / / / ___  / / /  \ | /  \_  __/ / ___  / 
[21:50:27] /_/ /_/ /_/ /_/  /_/ /_/    \_/    /_/   /_/  /_/  
[21:50:27]                                                   
[21:50:27] Version 0.11
[21:50:27] 
[21:50:27] Startup program, please wait...
[21:50:27] Pronounce: Приветствую вас, Славик
[21:50:30] Pronounce: Ожидаю ваших команд
[22:9:16] 
New loading... Time of load: 22:9:16 

[22:9:16]    ___  ___    _____    ____   __  __   __  _____  
[22:9:16]   / /\  /\ \  / /_\ \  / /\ \ / / / /__/ / / /_\ \ 
[22:9:16]  / / / / / / / ___  / / /  \ | /  \_  __/ / ___  / 
[22:9:16] /_/ /_/ /_/ /_/  /_/ /_/    \_/    /_/   /_/  /_/  
[22:9:16]                                                   
[22:9:16] Version 0.11
[22:9:16] 
[22:9:16] Startup program, please wait...
[22:9:16] 
New loading... Time of load: 22:9:16 

[22:9:16]    ___  ___    _____    ____   __  __   __  _____  
[22:9:16]   / /\  /\ \  / /_\ \  / /\ \ / / / /__/ / / /_\ \ 
[22:9:16]  / / / / / / / ___  / / /  \ | /  \_  __/ / ___  / 
[22:9:16] /_/ /_/ /_/ /_/  /_/ /_/    \_/    /_/   /_/  /_/  
[22:9:16]                                                   
[22:9:16] Version 0.11
[22:9:16] 
[22:9:16] Startup program, please wait...
[22:9:16] Pronounce: Приветствую вас, Славик
[22:9:19] Pronounce: Вы можете спросить меня о чём-нибудь
[22:9:29] Recognized text: кто такой путин
[22:9:31] Pronounce: Владимир Владимирович Путин  — российский государственный и политический деятель, действующий президент Российской Федерации и верховный главнокомандующий Вооружёнными силами Российской Федерации с 7 мая 2012.
[22:11:46] 
New loading... Time of load: 22:11:46 

[22:11:46]    ___  ___    _____    ____   __  __   __  _____  
[22:11:46]   / /\  /\ \  / /_\ \  / /\ \ / / / /__/ / / /_\ \ 
[22:11:46]  / / / / / / / ___  / / /  \ | /  \_  __/ / ___  / 
[22:11:46] /_/ /_/ /_/ /_/  /_/ /_/    \_/    /_/   /_/  /_/  
[22:11:46]                                                   
[22:11:46] Version 0.11
[22:11:46] 
[22:11:46] Startup program, please wait...
[22:11:46] 
New loading... Time of load: 22:11:46 

[22:11:46]    ___  ___    _____    ____   __  __   __  _____  
[22:11:46]   / /\  /\ \  / /_\ \  / /\ \ / / / /__/ / / /_\ \ 
[22:11:46]  / / / / / / / ___  / / /  \ | /  \_  __/ / ___  / 
[22:11:46] /_/ /_/ /_/ /_/  /_/ /_/    \_/    /_/   /_/  /_/  
[22:11:46]                                                   
[22:11:46] Version 0.11
[22:11:46] 
[22:11:46] Startup program, please wait...
[22:11:46] Pronounce: Приветствую вас, Славик
[22:11:48] Pronounce: Ожидаю ваших команд
[22:11:59] Error: Can't recognize command
[22:12:17] 
New loading... Time of load: 22:12:17 

[22:12:17]    ___  ___    _____    ____   __  __   __  _____  
[22:12:17]   / /\  /\ \  / /_\ \  / /\ \ / / / /__/ / / /_\ \ 
[22:12:17]  / / / / / / / ___  / / /  \ | /  \_  __/ / ___  / 
[22:12:17] /_/ /_/ /_/ /_/  /_/ /_/    \_/    /_/   /_/  /_/  
[22:12:17]                                                   
[22:12:17] Version 0.11
[22:12:17] 
[22:12:17] Startup program, please wait...
[22:12:17] 
New loading... Time of load: 22:12:17 

[22:12:17]    ___  ___    _____    ____   __  __   __  _____  
[22:12:17]   / /\  /\ \  / /_\ \  / /\ \ / / / /__/ / / /_\ \ 
[22:12:17]  / / / / / / / ___  / / /  \ | /  \_  __/ / ___  / 
[22:12:17] /_/ /_/ /_/ /_/  /_/ /_/    \_/    /_/   /_/  /_/  
[22:12:17]                                                   
[22:12:17] Version 0.11
[22:12:17] 
[22:12:17] Startup program, please wait...
[22:12:17] Pronounce: Приветствую вас, Славик
[22:12:19] Pronounce: Чем я могу вам помочь?
[22:12:26] Recognized text: время
[22:12:26] Pronounce: Сейчас 22:12:26
[22:12:35] Error: Can't recognize command
[22:12:41] Recognized text: погода
[22:12:42] Pronounce: 18 градусов по цельсию, Облачно
[22:12:51] Recognized text: погода
[22:12:51] Pronounce: 18 градусов по цельсию, Облачно
[22:13:0] Recognized text: кто такая жаба
[22:13:2] Pronounce: Жабы, или настоящие жабы  — семейство бесхвостых земноводных, единственное, в котором все представители называются «жабами», хотя некоторые виды можно назвать лягушками .
[22:13:20] Recognized text: кто такие земноводные
[22:13:22] Pronounce: Земноводные, или амфибии , — класс позвоночных четвероногих животных, в числе прочих включающий тритонов, саламандр, лягушек и червяг — всего более 7700 современных видов, что делает этот класс сравнительно немногочисленным.
[22:13:44] Recognized text: кто такой червяк
[22:26:46] 
New loading... Time of load: 22:26:46 

[22:26:46]    ___  ___    _____    ____   __  __   __  _____  
[22:26:46]   / /\  /\ \  / /_\ \  / /\ \ / / / /__/ / / /_\ \ 
[22:26:46]  / / / / / / / ___  / / /  \ | /  \_  __/ / ___  / 
[22:26:46] /_/ /_/ /_/ /_/  /_/ /_/    \_/    /_/   /_/  /_/  
[22:26:46]                                                   
[22:26:46] Version 0.11
[22:26:46] 
[22:26:46] Startup program, please wait...
[22:26:46] 
New loading... Time of load: 22:26:46 

[22:26:46]    ___  ___    _____    ____   __  __   __  _____  
[22:26:46]   / /\  /\ \  / /_\ \  / /\ \ / / / /__/ / / /_\ \ 
[22:26:46]  / / / / / / / ___  / / /  \ | /  \_  __/ / ___  / 
[22:26:46] /_/ /_/ /_/ /_/  /_/ /_/    \_/    /_/   /_/  /_/  
[22:26:46]                                                   
[22:26:46] Version 0.11
[22:26:46] 
[22:26:46] Startup program, please wait...
[22:26:46] Pronounce: Приветствую вас, Славик
[22:26:48] Pronounce: Чем я могу вам помочь?
[22:29:54] 
New loading... Time of load: 22:29:54 

[22:29:54]    ___  ___    _____    ____   __  __   __  _____  
[22:29:54]   / /\  /\ \  / /_\ \  / /\ \ / / / /__/ / / /_\ \ 
[22:29:54]  / / / / / / / ___  / / /  \ | /  \_  __/ / ___  / 
[22:29:54] /_/ /_/ /_/ /_/  /_/ /_/    \_/    /_/   /_/  /_/  
[22:29:54]                                                   
[22:29:54] Version 0.11
[22:29:54] 
[22:29:54] Startup program, please wait...
[22:29:54] 
New loading... Time of load: 22:29:54 

[22:29:54]    ___  ___    _____    ____   __  __   __  _____  
[22:29:54]   / /\  /\ \  / /_\ \  / /\ \ / / / /__/ / / /_\ \ 
[22:29:54]  / / / / / / / ___  / / /  \ | /  \_  __/ / ___  / 
[22:29:54] /_/ /_/ /_/ /_/  /_/ /_/    \_/    /_/   /_/  /_/  
[22:29:54]                                                   
[22:29:54] Version 0.11
[22:29:54] 
[22:29:54] Startup program, please wait...
[22:29:54] Pronounce: Приветствую вас, Славик
[22:29:54] 
New loading... Time of load: 22:29:54 

[22:29:54]    ___  ___    _____    ____   __  __   __  _____  
[22:29:54]   / /\  /\ \  / /_\ \  / /\ \ / / / /__/ / / /_\ \ 
[22:29:54]  / / / / / / / ___  / / /  \ | /  \_  __/ / ___  / 
[22:29:54] /_/ /_/ /_/ /_/  /_/ /_/    \_/    /_/   /_/  /_/  
[22:29:54]                                                   
[22:29:54] Version 0.11
[22:29:54] 
[22:29:54] Startup program, please wait...
[22:29:55] 
New loading... Time of load: 22:29:54 

[22:29:55]    ___  ___    _____    ____   __  __   __  _____  
[22:29:55]   / /\  /\ \  / /_\ \  / /\ \ / / / /__/ / / /_\ \ 
[22:29:55]  / / / / / / / ___  / / /  \ | /  \_  __/ / ___  / 
[22:29:55] /_/ /_/ /_/ /_/  /_/ /_/    \_/    /_/   /_/  /_/  
[22:29:55]                                                   
[22:29:55] Version 0.11
[22:29:55] 
[22:29:55] Startup program, please wait...
[22:29:55] Pronounce: Приветствую вас, Славик
[22:29:56] Pronounce: Ожидаю ваших команд
[22:30:4] 
New loading... Time of load: 22:30:4 

[22:30:4]    ___  ___    _____    ____   __  __   __  _____  
[22:30:4]   / /\  /\ \  / /_\ \  / /\ \ / / / /__/ / / /_\ \ 
[22:30:4]  / / / / / / / ___  / / /  \ | /  \_  __/ / ___  / 
[22:30:4] /_/ /_/ /_/ /_/  /_/ /_/    \_/    /_/   /_/  /_/  
[22:30:4]                                                   
[22:30:4] Version 0.11
[22:30:4] 
[22:30:4] Startup program, please wait...
[22:30:4] 
New loading... Time of load: 22:30:4 

[22:30:4]    ___  ___    _____    ____   __  __   __  _____  
[22:30:4]   / /\  /\ \  / /_\ \  / /\ \ / / / /__/ / / /_\ \ 
[22:30:4]  / / / / / / / ___  / / /  \ | /  \_  __/ / ___  / 
[22:30:4] /_/ /_/ /_/ /_/  /_/ /_/    \_/    /_/   /_/  /_/  
[22:30:4]                                                   
[22:30:4] Version 0.11
[22:30:4] 
[22:30:4] Startup program, please wait...
[22:30:4] Pronounce: Приветствую вас, Славик
[22:30:42] 
New loading... Time of load: 22:30:42 

[22:30:42]    ___  ___    _____    ____   __  __   __  _____  
[22:30:42]   / /\  /\ \  / /_\ \  / /\ \ / / / /__/ / / /_\ \ 
[22:30:42]  / / / / / / / ___  / / /  \ | /  \_  __/ / ___  / 
[22:30:42] /_/ /_/ /_/ /_/  /_/ /_/    \_/    /_/   /_/  /_/  
[22:30:42]                                                   
[22:30:42] Version 0.11
[22:30:42] 
[22:30:42] Startup program, please wait...
[22:30:42] 
New loading... Time of load: 22:30:42 

[22:30:42]    ___  ___    _____    ____   __  __   __  _____  
[22:30:42]   / /\  /\ \  / /_\ \  / /\ \ / / / /__/ / / /_\ \ 
[22:30:42]  / / / / / / / ___  / / /  \ | /  \_  __/ / ___  / 
[22:30:42] /_/ /_/ /_/ /_/  /_/ /_/    \_/    /_/   /_/  /_/  
[22:30:42]                                                   
[22:30:42] Version 0.11
[22:30:42] 
[22:30:42] Startup program, please wait...
[22:30:42] Pronounce: Приветствую вас, Славик
[22:30:45] Pronounce: Вы можете спросить меня о чём-нибудь
[22:30:47] 
New loading... Time of load: 22:30:47 

[22:30:47]    ___  ___    _____    ____   __  __   __  _____  
[22:30:47]   / /\  /\ \  / /_\ \  / /\ \ / / / /__/ / / /_\ \ 
[22:30:47]  / / / / / / / ___  / / /  \ | /  \_  __/ / ___  / 
[22:30:47] /_/ /_/ /_/ /_/  /_/ /_/    \_/    /_/   /_/  /_/  
[22:30:47]                                                   
[22:30:47] Version 0.11
[22:30:47] 
[22:30:47] Startup program, please wait...
[22:30:47] 
New loading... Time of load: 22:30:47 

[22:30:47]    ___  ___    _____    ____   __  __   __  _____  
[22:30:47]   / /\  /\ \  / /_\ \  / /\ \ / / / /__/ / / /_\ \ 
[22:30:47]  / / / / / / / ___  / / /  \ | /  \_  __/ / ___  / 
[22:30:47] /_/ /_/ /_/ /_/  /_/ /_/    \_/    /_/   /_/  /_/  
[22:30:47]                                                   
[22:30:47] Version 0.11
[22:30:47] 
[22:30:47] Startup program, please wait...
[22:30:47] Pronounce: Приветствую вас, Славик
[22:30:53] 
New loading... Time of load: 22:30:53 

[22:30:53]    ___  ___    _____    ____   __  __   __  _____  
[22:30:53]   / /\  /\ \  / /_\ \  / /\ \ / / / /__/ / / /_\ \ 
[22:30:53]  / / / / / / / ___  / / /  \ | /  \_  __/ / ___  / 
[22:30:53] /_/ /_/ /_/ /_/  /_/ /_/    \_/    /_/   /_/  /_/  
[22:30:53]                                                   
[22:30:53] Version 0.11
[22:30:53] 
[22:30:53] Startup program, please wait...
[22:30:53] 
New loading... Time of load: 22:30:53 

[22:30:53]    ___  ___    _____    ____   __  __   __  _____  
[22:30:53]   / /\  /\ \  / /_\ \  / /\ \ / / / /__/ / / /_\ \ 
[22:30:53]  / / / / / / / ___  / / /  \ | /  \_  __/ / ___  / 
[22:30:53] /_/ /_/ /_/ /_/  /_/ /_/    \_/    /_/   /_/  /_/  
[22:30:53]                                                   
[22:30:53] Version 0.11
[22:30:53] 
[22:30:53] Startup program, please wait...
[22:30:53] Pronounce: Приветствую вас, Славик
[22:37:3] 
New loading... Time of load: 22:37:3 

[22:37:3]    ___  ___    _____    ____   __  __   __  _____  
[22:37:3]   / /\  /\ \  / /_\ \  / /\ \ / / / /__/ / / /_\ \ 
[22:37:3]  / / / / / / / ___  / / /  \ | /  \_  __/ / ___  / 
[22:37:3] /_/ /_/ /_/ /_/  /_/ /_/    \_/    /_/   /_/  /_/  
[22:37:3]                                                   
[22:37:3] Version 0.11
[22:37:3] 
[22:37:3] Startup program, please wait...
[22:37:3] 
New loading... Time of load: 22:37:3 

[22:37:3]    ___  ___    _____    ____   __  __   __  _____  
[22:37:3]   / /\  /\ \  / /_\ \  / /\ \ / / / /__/ / / /_\ \ 
[22:37:3]  / / / / / / / ___  / / /  \ | /  \_  __/ / ___  / 
[22:37:3] /_/ /_/ /_/ /_/  /_/ /_/    \_/    /_/   /_/  /_/  
[22:37:3]                                                   
[22:37:3] Version 0.11
[22:37:3] 
[22:37:3] Startup program, please wait...
[22:37:3] Pronounce: Приветствую вас, Славик
[22:37:20] 
New loading... Time of load: 22:37:20 

[22:37:20]    ___  ___    _____    ____   __  __   __  _____  
[22:37:20]   / /\  /\ \  / /_\ \  / /\ \ / / / /__/ / / /_\ \ 
[22:37:20]  / / / / / / / ___  / / /  \ | /  \_  __/ / ___  / 
[22:37:20] /_/ /_/ /_/ /_/  /_/ /_/    \_/    /_/   /_/  /_/  
[22:37:20]                                                   
[22:37:20] Version 0.11
[22:37:20] 
[22:37:20] Startup program, please wait...
[22:37:20] 
New loading... Time of load: 22:37:20 

[22:37:20]    ___  ___    _____    ____   __  __   __  _____  
[22:37:20]   / /\  /\ \  / /_\ \  / /\ \ / / / /__/ / / /_\ \ 
[22:37:20]  / / / / / / / ___  / / /  \ | /  \_  __/ / ___  / 
[22:37:20] /_/ /_/ /_/ /_/  /_/ /_/    \_/    /_/   /_/  /_/  
[22:37:20]                                                   
[22:37:20] Version 0.11
[22:37:20] 
[22:37:20] Startup program, please wait...
[22:37:20] Pronounce: Приветствую вас, Славик
[22:37:22] Pronounce: Вы можете спросить меня о чём-нибудь
[22:37:48] 
New loading... Time of load: 22:37:48 

[22:37:48]    ___  ___    _____    ____   __  __   __  _____  
[22:37:48]   / /\  /\ \  / /_\ \  / /\ \ / / / /__/ / / /_\ \ 
[22:37:48]  / / / / / / / ___  / / /  \ | /  \_  __/ / ___  / 
[22:37:48] /_/ /_/ /_/ /_/  /_/ /_/    \_/    /_/   /_/  /_/  
[22:37:48]                                                   
[22:37:48] Version 0.11
[22:37:48] 
[22:37:48] Startup program, please wait...
[22:37:48] 
New loading... Time of load: 22:37:48 

[22:37:48]    ___  ___    _____    ____   __  __   __  _____  
[22:37:48]   / /\  /\ \  / /_\ \  / /\ \ / / / /__/ / / /_\ \ 
[22:37:48]  / / / / / / / ___  / / /  \ | /  \_  __/ / ___  / 
[22:37:48] /_/ /_/ /_/ /_/  /_/ /_/    \_/    /_/   /_/  /_/  
[22:37:48]                                                   
[22:37:48] Version 0.11
[22:37:48] 
[22:37:48] Startup program, please wait...
[22:37:48] Pronounce: Приветствую вас, Славик
[22:37:51] Pronounce: Вы можете спросить меня о чём-нибудь
[22:37:54] 
New loading... Time of load: 22:37:54 

[22:37:54]    ___  ___    _____    ____   __  __   __  _____  
[22:37:54]   / /\  /\ \  / /_\ \  / /\ \ / / / /__/ / / /_\ \ 
[22:37:54]  / / / / / / / ___  / / /  \ | /  \_  __/ / ___  / 
[22:37:54] /_/ /_/ /_/ /_/  /_/ /_/    \_/    /_/   /_/  /_/  
[22:37:54]                                                   
[22:37:54] Version 0.11
[22:37:54] 
[22:37:54] Startup program, please wait...
[22:37:54] 
New loading... Time of load: 22:37:54 

[22:37:54]    ___  ___    _____    ____   __  __   __  _____  
[22:37:54]   / /\  /\ \  / /_\ \  / /\ \ / / / /__/ / / /_\ \ 
[22:37:54]  / / / / / / / ___  / / /  \ | /  \_  __/ / ___  / 
[22:37:54] /_/ /_/ /_/ /_/  /_/ /_/    \_/    /_/   /_/  /_/  
[22:37:54]                                                   
[22:37:54] Version 0.11
[22:37:54] 
[22:37:54] Startup program, please wait...
[22:37:54] Pronounce: Приветствую вас, Славик
[22:37:57] 
New loading... Time of load: 22:37:57 

[22:37:57]    ___  ___    _____    ____   __  __   __  _____  
[22:37:57]   / /\  /\ \  / /_\ \  / /\ \ / / / /__/ / / /_\ \ 
[22:37:57]  / / / / / / / ___  / / /  \ | /  \_  __/ / ___  / 
[22:37:57] /_/ /_/ /_/ /_/  /_/ /_/    \_/    /_/   /_/  /_/  
[22:37:57]                                                   
[22:37:57] Version 0.11
[22:37:57] 
[22:37:57] Startup program, please wait...
[22:37:57] 
New loading... Time of load: 22:37:57 

[22:37:57]    ___  ___    _____    ____   __  __   __  _____  
[22:37:57]   / /\  /\ \  / /_\ \  / /\ \ / / / /__/ / / /_\ \ 
[22:37:57]  / / / / / / / ___  / / /  \ | /  \_  __/ / ___  / 
[22:37:57] /_/ /_/ /_/ /_/  /_/ /_/    \_/    /_/   /_/  /_/  
[22:37:57]                                                   
[22:37:57] Version 0.11
[22:37:57] 
[22:37:57] Startup program, please wait...
[22:37:57] Pronounce: Приветствую вас, Славик
[22:38:1] 
New loading... Time of load: 22:38:1 

[22:38:1]    ___  ___    _____    ____   __  __   __  _____  
[22:38:1]   / /\  /\ \  / /_\ \  / /\ \ / / / /__/ / / /_\ \ 
[22:38:1]  / / / / / / / ___  / / /  \ | /  \_  __/ / ___  / 
[22:38:1] /_/ /_/ /_/ /_/  /_/ /_/    \_/    /_/   /_/  /_/  
[22:38:1]                                                   
[22:38:1] Version 0.11
[22:38:1] 
[22:38:1] Startup program, please wait...
[22:38:1] 
New loading... Time of load: 22:38:1 

[22:38:1]    ___  ___    _____    ____   __  __   __  _____  
[22:38:1]   / /\  /\ \  / /_\ \  / /\ \ / / / /__/ / / /_\ \ 
[22:38:1]  / / / / / / / ___  / / /  \ | /  \_  __/ / ___  / 
[22:38:1] /_/ /_/ /_/ /_/  /_/ /_/    \_/    /_/   /_/  /_/  
[22:38:1]                                                   
[22:38:1] Version 0.11
[22:38:1] 
[22:38:1] Startup program, please wait...
[22:38:1] Pronounce: Приветствую вас, Славик
[22:38:9] 
New loading... Time of load: 22:38:9 

[22:38:9]    ___  ___    _____    ____   __  __   __  _____  
[22:38:9]   / /\  /\ \  / /_\ \  / /\ \ / / / /__/ / / /_\ \ 
[22:38:9]  / / / / / / / ___  / / /  \ | /  \_  __/ / ___  / 
[22:38:9] /_/ /_/ /_/ /_/  /_/ /_/    \_/    /_/   /_/  /_/  
[22:38:9]                                                   
[22:38:9] Version 0.11
[22:38:9] 
[22:38:9] Startup program, please wait...
[22:38:9] 
New loading... Time of load: 22:38:9 

[22:38:9]    ___  ___    _____    ____   __  __   __  _____  
[22:38:9]   / /\  /\ \  / /_\ \  / /\ \ / / / /__/ / / /_\ \ 
[22:38:9]  / / / / / / / ___  / / /  \ | /  \_  __/ / ___  / 
[22:38:9] /_/ /_/ /_/ /_/  /_/ /_/    \_/    /_/   /_/  /_/  
[22:38:9]                                                   
[22:38:9] Version 0.11
[22:38:9] 
[22:38:9] Startup program, please wait...
[22:38:9] Pronounce: Приветствую вас, Славик
[22:38:13] 
New loading... Time of load: 22:38:13 

[22:38:13]    ___  ___    _____    ____   __  __   __  _____  
[22:38:13]   / /\  /\ \  / /_\ \  / /\ \ / / / /__/ / / /_\ \ 
[22:38:13]  / / / / / / / ___  / / /  \ | /  \_  __/ / ___  / 
[22:38:13] /_/ /_/ /_/ /_/  /_/ /_/    \_/    /_/   /_/  /_/  
[22:38:13]                                                   
[22:38:13] Version 0.11
[22:38:13] 
[22:38:13] Startup program, please wait...
[22:38:13] 
New loading... Time of load: 22:38:13 

[22:38:13]    ___  ___    _____    ____   __  __   __  _____  
[22:38:13]   / /\  /\ \  / /_\ \  / /\ \ / / / /__/ / / /_\ \ 
[22:38:13]  / / / / / / / ___  / / /  \ | /  \_  __/ / ___  / 
[22:38:13] /_/ /_/ /_/ /_/  /_/ /_/    \_/    /_/   /_/  /_/  
[22:38:13]                                                   
[22:38:13] Version 0.11
[22:38:13] 
[22:38:13] Startup program, please wait...
[22:38:13] Pronounce: Приветствую вас, Славик
[22:47:45] 
New loading... Time of load: 22:47:45 

[22:47:45]    ___  ___    _____    ____   __  __   __  _____  
[22:47:45]   / /\  /\ \  / /_\ \  / /\ \ / / / /__/ / / /_\ \ 
[22:47:45]  / / / / / / / ___  / / /  \ | /  \_  __/ / ___  / 
[22:47:45] /_/ /_/ /_/ /_/  /_/ /_/    \_/    /_/   /_/  /_/  
[22:47:45]                                                   
[22:47:45] Version 0.11
[22:47:45] 
[22:47:45] Startup program, please wait...
[22:47:45] 
New loading... Time of load: 22:47:45 

[22:47:45]    ___  ___    _____    ____   __  __   __  _____  
[22:47:45]   / /\  /\ \  / /_\ \  / /\ \ / / / /__/ / / /_\ \ 
[22:47:45]  / / / / / / / ___  / / /  \ | /  \_  __/ / ___  / 
[22:47:45] /_/ /_/ /_/ /_/  /_/ /_/    \_/    /_/   /_/  /_/  
[22:47:45]                                                   
[22:47:45] Version 0.11
[22:47:45] 
[22:47:45] Startup program, please wait...
[22:47:45] Pronounce: Приветствую вас, Славик
[22:47:46] 
New loading... Time of load: 22:47:46 

[22:47:46]    ___  ___    _____    ____   __  __   __  _____  
[22:47:46]   / /\  /\ \  / /_\ \  / /\ \ / / / /__/ / / /_\ \ 
[22:47:46]  / / / / / / / ___  / / /  \ | /  \_  __/ / ___  / 
[22:47:47] /_/ /_/ /_/ /_/  /_/ /_/    \_/    /_/   /_/  /_/  
[22:47:47]                                                   
[22:47:47] Version 0.11
[22:47:47] 
[22:47:47] Startup program, please wait...
[22:47:47] 
New loading... Time of load: 22:47:47 

[22:47:47]    ___  ___    _____    ____   __  __   __  _____  
[22:47:47]   / /\  /\ \  / /_\ \  / /\ \ / / / /__/ / / /_\ \ 
[22:47:47]  / / / / / / / ___  / / /  \ | /  \_  __/ / ___  / 
[22:47:47] /_/ /_/ /_/ /_/  /_/ /_/    \_/    /_/   /_/  /_/  
[22:47:47]                                                   
[22:47:47] Version 0.11
[22:47:47] 
[22:47:47] Startup program, please wait...
[22:47:47] Pronounce: Приветствую вас, Славик
[22:47:47] Pronounce: Чем я могу вам помочь?
[22:47:49] 
New loading... Time of load: 22:47:49 

[22:47:49]    ___  ___    _____    ____   __  __   __  _____  
[22:47:49]   / /\  /\ \  / /_\ \  / /\ \ / / / /__/ / / /_\ \ 
[22:47:49]  / / / / / / / ___  / / /  \ | /  \_  __/ / ___  / 
[22:47:49] /_/ /_/ /_/ /_/  /_/ /_/    \_/    /_/   /_/  /_/  
[22:47:49]                                                   
[22:47:49] Version 0.11
[22:47:49] 
[22:47:49] Startup program, please wait...
[22:47:49] 
New loading... Time of load: 22:47:49 

[22:47:49]    ___  ___    _____    ____   __  __   __  _____  
[22:47:49]   / /\  /\ \  / /_\ \  / /\ \ / / / /__/ / / /_\ \ 
[22:47:49]  / / / / / / / ___  / / /  \ | /  \_  __/ / ___  / 
[22:47:49] /_/ /_/ /_/ /_/  /_/ /_/    \_/    /_/   /_/  /_/  
[22:47:49]                                                   
[22:47:49] Version 0.11
[22:47:49] 
[22:47:49] Startup program, please wait...
[22:47:49] Pronounce: Приветствую вас, Славик
[22:47:56] 
New loading... Time of load: 22:47:56 

[22:47:56]    ___  ___    _____    ____   __  __   __  _____  
[22:47:56]   / /\  /\ \  / /_\ \  / /\ \ / / / /__/ / / /_\ \ 
[22:47:56]  / / / / / / / ___  / / /  \ | /  \_  __/ / ___  / 
[22:47:56] /_/ /_/ /_/ /_/  /_/ /_/    \_/    /_/   /_/  /_/  
[22:47:56]                                                   
[22:47:56] Version 0.11
[22:47:56] 
[22:47:56] Startup program, please wait...
[22:47:56] 
New loading... Time of load: 22:47:56 

[22:47:56]    ___  ___    _____    ____   __  __   __  _____  
[22:47:56]   / /\  /\ \  / /_\ \  / /\ \ / / / /__/ / / /_\ \ 
[22:47:56]  / / / / / / / ___  / / /  \ | /  \_  __/ / ___  / 
[22:47:56] /_/ /_/ /_/ /_/  /_/ /_/    \_/    /_/   /_/  /_/  
[22:47:56]                                                   
[22:47:56] Version 0.11
[22:47:56] 
[22:47:56] Startup program, please wait...
[22:47:56] Pronounce: Приветствую вас, Славик
[22:47:59] 
New loading... Time of load: 22:47:59 

[22:47:59]    ___  ___    _____    ____   __  __   __  _____  
[22:47:59]   / /\  /\ \  / /_\ \  / /\ \ / / / /__/ / / /_\ \ 
[22:47:59]  / / / / / / / ___  / / /  \ | /  \_  __/ / ___  / 
[22:47:59] /_/ /_/ /_/ /_/  /_/ /_/    \_/    /_/   /_/  /_/  
[22:47:59]                                                   
[22:47:59] Version 0.11
[22:47:59] 
[22:47:59] Startup program, please wait...
[22:47:59] 
New loading... Time of load: 22:47:59 

[22:47:59]    ___  ___    _____    ____   __  __   __  _____  
[22:47:59]   / /\  /\ \  / /_\ \  / /\ \ / / / /__/ / / /_\ \ 
[22:47:59]  / / / / / / / ___  / / /  \ | /  \_  __/ / ___  / 
[22:47:59] /_/ /_/ /_/ /_/  /_/ /_/    \_/    /_/   /_/  /_/  
[22:47:59]                                                   
[22:47:59] Version 0.11
[22:47:59] 
[22:47:59] Startup program, please wait...
[22:47:59] Pronounce: Приветствую вас, Славик
[22:49:10] 
New loading... Time of load: 22:49:10 

[22:49:10]    ___  ___    _____    ____   __  __   __  _____  
[22:49:10]   / /\  /\ \  / /_\ \  / /\ \ / / / /__/ / / /_\ \ 
[22:49:10]  / / / / / / / ___  / / /  \ | /  \_  __/ / ___  / 
[22:49:10] /_/ /_/ /_/ /_/  /_/ /_/    \_/    /_/   /_/  /_/  
[22:49:10]                                                   
[22:49:10] Version 0.11
[22:49:10] 
[22:49:10] Startup program, please wait...
[22:49:10] 
New loading... Time of load: 22:49:10 

[22:49:10]    ___  ___    _____    ____   __  __   __  _____  
[22:49:10]   / /\  /\ \  / /_\ \  / /\ \ / / / /__/ / / /_\ \ 
[22:49:10]  / / / / / / / ___  / / /  \ | /  \_  __/ / ___  / 
[22:49:10] /_/ /_/ /_/ /_/  /_/ /_/    \_/    /_/   /_/  /_/  
[22:49:10]                                                   
[22:49:10] Version 0.11
[22:49:10] 
[22:49:10] Startup program, please wait...
[22:49:10] Pronounce: Приветствую вас, Славик
[22:49:13] Pronounce: Вы можете спросить меня о чём-нибудь
[22:49:24] 
New loading... Time of load: 22:49:24 

[22:49:24]    ___  ___    _____    ____   __  __   __  _____  
[22:49:24]   / /\  /\ \  / /_\ \  / /\ \ / / / /__/ / / /_\ \ 
[22:49:24]  / / / / / / / ___  / / /  \ | /  \_  __/ / ___  / 
[22:49:24] /_/ /_/ /_/ /_/  /_/ /_/    \_/    /_/   /_/  /_/  
[22:49:24]                                                   
[22:49:24] Version 0.11
[22:49:24] 
[22:49:24] Startup program, please wait...
[22:49:24] 
New loading... Time of load: 22:49:24 

[22:49:24]    ___  ___    _____    ____   __  __   __  _____  
[22:49:24]   / /\  /\ \  / /_\ \  / /\ \ / / / /__/ / / /_\ \ 
[22:49:24]  / / / / / / / ___  / / /  \ | /  \_  __/ / ___  / 
[22:49:24] /_/ /_/ /_/ /_/  /_/ /_/    \_/    /_/   /_/  /_/  
[22:49:24]                                                   
[22:49:24] Version 0.11
[22:49:24] 
[22:49:24] Startup program, please wait...
[22:49:24] Pronounce: Приветствую вас, Славик
[22:49:27] Pronounce: Чем я могу вам помочь?
[22:49:31] 
New loading... Time of load: 22:49:31 

[22:49:31]    ___  ___    _____    ____   __  __   __  _____  
[22:49:31]   / /\  /\ \  / /_\ \  / /\ \ / / / /__/ / / /_\ \ 
[22:49:31]  / / / / / / / ___  / / /  \ | /  \_  __/ / ___  / 
[22:49:31] /_/ /_/ /_/ /_/  /_/ /_/    \_/    /_/   /_/  /_/  
[22:49:31]                                                   
[22:49:31] Version 0.11
[22:49:31] 
[22:49:31] Startup program, please wait...
[22:49:31] 
New loading... Time of load: 22:49:31 

[22:49:31]    ___  ___    _____    ____   __  __   __  _____  
[22:49:31]   / /\  /\ \  / /_\ \  / /\ \ / / / /__/ / / /_\ \ 
[22:49:31]  / / / / / / / ___  / / /  \ | /  \_  __/ / ___  / 
[22:49:31] /_/ /_/ /_/ /_/  /_/ /_/    \_/    /_/   /_/  /_/  
[22:49:31]                                                   
[22:49:31] Version 0.11
[22:49:31] 
[22:49:31] Startup program, please wait...
[22:49:31] Pronounce: Приветствую вас, Славик
[22:49:38] 
New loading... Time of load: 22:49:38 

[22:49:38]    ___  ___    _____    ____   __  __   __  _____  
[22:49:38]   / /\  /\ \  / /_\ \  / /\ \ / / / /__/ / / /_\ \ 
[22:49:38]  / / / / / / / ___  / / /  \ | /  \_  __/ / ___  / 
[22:49:38] /_/ /_/ /_/ /_/  /_/ /_/    \_/    /_/   /_/  /_/  
[22:49:38]                                                   
[22:49:38] Version 0.11
[22:49:38] 
[22:49:38] Startup program, please wait...
[22:49:38] 
New loading... Time of load: 22:49:38 

[22:49:38]    ___  ___    _____    ____   __  __   __  _____  
[22:49:38]   / /\  /\ \  / /_\ \  / /\ \ / / / /__/ / / /_\ \ 
[22:49:38]  / / / / / / / ___  / / /  \ | /  \_  __/ / ___  / 
[22:49:38] /_/ /_/ /_/ /_/  /_/ /_/    \_/    /_/   /_/  /_/  
[22:49:38]                                                   
[22:49:38] Version 0.11
[22:49:38] 
[22:49:38] Startup program, please wait...
[22:49:38] Pronounce: Приветствую вас, Славик
[22:49:48] 
New loading... Time of load: 22:49:48 

[22:49:48]    ___  ___    _____    ____   __  __   __  _____  
[22:49:48]   / /\  /\ \  / /_\ \  / /\ \ / / / /__/ / / /_\ \ 
[22:49:48]  / / / / / / / ___  / / /  \ | /  \_  __/ / ___  / 
[22:49:48] /_/ /_/ /_/ /_/  /_/ /_/    \_/    /_/   /_/  /_/  
[22:49:48]                                                   
[22:49:48] Version 0.11
[22:49:48] 
[22:49:48] Startup program, please wait...
[22:49:48] 
New loading... Time of load: 22:49:48 

[22:49:48]    ___  ___    _____    ____   __  __   __  _____  
[22:49:48]   / /\  /\ \  / /_\ \  / /\ \ / / / /__/ / / /_\ \ 
[22:49:48]  / / / / / / / ___  / / /  \ | /  \_  __/ / ___  / 
[22:49:48] /_/ /_/ /_/ /_/  /_/ /_/    \_/    /_/   /_/  /_/  
[22:49:48]                                                   
[22:49:48] Version 0.11
[22:49:48] 
[22:49:48] Startup program, please wait...
[22:49:48] Pronounce: Приветствую вас, Славик
[22:50:53] 
New loading... Time of load: 22:50:53 

[22:50:53]    ___  ___    _____    ____   __  __   __  _____  
[22:50:53]   / /\  /\ \  / /_\ \  / /\ \ / / / /__/ / / /_\ \ 
[22:50:53]  / / / / / / / ___  / / /  \ | /  \_  __/ / ___  / 
[22:50:53] /_/ /_/ /_/ /_/  /_/ /_/    \_/    /_/   /_/  /_/  
[22:50:53]                                                   
[22:50:53] Version 0.11
[22:50:53] 
[22:50:53] Startup program, please wait...
[22:50:53] 
New loading... Time of load: 22:50:53 

[22:50:53]    ___  ___    _____    ____   __  __   __  _____  
[22:50:53]   / /\  /\ \  / /_\ \  / /\ \ / / / /__/ / / /_\ \ 
[22:50:53]  / / / / / / / ___  / / /  \ | /  \_  __/ / ___  / 
[22:50:53] /_/ /_/ /_/ /_/  /_/ /_/    \_/    /_/   /_/  /_/  
[22:50:53]                                                   
[22:50:53] Version 0.11
[22:50:53] 
[22:50:53] Startup program, please wait...
[22:50:53] Pronounce: Приветствую вас, Славик
[22:50:56] Pronounce: Чем я могу вам помочь?
[22:51:0] 
New loading... Time of load: 22:51:0 

[22:51:0]    ___  ___    _____    ____   __  __   __  _____  
[22:51:0]   / /\  /\ \  / /_\ \  / /\ \ / / / /__/ / / /_\ \ 
[22:51:0]  / / / / / / / ___  / / /  \ | /  \_  __/ / ___  / 
[22:51:0] /_/ /_/ /_/ /_/  /_/ /_/    \_/    /_/   /_/  /_/  
[22:51:0]                                                   
[22:51:0] Version 0.11
[22:51:0] 
[22:51:0] Startup program, please wait...
[22:51:0] 
New loading... Time of load: 22:51:0 

[22:51:0]    ___  ___    _____    ____   __  __   __  _____  
[22:51:0]   / /\  /\ \  / /_\ \  / /\ \ / / / /__/ / / /_\ \ 
[22:51:0]  / / / / / / / ___  / / /  \ | /  \_  __/ / ___  / 
[22:51:0] /_/ /_/ /_/ /_/  /_/ /_/    \_/    /_/   /_/  /_/  
[22:51:0]                                                   
[22:51:0] Version 0.11
[22:51:0] 
[22:51:0] Startup program, please wait...
[22:51:0] Pronounce: Приветствую вас, Славик
[22:51:7] 
New loading... Time of load: 22:51:7 

[22:51:7]    ___  ___    _____    ____   __  __   __  _____  
[22:51:7]   / /\  /\ \  / /_\ \  / /\ \ / / / /__/ / / /_\ \ 
[22:51:7]  / / / / / / / ___  / / /  \ | /  \_  __/ / ___  / 
[22:51:7] /_/ /_/ /_/ /_/  /_/ /_/    \_/    /_/   /_/  /_/  
[22:51:7]                                                   
[22:51:7] Version 0.11
[22:51:7] 
[22:51:7] Startup program, please wait...
[22:51:7] 
New loading... Time of load: 22:51:7 

[22:51:7]    ___  ___    _____    ____   __  __   __  _____  
[22:51:7]   / /\  /\ \  / /_\ \  / /\ \ / / / /__/ / / /_\ \ 
[22:51:7]  / / / / / / / ___  / / /  \ | /  \_  __/ / ___  / 
[22:51:7] /_/ /_/ /_/ /_/  /_/ /_/    \_/    /_/   /_/  /_/  
[22:51:7]                                                   
[22:51:7] Version 0.11
[22:51:7] 
[22:51:7] Startup program, please wait...
[22:51:7] Pronounce: Приветствую вас, Славик
[22:51:52] 
New loading... Time of load: 22:51:52 

[22:51:52]    ___  ___    _____    ____   __  __   __  _____  
[22:51:52]   / /\  /\ \  / /_\ \  / /\ \ / / / /__/ / / /_\ \ 
[22:51:52]  / / / / / / / ___  / / /  \ | /  \_  __/ / ___  / 
[22:51:52] /_/ /_/ /_/ /_/  /_/ /_/    \_/    /_/   /_/  /_/  
[22:51:52]                                                   
[22:51:52] Version 0.11
[22:51:52] 
[22:51:52] Startup program, please wait...
[22:51:52] 
New loading... Time of load: 22:51:52 

[22:51:52]    ___  ___    _____    ____   __  __   __  _____  
[22:51:52]   / /\  /\ \  / /_\ \  / /\ \ / / / /__/ / / /_\ \ 
[22:51:52]  / / / / / / / ___  / / /  \ | /  \_  __/ / ___  / 
[22:51:52] /_/ /_/ /_/ /_/  /_/ /_/    \_/    /_/   /_/  /_/  
[22:51:52]                                                   
[22:51:52] Version 0.11
[22:51:52] 
[22:51:52] Startup program, please wait...
[22:51:52] Pronounce: Приветствую вас, Славик
[22:51:55] Pronounce: Вы можете спросить меня о чём-нибудь
[22:52:1] Recognized text: кто такой путин
[22:52:4] Pronounce: Владимир Владимирович Путин  — российский государственный и политический деятель, действующий президент Российской Федерации и верховный главнокомандующий Вооружёнными силами Российской Федерации с 7 мая 2012.
[22:52:10] 
New loading... Time of load: 22:52:10 

[22:52:10]    ___  ___    _____    ____   __  __   __  _____  
[22:52:10]   / /\  /\ \  / /_\ \  / /\ \ / / / /__/ / / /_\ \ 
[22:52:10]  / / / / / / / ___  / / /  \ | /  \_  __/ / ___  / 
[22:52:10] /_/ /_/ /_/ /_/  /_/ /_/    \_/    /_/   /_/  /_/  
[22:52:10]                                                   
[22:52:10] Version 0.11
[22:52:10] 
[22:52:10] Startup program, please wait...
[22:52:10] 
New loading... Time of load: 22:52:10 

[22:52:10]    ___  ___    _____    ____   __  __   __  _____  
[22:52:10]   / /\  /\ \  / /_\ \  / /\ \ / / / /__/ / / /_\ \ 
[22:52:10]  / / / / / / / ___  / / /  \ | /  \_  __/ / ___  / 
[22:52:10] /_/ /_/ /_/ /_/  /_/ /_/    \_/    /_/   /_/  /_/  
[22:52:10]                                                   
[22:52:10] Version 0.11
[22:52:10] 
[22:52:10] Startup program, please wait...
[22:52:10] Pronounce: Приветствую вас, Славик
[22:55:1] 
New loading... Time of load: 22:55:1 

[22:55:1]    ___  ___    _____    ____   __  __   __  _____  
[22:55:1]   / /\  /\ \  / /_\ \  / /\ \ / / / /__/ / / /_\ \ 
[22:55:1]  / / / / / / / ___  / / /  \ | /  \_  __/ / ___  / 
[22:55:1] /_/ /_/ /_/ /_/  /_/ /_/    \_/    /_/   /_/  /_/  
[22:55:1]                                                   
[22:55:1] Version 0.11
[22:55:1] 
[22:55:1] Startup program, please wait...
[22:55:1] 
New loading... Time of load: 22:55:1 

[22:55:1]    ___  ___    _____    ____   __  __   __  _____  
[22:55:1]   / /\  /\ \  / /_\ \  / /\ \ / / / /__/ / / /_\ \ 
[22:55:1]  / / / / / / / ___  / / /  \ | /  \_  __/ / ___  / 
[22:55:1] /_/ /_/ /_/ /_/  /_/ /_/    \_/    /_/   /_/  /_/  
[22:55:1]                                                   
[22:55:1] Version 0.11
[22:55:1] 
[22:55:1] Startup program, please wait...
[22:55:1] Pronounce: Приветствую вас, Славик
[22:55:32] 
New loading... Time of load: 22:55:32 

[22:55:32]    ___  ___    _____    ____   __  __   __  _____  
[22:55:32]   / /\  /\ \  / /_\ \  / /\ \ / / / /__/ / / /_\ \ 
[22:55:32]  / / / / / / / ___  / / /  \ | /  \_  __/ / ___  / 
[22:55:32] /_/ /_/ /_/ /_/  /_/ /_/    \_/    /_/   /_/  /_/  
[22:55:32]                                                   
[22:55:32] Version 0.11
[22:55:32] 
[22:55:32] Startup program, please wait...
[22:55:32] 
New loading... Time of load: 22:55:32 

[22:55:32]    ___  ___    _____    ____   __  __   __  _____  
[22:55:32]   / /\  /\ \  / /_\ \  / /\ \ / / / /__/ / / /_\ \ 
[22:55:32]  / / / / / / / ___  / / /  \ | /  \_  __/ / ___  / 
[22:55:32] /_/ /_/ /_/ /_/  /_/ /_/    \_/    /_/   /_/  /_/  
[22:55:32]                                                   
[22:55:32] Version 0.11
[22:55:32] 
[22:55:32] Startup program, please wait...
[22:55:32] Pronounce: Приветствую вас, Славик
[22:56:9] 
New loading... Time of load: 22:56:9 

[22:56:9]    ___  ___    _____    ____   __  __   __  _____  
[22:56:9]   / /\  /\ \  / /_\ \  / /\ \ / / / /__/ / / /_\ \ 
[22:56:9]  / / / / / / / ___  / / /  \ | /  \_  __/ / ___  / 
[22:56:9] /_/ /_/ /_/ /_/  /_/ /_/    \_/    /_/   /_/  /_/  
[22:56:9]                                                   
[22:56:9] Version 0.11
[22:56:9] 
[22:56:9] Startup program, please wait...
[22:56:9] 
New loading... Time of load: 22:56:9 

[22:56:9]    ___  ___    _____    ____   __  __   __  _____  
[22:56:9]   / /\  /\ \  / /_\ \  / /\ \ / / / /__/ / / /_\ \ 
[22:56:9]  / / / / / / / ___  / / /  \ | /  \_  __/ / ___  / 
[22:56:9] /_/ /_/ /_/ /_/  /_/ /_/    \_/    /_/   /_/  /_/  
[22:56:9]                                                   
[22:56:9] Version 0.11
[22:56:9] 
[22:56:9] Startup program, please wait...
[22:56:9] Pronounce: Приветствую вас, Славик
[22:57:15] 
New loading... Time of load: 22:57:15 

[22:57:15]    ___  ___    _____    ____   __  __   __  _____  
[22:57:15]   / /\  /\ \  / /_\ \  / /\ \ / / / /__/ / / /_\ \ 
[22:57:15]  / / / / / / / ___  / / /  \ | /  \_  __/ / ___  / 
[22:57:15] /_/ /_/ /_/ /_/  /_/ /_/    \_/    /_/   /_/  /_/  
[22:57:15]                                                   
[22:57:15] Version 0.11
[22:57:15] 
[22:57:15] Startup program, please wait...
[22:57:15] 
New loading... Time of load: 22:57:15 

[22:57:15]    ___  ___    _____    ____   __  __   __  _____  
[22:57:15]   / /\  /\ \  / /_\ \  / /\ \ / / / /__/ / / /_\ \ 
[22:57:15]  / / / / / / / ___  / / /  \ | /  \_  __/ / ___  / 
[22:57:15] /_/ /_/ /_/ /_/  /_/ /_/    \_/    /_/   /_/  /_/  
[22:57:15]                                                   
[22:57:15] Version 0.11
[22:57:15] 
[22:57:15] Startup program, please wait...
[22:57:15] Pronounce: Приветствую вас, Славик
[22:57:39] 
New loading... Time of load: 22:57:39 

[22:57:39]    ___  ___    _____    ____   __  __   __  _____  
[22:57:39]   / /\  /\ \  / /_\ \  / /\ \ / / / /__/ / / /_\ \ 
[22:57:39]  / / / / / / / ___  / / /  \ | /  \_  __/ / ___  / 
[22:57:39] /_/ /_/ /_/ /_/  /_/ /_/    \_/    /_/   /_/  /_/  
[22:57:39]                                                   
[22:57:39] Version 0.11
[22:57:39] 
[22:57:39] Startup program, please wait...
[22:57:39] 
New loading... Time of load: 22:57:39 

[22:57:39]    ___  ___    _____    ____   __  __   __  _____  
[22:57:39]   / /\  /\ \  / /_\ \  / /\ \ / / / /__/ / / /_\ \ 
[22:57:39]  / / / / / / / ___  / / /  \ | /  \_  __/ / ___  / 
[22:57:39] /_/ /_/ /_/ /_/  /_/ /_/    \_/    /_/   /_/  /_/  
[22:57:39]                                                   
[22:57:39] Version 0.11
[22:57:39] 
[22:57:39] Startup program, please wait...
[22:57:39] Pronounce: Приветствую вас, Славик
[22:58:27] 
New loading... Time of load: 22:58:27 

[22:58:27]    ___  ___    _____    ____   __  __   __  _____  
[22:58:27]   / /\  /\ \  / /_\ \  / /\ \ / / / /__/ / / /_\ \ 
[22:58:27]  / / / / / / / ___  / / /  \ | /  \_  __/ / ___  / 
[22:58:27] /_/ /_/ /_/ /_/  /_/ /_/    \_/    /_/   /_/  /_/  
[22:58:27]                                                   
[22:58:27] Version 0.11
[22:58:27] 
[22:58:27] Startup program, please wait...
[22:58:27] 
New loading... Time of load: 22:58:27 

[22:58:27]    ___  ___    _____    ____   __  __   __  _____  
[22:58:27]   / /\  /\ \  / /_\ \  / /\ \ / / / /__/ / / /_\ \ 
[22:58:27]  / / / / / / / ___  / / /  \ | /  \_  __/ / ___  / 
[22:58:27] /_/ /_/ /_/ /_/  /_/ /_/    \_/    /_/   /_/  /_/  
[22:58:27]                                                   
[22:58:27] Version 0.11
[22:58:27] 
[22:58:27] Startup program, please wait...
[22:58:27] Pronounce: Приветствую вас, Славик
[22:58:30] Pronounce: Вы можете спросить меня о чём-нибудь
[22:59:26] 
New loading... Time of load: 22:59:26 

[22:59:26]    ___  ___    _____    ____   __  __   __  _____  
[22:59:26]   / /\  /\ \  / /_\ \  / /\ \ / / / /__/ / / /_\ \ 
[22:59:26]  / / / / / / / ___  / / /  \ | /  \_  __/ / ___  / 
[22:59:26] /_/ /_/ /_/ /_/  /_/ /_/    \_/    /_/   /_/  /_/  
[22:59:26]                                                   
[22:59:26] Version 0.11
[22:59:26] 
[22:59:26] Startup program, please wait...
[22:59:26] 
New loading... Time of load: 22:59:26 

[22:59:26]    ___  ___    _____    ____   __  __   __  _____  
[22:59:26]   / /\  /\ \  / /_\ \  / /\ \ / / / /__/ / / /_\ \ 
[22:59:26]  / / / / / / / ___  / / /  \ | /  \_  __/ / ___  / 
[22:59:26] /_/ /_/ /_/ /_/  /_/ /_/    \_/    /_/   /_/  /_/  
[22:59:26]                                                   
[22:59:26] Version 0.11
[22:59:26] 
[22:59:26] Startup program, please wait...
[22:59:26] Pronounce: Приветствую вас, Славик
[22:59:48] 
New loading... Time of load: 22:59:48 

[22:59:48]    ___  ___    _____    ____   __  __   __  _____  
[22:59:48]   / /\  /\ \  / /_\ \  / /\ \ / / / /__/ / / /_\ \ 
[22:59:48]  / / / / / / / ___  / / /  \ | /  \_  __/ / ___  / 
[22:59:48] /_/ /_/ /_/ /_/  /_/ /_/    \_/    /_/   /_/  /_/  
[22:59:48]                                                   
[22:59:48] Version 0.11
[22:59:48] 
[22:59:48] Startup program, please wait...
[22:59:48] 
New loading... Time of load: 22:59:48 

[22:59:48]    ___  ___    _____    ____   __  __   __  _____  
[22:59:48]   / /\  /\ \  / /_\ \  / /\ \ / / / /__/ / / /_\ \ 
[22:59:48]  / / / / / / / ___  / / /  \ | /  \_  __/ / ___  / 
[22:59:48] /_/ /_/ /_/ /_/  /_/ /_/    \_/    /_/   /_/  /_/  
[22:59:48]                                                   
[22:59:48] Version 0.11
[22:59:48] 
[22:59:48] Startup program, please wait...
[22:59:48] Pronounce: Приветствую вас, Славик
[22:59:49] 
New loading... Time of load: 22:59:49 

[22:59:49]    ___  ___    _____    ____   __  __   __  _____  
[22:59:49]   / /\  /\ \  / /_\ \  / /\ \ / / / /__/ / / /_\ \ 
[22:59:49]  / / / / / / / ___  / / /  \ | /  \_  __/ / ___  / 
[22:59:49] /_/ /_/ /_/ /_/  /_/ /_/    \_/    /_/   /_/  /_/  
[22:59:49]                                                   
[22:59:49] Version 0.11
[22:59:49] 
[22:59:49] Startup program, please wait...
[22:59:50] Pronounce: Ожидаю ваших команд
[23:2:16] 
New loading... Time of load: 23:2:16 

[23:2:16]    ___  ___    _____    ____   __  __   __  _____  
[23:2:16]   / /\  /\ \  / /_\ \  / /\ \ / / / /__/ / / /_\ \ 
[23:2:16]  / / / / / / / ___  / / /  \ | /  \_  __/ / ___  / 
[23:2:16] /_/ /_/ /_/ /_/  /_/ /_/    \_/    /_/   /_/  /_/  
[23:2:16]                                                   
[23:2:16] Version 0.11
[23:2:16] 
[23:2:16] Startup program, please wait...
[23:2:16] 
New loading... Time of load: 23:2:16 

[23:2:16]    ___  ___    _____    ____   __  __   __  _____  
[23:2:16]   / /\  /\ \  / /_\ \  / /\ \ / / / /__/ / / /_\ \ 
[23:2:16]  / / / / / / / ___  / / /  \ | /  \_  __/ / ___  / 
[23:2:16] /_/ /_/ /_/ /_/  /_/ /_/    \_/    /_/   /_/  /_/  
[23:2:16]                                                   
[23:2:16] Version 0.11
[23:2:16] 
[23:2:16] Startup program, please wait...
[23:2:16] Pronounce: Приветствую вас, Славик
[23:2:42] 
New loading... Time of load: 23:2:42 

[23:2:42]    ___  ___    _____    ____   __  __   __  _____  
[23:2:42]   / /\  /\ \  / /_\ \  / /\ \ / / / /__/ / / /_\ \ 
[23:2:42]  / / / / / / / ___  / / /  \ | /  \_  __/ / ___  / 
[23:2:42] /_/ /_/ /_/ /_/  /_/ /_/    \_/    /_/   /_/  /_/  
[23:2:42]                                                   
[23:2:42] Version 0.11
[23:2:42] 
[23:2:42] Startup program, please wait...
[23:2:42] 
New loading... Time of load: 23:2:42 

[23:2:42]    ___  ___    _____    ____   __  __   __  _____  
[23:2:42]   / /\  /\ \  / /_\ \  / /\ \ / / / /__/ / / /_\ \ 
[23:2:42]  / / / / / / / ___  / / /  \ | /  \_  __/ / ___  / 
[23:2:42] /_/ /_/ /_/ /_/  /_/ /_/    \_/    /_/   /_/  /_/  
[23:2:42]                                                   
[23:2:42] Version 0.11
[23:2:42] 
[23:2:42] Startup program, please wait...
[23:2:42] Pronounce: Приветствую вас, Славик
[23:2:44] Pronounce: Вы можете спросить меня о чём-нибудь
[23:2:48] 
New loading... Time of load: 23:2:48 

[23:2:48]    ___  ___    _____    ____   __  __   __  _____  
[23:2:48]   / /\  /\ \  / /_\ \  / /\ \ / / / /__/ / / /_\ \ 
[23:2:48]  / / / / / / / ___  / / /  \ | /  \_  __/ / ___  / 
[23:2:48] /_/ /_/ /_/ /_/  /_/ /_/    \_/    /_/   /_/  /_/  
[23:2:48]                                                   
[23:2:48] Version 0.11
[23:2:48] 
[23:2:48] Startup program, please wait...
[23:2:48] 
New loading... Time of load: 23:2:48 

[23:2:48]    ___  ___    _____    ____   __  __   __  _____  
[23:2:48]   / /\  /\ \  / /_\ \  / /\ \ / / / /__/ / / /_\ \ 
[23:2:48]  / / / / / / / ___  / / /  \ | /  \_  __/ / ___  / 
[23:2:48] /_/ /_/ /_/ /_/  /_/ /_/    \_/    /_/   /_/  /_/  
[23:2:48]                                                   
[23:2:48] Version 0.11
[23:2:48] 
[23:2:48] Startup program, please wait...
[23:2:48] Pronounce: Приветствую вас, Славик
[23:28:15] 
New loading... Time of load: 23:28:15 

[23:28:15]    ___  ___    _____    ____   __  __   __  _____  
[23:28:15]   / /\  /\ \  / /_\ \  / /\ \ / / / /__/ / / /_\ \ 
[23:28:15]  / / / / / / / ___  / / /  \ | /  \_  __/ / ___  / 
[23:28:15] /_/ /_/ /_/ /_/  /_/ /_/    \_/    /_/   /_/  /_/  
[23:28:15]                                                   
[23:28:15] Version 0.11
[23:28:15] 
[23:28:15] Startup program, please wait...
[23:28:15] 
New loading... Time of load: 23:28:15 

[23:28:15]    ___  ___    _____    ____   __  __   __  _____  
[23:28:15]   / /\  /\ \  / /_\ \  / /\ \ / / / /__/ / / /_\ \ 
[23:28:15]  / / / / / / / ___  / / /  \ | /  \_  __/ / ___  / 
[23:28:15] /_/ /_/ /_/ /_/  /_/ /_/    \_/    /_/   /_/  /_/  
[23:28:15]                                                   
[23:28:15] Version 0.11
[23:28:15] 
[23:28:15] Startup program, please wait...
[23:28:15] Pronounce: Приветствую вас, Славик
[23:28:18] Pronounce: Вы можете спросить меня о чём-нибудь
[23:28:24] Error: Can't recognize command
[23:28:29] 
New loading... Time of load: 23:28:29 

[23:28:29]    ___  ___    _____    ____   __  __   __  _____  
[23:28:29]   / /\  /\ \  / /_\ \  / /\ \ / / / /__/ / / /_\ \ 
[23:28:29]  / / / / / / / ___  / / /  \ | /  \_  __/ / ___  / 
[23:28:29] /_/ /_/ /_/ /_/  /_/ /_/    \_/    /_/   /_/  /_/  
[23:28:29]                                                   
[23:28:29] Version 0.11
[23:28:29] 
[23:28:29] Startup program, please wait...
[23:28:29] 
New loading... Time of load: 23:28:29 

[23:28:29]    ___  ___    _____    ____   __  __   __  _____  
[23:28:29]   / /\  /\ \  / /_\ \  / /\ \ / / / /__/ / / /_\ \ 
[23:28:29]  / / / / / / / ___  / / /  \ | /  \_  __/ / ___  / 
[23:28:29] /_/ /_/ /_/ /_/  /_/ /_/    \_/    /_/   /_/  /_/  
[23:28:29]                                                   
[23:28:29] Version 0.11
[23:28:29] 
[23:28:29] Startup program, please wait...
[23:28:29] Pronounce: Приветствую вас, Славик
[23:29:24] 
New loading... Time of load: 23:29:24 

[23:29:24]    ___  ___    _____    ____   __  __   __  _____  
[23:29:24]   / /\  /\ \  / /_\ \  / /\ \ / / / /__/ / / /_\ \ 
[23:29:24]  / / / / / / / ___  / / /  \ | /  \_  __/ / ___  / 
[23:29:24] /_/ /_/ /_/ /_/  /_/ /_/    \_/    /_/   /_/  /_/  
[23:29:24]                                                   
[23:29:24] Version 0.11
[23:29:24] 
[23:29:24] Startup program, please wait...
[23:29:24] 
New loading... Time of load: 23:29:24 

[23:29:24]    ___  ___    _____    ____   __  __   __  _____  
[23:29:24]   / /\  /\ \  / /_\ \  / /\ \ / / / /__/ / / /_\ \ 
[23:29:24]  / / / / / / / ___  / / /  \ | /  \_  __/ / ___  / 
[23:29:24] /_/ /_/ /_/ /_/  /_/ /_/    \_/    /_/   /_/  /_/  
[23:29:24]                                                   
[23:29:24] Version 0.11
[23:29:24] 
[23:29:24] Startup program, please wait...
[23:29:24] Pronounce: Приветствую вас, Славик
[23:29:27] Pronounce: Вы можете спросить меня о чём-нибудь
[23:29:43] 
New loading... Time of load: 23:29:43 

[23:29:43]    ___  ___    _____    ____   __  __   __  _____  
[23:29:43]   / /\  /\ \  / /_\ \  / /\ \ / / / /__/ / / /_\ \ 
[23:29:43]  / / / / / / / ___  / / /  \ | /  \_  __/ / ___  / 
[23:29:43] /_/ /_/ /_/ /_/  /_/ /_/    \_/    /_/   /_/  /_/  
[23:29:43]                                                   
[23:29:43] Version 0.11
[23:29:43] 
[23:29:43] Startup program, please wait...
[23:29:43] 
New loading... Time of load: 23:29:43 

[23:29:43]    ___  ___    _____    ____   __  __   __  _____  
[23:29:43]   / /\  /\ \  / /_\ \  / /\ \ / / / /__/ / / /_\ \ 
[23:29:43]  / / / / / / / ___  / / /  \ | /  \_  __/ / ___  / 
[23:29:43] /_/ /_/ /_/ /_/  /_/ /_/    \_/    /_/   /_/  /_/  
[23:29:43]                                                   
[23:29:43] Version 0.11
[23:29:43] 
[23:29:43] Startup program, please wait...
[23:29:43] Pronounce: Приветствую вас, Славик
[23:29:46] Pronounce: Чем я могу вам помочь?
[23:30:14] 
New loading... Time of load: 23:30:14 

[23:30:14]    ___  ___    _____    ____   __  __   __  _____  
[23:30:14]   / /\  /\ \  / /_\ \  / /\ \ / / / /__/ / / /_\ \ 
[23:30:14]  / / / / / / / ___  / / /  \ | /  \_  __/ / ___  / 
[23:30:14] /_/ /_/ /_/ /_/  /_/ /_/    \_/    /_/   /_/  /_/  
[23:30:14]                                                   
[23:30:14] Version 0.11
[23:30:14] 
[23:30:14] Startup program, please wait...
[23:30:14] 
New loading... Time of load: 23:30:14 

[23:30:14]    ___  ___    _____    ____   __  __   __  _____  
[23:30:14]   / /\  /\ \  / /_\ \  / /\ \ / / / /__/ / / /_\ \ 
[23:30:14]  / / / / / / / ___  / / /  \ | /  \_  __/ / ___  / 
[23:30:14] /_/ /_/ /_/ /_/  /_/ /_/    \_/    /_/   /_/  /_/  
[23:30:14]                                                   
[23:30:14] Version 0.11
[23:30:14] 
[23:30:14] Startup program, please wait...
[23:30:14] Pronounce: Приветствую вас, Славик
[23:30:17] Pronounce: Чем я могу вам помочь?
[23:30:23] 
New loading... Time of load: 23:30:23 

[23:30:23]    ___  ___    _____    ____   __  __   __  _____  
[23:30:23]   / /\  /\ \  / /_\ \  / /\ \ / / / /__/ / / /_\ \ 
[23:30:23]  / / / / / / / ___  / / /  \ | /  \_  __/ / ___  / 
[23:30:23] /_/ /_/ /_/ /_/  /_/ /_/    \_/    /_/   /_/  /_/  
[23:30:23]                                                   
[23:30:23] Version 0.11
[23:30:23] 
[23:30:23] Startup program, please wait...
[23:30:23] 
New loading... Time of load: 23:30:23 

[23:30:23]    ___  ___    _____    ____   __  __   __  _____  
[23:30:23]   / /\  /\ \  / /_\ \  / /\ \ / / / /__/ / / /_\ \ 
[23:30:23]  / / / / / / / ___  / / /  \ | /  \_  __/ / ___  / 
[23:30:23] /_/ /_/ /_/ /_/  /_/ /_/    \_/    /_/   /_/  /_/  
[23:30:23]                                                   
[23:30:23] Version 0.11
[23:30:23] 
[23:30:23] Startup program, please wait...
[23:30:23] Pronounce: Приветствую вас, Славик
[23:30:27] Error: Can't recognize command
[23:30:34] Error: Can't recognize command
[23:30:39] Recognized text: привет
[23:30:39] Pronounce: Халоу
[23:30:49] 
New loading... Time of load: 23:30:49 

[23:30:49]    ___  ___    _____    ____   __  __   __  _____  
[23:30:49]   / /\  /\ \  / /_\ \  / /\ \ / / / /__/ / / /_\ \ 
[23:30:49]  / / / / / / / ___  / / /  \ | /  \_  __/ / ___  / 
[23:30:49] /_/ /_/ /_/ /_/  /_/ /_/    \_/    /_/   /_/  /_/  
[23:30:49]                                                   
[23:30:49] Version 0.11
[23:30:49] 
[23:30:49] Startup program, please wait...
[23:30:49] 
New loading... Time of load: 23:30:49 

[23:30:49]    ___  ___    _____    ____   __  __   __  _____  
[23:30:49]   / /\  /\ \  / /_\ \  / /\ \ / / / /__/ / / /_\ \ 
[23:30:49]  / / / / / / / ___  / / /  \ | /  \_  __/ / ___  / 
[23:30:49] /_/ /_/ /_/ /_/  /_/ /_/    \_/    /_/   /_/  /_/  
[23:30:49]                                                   
[23:30:49] Version 0.11
[23:30:49] 
[23:30:49] Startup program, please wait...
[23:30:49] Pronounce: Приветствую вас, Славик
[23:32:3] 
New loading... Time of load: 23:32:3 

[23:32:3]    ___  ___    _____    ____   __  __   __  _____  
[23:32:3]   / /\  /\ \  / /_\ \  / /\ \ / / / /__/ / / /_\ \ 
[23:32:3]  / / / / / / / ___  / / /  \ | /  \_  __/ / ___  / 
[23:32:3] /_/ /_/ /_/ /_/  /_/ /_/    \_/    /_/   /_/  /_/  
[23:32:3]                                                   
[23:32:3] Version 0.11
[23:32:3] 
[23:32:3] Startup program, please wait...
[23:32:3] 
New loading... Time of load: 23:32:3 

[23:32:3]    ___  ___    _____    ____   __  __   __  _____  
[23:32:3]   / /\  /\ \  / /_\ \  / /\ \ / / / /__/ / / /_\ \ 
[23:32:3]  / / / / / / / ___  / / /  \ | /  \_  __/ / ___  / 
[23:32:3] /_/ /_/ /_/ /_/  /_/ /_/    \_/    /_/   /_/  /_/  
[23:32:3]                                                   
[23:32:3] Version 0.11
[23:32:3] 
[23:32:3] Startup program, please wait...
[23:32:3] Pronounce: Приветствую вас, Славик
[23:32:6] Pronounce: Чем я могу вам помочь?
[23:32:24] Recognized text: привет
[23:32:24] Pronounce: Привет
[23:32:31] Error: Can't recognize command
[23:32:50] 
New loading... Time of load: 23:32:50 

[23:32:50]    ___  ___    _____    ____   __  __   __  _____  
[23:32:50]   / /\  /\ \  / /_\ \  / /\ \ / / / /__/ / / /_\ \ 
[23:32:50]  / / / / / / / ___  / / /  \ | /  \_  __/ / ___  / 
[23:32:50] /_/ /_/ /_/ /_/  /_/ /_/    \_/    /_/   /_/  /_/  
[23:32:50]                                                   
[23:32:50] Version 0.11
[23:32:50] 
[23:32:50] Startup program, please wait...
[23:32:50] 
New loading... Time of load: 23:32:50 

[23:32:50]    ___  ___    _____    ____   __  __   __  _____  
[23:32:50]   / /\  /\ \  / /_\ \  / /\ \ / / / /__/ / / /_\ \ 
[23:32:50]  / / / / / / / ___  / / /  \ | /  \_  __/ / ___  / 
[23:32:50] /_/ /_/ /_/ /_/  /_/ /_/    \_/    /_/   /_/  /_/  
[23:32:50]                                                   
[23:32:50] Version 0.11
[23:32:50] 
[23:32:50] Startup program, please wait...
[23:32:50] Pronounce: Приветствую вас, Славик
[23:37:44] 
New loading... Time of load: 23:37:44 

[23:37:44]    ___  ___    _____    ____   __  __   __  _____  
[23:37:44]   / /\  /\ \  / /_\ \  / /\ \ / / / /__/ / / /_\ \ 
[23:37:44]  / / / / / / / ___  / / /  \ | /  \_  __/ / ___  / 
[23:37:44] /_/ /_/ /_/ /_/  /_/ /_/    \_/    /_/   /_/  /_/  
[23:37:44]                                                   
[23:37:44] Version 0.11
[23:37:44] 
[23:37:44] Startup program, please wait...
[23:37:44] 
New loading... Time of load: 23:37:44 

[23:37:44]    ___  ___    _____    ____   __  __   __  _____  
[23:37:44]   / /\  /\ \  / /_\ \  / /\ \ / / / /__/ / / /_\ \ 
[23:37:44]  / / / / / / / ___  / / /  \ | /  \_  __/ / ___  / 
[23:37:44] /_/ /_/ /_/ /_/  /_/ /_/    \_/    /_/   /_/  /_/  
[23:37:44]                                                   
[23:37:44] Version 0.11
[23:37:44] 
[23:37:44] Startup program, please wait...
[23:37:44] Pronounce: Приветствую вас, Славик
[23:37:47] Pronounce: Ожидаю ваших команд
[23:37:54] 
New loading... Time of load: 23:37:54 

[23:37:54]    ___  ___    _____    ____   __  __   __  _____  
[23:37:54]   / /\  /\ \  / /_\ \  / /\ \ / / / /__/ / / /_\ \ 
[23:37:54]  / / / / / / / ___  / / /  \ | /  \_  __/ / ___  / 
[23:37:54] /_/ /_/ /_/ /_/  /_/ /_/    \_/    /_/   /_/  /_/  
[23:37:54]                                                   
[23:37:54] Version 0.11
[23:37:54] 
[23:37:54] Startup program, please wait...
[23:37:54] 
New loading... Time of load: 23:37:54 

[23:37:54]    ___  ___    _____    ____   __  __   __  _____  
[23:37:54]   / /\  /\ \  / /_\ \  / /\ \ / / / /__/ / / /_\ \ 
[23:37:54]  / / / / / / / ___  / / /  \ | /  \_  __/ / ___  / 
[23:37:54] /_/ /_/ /_/ /_/  /_/ /_/    \_/    /_/   /_/  /_/  
[23:37:54]                                                   
[23:37:54] Version 0.11
[23:37:54] 
[23:37:54] Startup program, please wait...
[23:37:54] Pronounce: Приветствую вас, Славик
[23:39:6] 
New loading... Time of load: 23:39:6 

[23:39:6]    ___  ___    _____    ____   __  __   __  _____  
[23:39:6]   / /\  /\ \  / /_\ \  / /\ \ / / / /__/ / / /_\ \ 
[23:39:6]  / / / / / / / ___  / / /  \ | /  \_  __/ / ___  / 
[23:39:6] /_/ /_/ /_/ /_/  /_/ /_/    \_/    /_/   /_/  /_/  
[23:39:6]                                                   
[23:39:6] Version 0.11
[23:39:6] 
[23:39:6] Startup program, please wait...
[23:39:6] 
New loading... Time of load: 23:39:6 

[23:39:6]    ___  ___    _____    ____   __  __   __  _____  
[23:39:6]   / /\  /\ \  / /_\ \  / /\ \ / / / /__/ / / /_\ \ 
[23:39:6]  / / / / / / / ___  / / /  \ | /  \_  __/ / ___  / 
[23:39:6] /_/ /_/ /_/ /_/  /_/ /_/    \_/    /_/   /_/  /_/  
[23:39:6]                                                   
[23:39:6] Version 0.11
[23:39:6] 
[23:39:6] Startup program, please wait...
[23:39:6] Pronounce: Приветствую вас, Славик
[23:39:9] Pronounce: Вы можете спросить меня о чём-нибудь
[23:39:16] Recognized text: погода
[23:39:16] Pronounce: 17 градусов по цельсию, Облачно
[23:39:32] Recognized text: хочу
[23:39:32] Pronounce: Команда не была распознана
[23:40:2] 
New loading... Time of load: 23:40:2 

[23:40:2]    ___  ___    _____    ____   __  __   __  _____  
[23:40:2]   / /\  /\ \  / /_\ \  / /\ \ / / / /__/ / / /_\ \ 
[23:40:2]  / / / / / / / ___  / / /  \ | /  \_  __/ / ___  / 
[23:40:2] /_/ /_/ /_/ /_/  /_/ /_/    \_/    /_/   /_/  /_/  
[23:40:2]                                                   
[23:40:2] Version 0.11
[23:40:2] 
[23:40:2] Startup program, please wait...
[23:40:2] 
New loading... Time of load: 23:40:2 

[23:40:2]    ___  ___    _____    ____   __  __   __  _____  
[23:40:2]   / /\  /\ \  / /_\ \  / /\ \ / / / /__/ / / /_\ \ 
[23:40:2]  / / / / / / / ___  / / /  \ | /  \_  __/ / ___  / 
[23:40:2] /_/ /_/ /_/ /_/  /_/ /_/    \_/    /_/   /_/  /_/  
[23:40:2]                                                   
[23:40:2] Version 0.11
[23:40:2] 
[23:40:2] Startup program, please wait...
[23:40:2] Pronounce: Приветствую вас, Славик
[23:42:41] 
New loading... Time of load: 23:42:41 

[23:42:41]    ___  ___    _____    ____   __  __   __  _____  
[23:42:41]   / /\  /\ \  / /_\ \  / /\ \ / / / /__/ / / /_\ \ 
[23:42:41]  / / / / / / / ___  / / /  \ | /  \_  __/ / ___  / 
[23:42:41] /_/ /_/ /_/ /_/  /_/ /_/    \_/    /_/   /_/  /_/  
[23:42:41]                                                   
[23:42:41] Version 0.11
[23:42:41] 
[23:42:41] Startup program, please wait...
[23:42:41] 
New loading... Time of load: 23:42:41 

[23:42:41]    ___  ___    _____    ____   __  __   __  _____  
[23:42:41]   / /\  /\ \  / /_\ \  / /\ \ / / / /__/ / / /_\ \ 
[23:42:41]  / / / / / / / ___  / / /  \ | /  \_  __/ / ___  / 
[23:42:41] /_/ /_/ /_/ /_/  /_/ /_/    \_/    /_/   /_/  /_/  
[23:42:41]                                                   
[23:42:41] Version 0.11
[23:42:41] 
[23:42:41] Startup program, please wait...
[23:42:41] Pronounce: Приветствую вас, Славик
[23:44:20] 
New loading... Time of load: 23:44:20 

[23:44:20]    ___  ___    _____    ____   __  __   __  _____  
[23:44:20]   / /\  /\ \  / /_\ \  / /\ \ / / / /__/ / / /_\ \ 
[23:44:20]  / / / / / / / ___  / / /  \ | /  \_  __/ / ___  / 
[23:44:20] /_/ /_/ /_/ /_/  /_/ /_/    \_/    /_/   /_/  /_/  
[23:44:20]                                                   
[23:44:20] Version 0.11
[23:44:20] 
[23:44:20] Startup program, please wait...
[23:44:20] 
New loading... Time of load: 23:44:20 

[23:44:20]    ___  ___    _____    ____   __  __   __  _____  
[23:44:20]   / /\  /\ \  / /_\ \  / /\ \ / / / /__/ / / /_\ \ 
[23:44:20]  / / / / / / / ___  / / /  \ | /  \_  __/ / ___  / 
[23:44:20] /_/ /_/ /_/ /_/  /_/ /_/    \_/    /_/   /_/  /_/  
[23:44:20]                                                   
[23:44:20] Version 0.11
[23:44:20] 
[23:44:20] Startup program, please wait...
[23:44:20] Pronounce: Приветствую вас, Славик
