[21:39:37] 
New loading... Time of load: 21:39:37 

[21:39:37]    ___  ___    _____    ____   __  __   __  _____  
[21:39:37]   / /\  /\ \  / /_\ \  / /\ \ / / / /__/ / / /_\ \ 
[21:39:37]  / / / / / / / ___  / / /  \ | /  \_  __/ / ___  / 
[21:39:37] /_/ /_/ /_/ /_/  /_/ /_/    \_/    /_/   /_/  /_/  
[21:39:37]                                                   
[21:39:37] Version 0.11
[21:39:37] 
[21:39:37] Startup program, please wait...
[21:39:39] Pronounce: Приветствую вас, Славик
[21:40:13] 
New loading... Time of load: 21:40:13 

[21:40:13]    ___  ___    _____    ____   __  __   __  _____  
[21:40:13]   / /\  /\ \  / /_\ \  / /\ \ / / / /__/ / / /_\ \ 
[21:40:13]  / / / / / / / ___  / / /  \ | /  \_  __/ / ___  / 
[21:40:13] /_/ /_/ /_/ /_/  /_/ /_/    \_/    /_/   /_/  /_/  
[21:40:13]                                                   
[21:40:13] Version 0.11
[21:40:13] 
[21:40:13] Startup program, please wait...
[21:40:15] Pronounce: Приветствую вас, Славик
[21:40:18] Pronounce: Вы можете спросить меня о чём-нибудь
[21:40:26] Recognized text: когда было ледовое побоище
[21:40:28] Pronounce: 5 апреля 1242 года
[21:40:38] Recognized text: спасибо
[21:40:38] Pronounce: Не за что
[21:40:44] Recognized text: погода
[21:40:44] Pronounce: 22 градус по цельсию, Облачно
