[13:47:36] 
New loading... Time of load: 13:47:36 

[13:47:36]    ___  ___    _____    ____   __  __   __  _____  
[13:47:36]   / /\  /\ \  / /_\ \  / /\ \ / / / /__/ / / /_\ \ 
[13:47:36]  / / / / / / / ___  / / /  \ | /  \_  __/ / ___  / 
[13:47:36] /_/ /_/ /_/ /_/  /_/ /_/    \_/    /_/   /_/  /_/  
[13:47:36]                                                   
[13:47:36] Version 0.11
[13:47:36] 
[13:47:36] Startup program, please wait...
[13:47:36] 
New loading... Time of load: 13:47:36 

[13:47:36]    ___  ___    _____    ____   __  __   __  _____  
[13:47:36]   / /\  /\ \  / /_\ \  / /\ \ / / / /__/ / / /_\ \ 
[13:47:36]  / / / / / / / ___  / / /  \ | /  \_  __/ / ___  / 
[13:47:36] /_/ /_/ /_/ /_/  /_/ /_/    \_/    /_/   /_/  /_/  
[13:47:36]                                                   
[13:47:36] Version 0.11
[13:47:36] 
[13:47:36] Startup program, please wait...
[13:47:36] Pronounce: Приветствую вас, Славик
[13:47:39] Pronounce: Ожидаю ваших команд
[13:47:48] Error: Can't recognize command
[13:47:58] Recognized text: погода
[13:47:59] Pronounce: 20 градусов по цельсию, Ясно
[16:43:45] 
New loading... Time of load: 16:43:45 

[16:43:45]    ___  ___    _____    ____   __  __   __  _____  
[16:43:45]   / /\  /\ \  / /_\ \  / /\ \ / / / /__/ / / /_\ \ 
[16:43:45]  / / / / / / / ___  / / /  \ | /  \_  __/ / ___  / 
[16:43:45] /_/ /_/ /_/ /_/  /_/ /_/    \_/    /_/   /_/  /_/  
[16:43:45]                                                   
[16:43:45] Version 0.11
[16:43:45] 
[16:43:45] Startup program, please wait...
[16:43:45] 
New loading... Time of load: 16:43:45 

[16:43:45]    ___  ___    _____    ____   __  __   __  _____  
[16:43:45]   / /\  /\ \  / /_\ \  / /\ \ / / / /__/ / / /_\ \ 
[16:43:45]  / / / / / / / ___  / / /  \ | /  \_  __/ / ___  / 
[16:43:45] /_/ /_/ /_/ /_/  /_/ /_/    \_/    /_/   /_/  /_/  
[16:43:45]                                                   
[16:43:45] Version 0.11
[16:43:45] 
[16:43:45] Startup program, please wait...
[16:43:45] Pronounce: Приветствую вас, Славик
[16:43:47] Pronounce: Ожидаю ваших команд
[16:43:58] Recognized text: привет
[16:43:58] Pronounce: Халоу
[16:44:11] Recognized text: что ты умеешь
[16:44:11] Pronounce: Вот, что я умею: 

[16:44:31] Recognized text: когда было ледовое побоище
[16:44:32] Pronounce: 5 апреля 1242 года
[16:47:16] 
New loading... Time of load: 16:47:16 

[16:47:16]    ___  ___    _____    ____   __  __   __  _____  
[16:47:16]   / /\  /\ \  / /_\ \  / /\ \ / / / /__/ / / /_\ \ 
[16:47:16]  / / / / / / / ___  / / /  \ | /  \_  __/ / ___  / 
[16:47:16] /_/ /_/ /_/ /_/  /_/ /_/    \_/    /_/   /_/  /_/  
[16:47:16]                                                   
[16:47:16] Version 0.11
[16:47:16] 
[16:47:16] Startup program, please wait...
[16:47:16] 
New loading... Time of load: 16:47:16 

[16:47:16]    ___  ___    _____    ____   __  __   __  _____  
[16:47:16]   / /\  /\ \  / /_\ \  / /\ \ / / / /__/ / / /_\ \ 
[16:47:16]  / / / / / / / ___  / / /  \ | /  \_  __/ / ___  / 
[16:47:16] /_/ /_/ /_/ /_/  /_/ /_/    \_/    /_/   /_/  /_/  
[16:47:16]                                                   
[16:47:16] Version 0.11
[16:47:16] 
[16:47:16] Startup program, please wait...
[16:47:16] Pronounce: Приветствую вас, Славик
[16:47:19] Pronounce: Вы можете спросить меня о чём-нибудь
[16:47:25] Recognized text: привет
[16:48:39] 
New loading... Time of load: 16:48:39 

[16:48:39]    ___  ___    _____    ____   __  __   __  _____  
[16:48:39]   / /\  /\ \  / /_\ \  / /\ \ / / / /__/ / / /_\ \ 
[16:48:39]  / / / / / / / ___  / / /  \ | /  \_  __/ / ___  / 
[16:48:39] /_/ /_/ /_/ /_/  /_/ /_/    \_/    /_/   /_/  /_/  
[16:48:39]                                                   
[16:48:39] Version 0.11
[16:48:39] 
[16:48:39] Startup program, please wait...
[16:48:39] 
New loading... Time of load: 16:48:39 

[16:48:39]    ___  ___    _____    ____   __  __   __  _____  
[16:48:39]   / /\  /\ \  / /_\ \  / /\ \ / / / /__/ / / /_\ \ 
[16:48:39]  / / / / / / / ___  / / /  \ | /  \_  __/ / ___  / 
[16:48:39] /_/ /_/ /_/ /_/  /_/ /_/    \_/    /_/   /_/  /_/  
[16:48:39]                                                   
[16:48:39] Version 0.11
[16:48:39] 
[16:48:39] Startup program, please wait...
[16:48:39] Pronounce: Приветствую вас, Славик
[16:48:42] Pronounce: Ожидаю ваших команд
[16:48:49] Recognized text: привет
[16:51:29] 
New loading... Time of load: 16:51:29 

[16:51:29]    ___  ___    _____    ____   __  __   __  _____  
[16:51:29]   / /\  /\ \  / /_\ \  / /\ \ / / / /__/ / / /_\ \ 
[16:51:29]  / / / / / / / ___  / / /  \ | /  \_  __/ / ___  / 
[16:51:29] /_/ /_/ /_/ /_/  /_/ /_/    \_/    /_/   /_/  /_/  
[16:51:29]                                                   
[16:51:29] Version 0.11
[16:51:29] 
[16:51:29] Startup program, please wait...
[16:51:29] 
New loading... Time of load: 16:51:29 

[16:51:29]    ___  ___    _____    ____   __  __   __  _____  
[16:51:29]   / /\  /\ \  / /_\ \  / /\ \ / / / /__/ / / /_\ \ 
[16:51:29]  / / / / / / / ___  / / /  \ | /  \_  __/ / ___  / 
[16:51:29] /_/ /_/ /_/ /_/  /_/ /_/    \_/    /_/   /_/  /_/  
[16:51:29]                                                   
[16:51:29] Version 0.11
[16:51:29] 
[16:51:29] Startup program, please wait...
[16:51:29] Pronounce: Приветствую вас, Славик
[16:51:32] Pronounce: Ожидаю ваших команд
[16:51:43] Error: Can't recognize command
[16:52:12] Recognized text: привет
[17:2:14] 
New loading... Time of load: 17:2:14 

[17:2:14]    ___  ___    _____    ____   __  __   __  _____  
[17:2:14]   / /\  /\ \  / /_\ \  / /\ \ / / / /__/ / / /_\ \ 
[17:2:14]  / / / / / / / ___  / / /  \ | /  \_  __/ / ___  / 
[17:2:14] /_/ /_/ /_/ /_/  /_/ /_/    \_/    /_/   /_/  /_/  
[17:2:14]                                                   
[17:2:14] Version 0.11
[17:2:14] 
[17:2:14] Startup program, please wait...
[17:2:14] 
New loading... Time of load: 17:2:14 

[17:2:14]    ___  ___    _____    ____   __  __   __  _____  
[17:2:14]   / /\  /\ \  / /_\ \  / /\ \ / / / /__/ / / /_\ \ 
[17:2:14]  / / / / / / / ___  / / /  \ | /  \_  __/ / ___  / 
[17:2:14] /_/ /_/ /_/ /_/  /_/ /_/    \_/    /_/   /_/  /_/  
[17:2:14]                                                   
[17:2:14] Version 0.11
[17:2:14] 
[17:2:14] Startup program, please wait...
[17:2:14] Pronounce: Приветствую вас, Славик
[17:2:17] Pronounce: Ожидаю ваших команд
[17:2:22] Recognized text: привет
[17:7:12] 
New loading... Time of load: 17:7:12 

[17:7:12]    ___  ___    _____    ____   __  __   __  _____  
[17:7:12]   / /\  /\ \  / /_\ \  / /\ \ / / / /__/ / / /_\ \ 
[17:7:12]  / / / / / / / ___  / / /  \ | /  \_  __/ / ___  / 
[17:7:12] /_/ /_/ /_/ /_/  /_/ /_/    \_/    /_/   /_/  /_/  
[17:7:12]                                                   
[17:7:12] Version 0.11
[17:7:12] 
[17:7:12] Startup program, please wait...
[17:7:12] 
New loading... Time of load: 17:7:12 

[17:7:12]    ___  ___    _____    ____   __  __   __  _____  
[17:7:12]   / /\  /\ \  / /_\ \  / /\ \ / / / /__/ / / /_\ \ 
[17:7:12]  / / / / / / / ___  / / /  \ | /  \_  __/ / ___  / 
[17:7:12] /_/ /_/ /_/ /_/  /_/ /_/    \_/    /_/   /_/  /_/  
[17:7:12]                                                   
[17:7:12] Version 0.11
[17:7:12] 
[17:7:12] Startup program, please wait...
[17:7:12] Pronounce: Приветствую вас, Славик
[17:9:32] 
New loading... Time of load: 17:9:32 

[17:9:32]    ___  ___    _____    ____   __  __   __  _____  
[17:9:32]   / /\  /\ \  / /_\ \  / /\ \ / / / /__/ / / /_\ \ 
[17:9:32]  / / / / / / / ___  / / /  \ | /  \_  __/ / ___  / 
[17:9:32] /_/ /_/ /_/ /_/  /_/ /_/    \_/    /_/   /_/  /_/  
[17:9:32]                                                   
[17:9:32] Version 0.11
[17:9:32] 
[17:9:32] Startup program, please wait...
[17:9:32] 
New loading... Time of load: 17:9:32 

[17:9:32]    ___  ___    _____    ____   __  __   __  _____  
[17:9:32]   / /\  /\ \  / /_\ \  / /\ \ / / / /__/ / / /_\ \ 
[17:9:32]  / / / / / / / ___  / / /  \ | /  \_  __/ / ___  / 
[17:9:32] /_/ /_/ /_/ /_/  /_/ /_/    \_/    /_/   /_/  /_/  
[17:9:32]                                                   
[17:9:32] Version 0.11
[17:9:32] 
[17:9:32] Startup program, please wait...
[17:9:32] Pronounce: Приветствую вас, Славик
[17:9:35] Pronounce: Ожидаю ваших команд
[17:9:46] Recognized text: что ты умеешь
[17:13:2] 
New loading... Time of load: 17:13:2 

[17:13:2]    ___  ___    _____    ____   __  __   __  _____  
[17:13:2]   / /\  /\ \  / /_\ \  / /\ \ / / / /__/ / / /_\ \ 
[17:13:2]  / / / / / / / ___  / / /  \ | /  \_  __/ / ___  / 
[17:13:2] /_/ /_/ /_/ /_/  /_/ /_/    \_/    /_/   /_/  /_/  
[17:13:2]                                                   
[17:13:2] Version 0.11
[17:13:2] 
[17:13:2] Startup program, please wait...
[17:13:2] 
New loading... Time of load: 17:13:2 

[17:13:2]    ___  ___    _____    ____   __  __   __  _____  
[17:13:2]   / /\  /\ \  / /_\ \  / /\ \ / / / /__/ / / /_\ \ 
[17:13:2]  / / / / / / / ___  / / /  \ | /  \_  __/ / ___  / 
[17:13:2] /_/ /_/ /_/ /_/  /_/ /_/    \_/    /_/   /_/  /_/  
[17:13:2]                                                   
[17:13:2] Version 0.11
[17:13:2] 
[17:13:2] Startup program, please wait...
[17:13:2] Pronounce: Приветствую вас, Славик
[17:13:5] Pronounce: Вы можете спросить меня о чём-нибудь
[17:13:14] Recognized text: что ты умеешь
[17:13:14] Pronounce: Вот список того, что я умею: 

[17:13:25] Recognized text: что ты умеешь
[17:13:25] Pronounce: Вот, что я могу: 

[17:13:34] Recognized text: что ты умеешь
[17:13:34] Pronounce: Вот, что я могу: 

[17:13:58] 
New loading... Time of load: 17:13:58 

[17:13:58]    ___  ___    _____    ____   __  __   __  _____  
[17:13:58]   / /\  /\ \  / /_\ \  / /\ \ / / / /__/ / / /_\ \ 
[17:13:58]  / / / / / / / ___  / / /  \ | /  \_  __/ / ___  / 
[17:13:58] /_/ /_/ /_/ /_/  /_/ /_/    \_/    /_/   /_/  /_/  
[17:13:58]                                                   
[17:13:58] Version 0.11
[17:13:58] 
[17:13:58] Startup program, please wait...
[17:13:58] 
New loading... Time of load: 17:13:58 

[17:13:58]    ___  ___    _____    ____   __  __   __  _____  
[17:13:58]   / /\  /\ \  / /_\ \  / /\ \ / / / /__/ / / /_\ \ 
[17:13:58]  / / / / / / / ___  / / /  \ | /  \_  __/ / ___  / 
[17:13:58] /_/ /_/ /_/ /_/  /_/ /_/    \_/    /_/   /_/  /_/  
[17:13:58]                                                   
[17:13:58] Version 0.11
[17:13:58] 
[17:13:58] Startup program, please wait...
[17:13:58] Pronounce: Приветствую вас, Славик
[17:14:0] Pronounce: Вы можете спросить меня о чём-нибудь
[17:14:9] Recognized text: что ты умеешь
[17:14:9] Pronounce: Вот список того, что я умею: 

[17:14:21] Recognized text: что ты умеешь
[17:14:21] Pronounce: Вот список того, что я умею: 

[17:14:29] Error: Can't recognize command
[17:15:2] 
New loading... Time of load: 17:15:2 

[17:15:2]    ___  ___    _____    ____   __  __   __  _____  
[17:15:2]   / /\  /\ \  / /_\ \  / /\ \ / / / /__/ / / /_\ \ 
[17:15:2]  / / / / / / / ___  / / /  \ | /  \_  __/ / ___  / 
[17:15:2] /_/ /_/ /_/ /_/  /_/ /_/    \_/    /_/   /_/  /_/  
[17:15:2]                                                   
[17:15:2] Version 0.11
[17:15:2] 
[17:15:2] Startup program, please wait...
[17:15:2] 
New loading... Time of load: 17:15:2 

[17:15:2]    ___  ___    _____    ____   __  __   __  _____  
[17:15:2]   / /\  /\ \  / /_\ \  / /\ \ / / / /__/ / / /_\ \ 
[17:15:2]  / / / / / / / ___  / / /  \ | /  \_  __/ / ___  / 
[17:15:2] /_/ /_/ /_/ /_/  /_/ /_/    \_/    /_/   /_/  /_/  
[17:15:2]                                                   
[17:15:2] Version 0.11
[17:15:2] 
[17:15:2] Startup program, please wait...
[17:15:2] Pronounce: Приветствую вас, Славик
[17:15:5] Pronounce: Ожидаю ваших команд
[17:15:13] Recognized text: что ты умеешь
[17:15:13] Pronounce: Вот, что я могу: 

[17:15:19] Recognized text: что ты умеешь
[17:15:19] Pronounce: Вот, что я умею: 

[17:15:27] Recognized text: какие команды
[17:15:27] Pronounce: Вот, что я умею: 

[17:15:38] Recognized text: спасибо
[17:15:38] Pronounce: Не за что
[17:15:54] 
New loading... Time of load: 17:15:54 

[17:15:54]    ___  ___    _____    ____   __  __   __  _____  
[17:15:54]   / /\  /\ \  / /_\ \  / /\ \ / / / /__/ / / /_\ \ 
[17:15:54]  / / / / / / / ___  / / /  \ | /  \_  __/ / ___  / 
[17:15:54] /_/ /_/ /_/ /_/  /_/ /_/    \_/    /_/   /_/  /_/  
[17:15:54]                                                   
[17:15:54] Version 0.11
[17:15:54] 
[17:15:54] Startup program, please wait...
[17:15:54] 
New loading... Time of load: 17:15:54 

[17:15:54]    ___  ___    _____    ____   __  __   __  _____  
[17:15:54]   / /\  /\ \  / /_\ \  / /\ \ / / / /__/ / / /_\ \ 
[17:15:54]  / / / / / / / ___  / / /  \ | /  \_  __/ / ___  / 
[17:15:54] /_/ /_/ /_/ /_/  /_/ /_/    \_/    /_/   /_/  /_/  
[17:15:54]                                                   
[17:15:54] Version 0.11
[17:15:54] 
[17:15:54] Startup program, please wait...
[17:15:54] Pronounce: Приветствую вас, Славик
[17:15:57] Pronounce: Чем я могу вам помочь?
[17:16:3] Recognized text: покажи команды
[17:16:3] Pronounce: Вот, что я умею: 

[17:16:8] Recognized text: команда
[17:16:8] Pronounce: Команда не была распознана
[17:16:15] Recognized text: команды
[17:16:15] Pronounce: Вот, что я могу: 

[17:16:39] 
New loading... Time of load: 17:16:39 

[17:16:39]    ___  ___    _____    ____   __  __   __  _____  
[17:16:39]   / /\  /\ \  / /_\ \  / /\ \ / / / /__/ / / /_\ \ 
[17:16:39]  / / / / / / / ___  / / /  \ | /  \_  __/ / ___  / 
[17:16:39] /_/ /_/ /_/ /_/  /_/ /_/    \_/    /_/   /_/  /_/  
[17:16:39]                                                   
[17:16:39] Version 0.11
[17:16:39] 
[17:16:39] Startup program, please wait...
[17:16:39] 
New loading... Time of load: 17:16:39 

[17:16:39]    ___  ___    _____    ____   __  __   __  _____  
[17:16:39]   / /\  /\ \  / /_\ \  / /\ \ / / / /__/ / / /_\ \ 
[17:16:39]  / / / / / / / ___  / / /  \ | /  \_  __/ / ___  / 
[17:16:39] /_/ /_/ /_/ /_/  /_/ /_/    \_/    /_/   /_/  /_/  
[17:16:39]                                                   
[17:16:39] Version 0.11
[17:16:39] 
[17:16:39] Startup program, please wait...
[17:16:39] Pronounce: Приветствую вас, Славик
[17:16:42] Pronounce: Ожидаю ваших команд
[17:16:49] Recognized text: что ты умеешь
[17:16:49] Pronounce: Вот список тово, что я умею: 

[17:16:59] Recognized text: команды
[17:16:59] Pronounce: Вот, что я могу: 

[17:17:55] 
New loading... Time of load: 17:17:55 

[17:17:55]    ___  ___    _____    ____   __  __   __  _____  
[17:17:55]   / /\  /\ \  / /_\ \  / /\ \ / / / /__/ / / /_\ \ 
[17:17:55]  / / / / / / / ___  / / /  \ | /  \_  __/ / ___  / 
[17:17:55] /_/ /_/ /_/ /_/  /_/ /_/    \_/    /_/   /_/  /_/  
[17:17:55]                                                   
[17:17:55] Version 0.11
[17:17:55] 
[17:17:55] Startup program, please wait...
[17:17:55] 
New loading... Time of load: 17:17:55 

[17:17:55]    ___  ___    _____    ____   __  __   __  _____  
[17:17:55]   / /\  /\ \  / /_\ \  / /\ \ / / / /__/ / / /_\ \ 
[17:17:55]  / / / / / / / ___  / / /  \ | /  \_  __/ / ___  / 
[17:17:55] /_/ /_/ /_/ /_/  /_/ /_/    \_/    /_/   /_/  /_/  
[17:17:55]                                                   
[17:17:55] Version 0.11
[17:17:55] 
[17:17:55] Startup program, please wait...
[17:17:55] Pronounce: Приветствую вас, Славик
[17:17:57] Pronounce: Ожидаю ваших команд
[17:18:4] Recognized text: что ты умеешь
[17:18:4] Pronounce: Вот что я умею: 

[17:18:9] Error: Can't recognize command
[22:9:50] 
New loading... Time of load: 22:9:50 

[22:9:50]    ___  ___    _____    ____   __  __   __  _____  
[22:9:50]   / /\  /\ \  / /_\ \  / /\ \ / / / /__/ / / /_\ \ 
[22:9:50]  / / / / / / / ___  / / /  \ | /  \_  __/ / ___  / 
[22:9:50] /_/ /_/ /_/ /_/  /_/ /_/    \_/    /_/   /_/  /_/  
[22:9:50]                                                   
[22:9:50] Version 0.11
[22:9:50] 
[22:9:50] Startup program, please wait...
[22:9:50] 
New loading... Time of load: 22:9:50 

[22:9:50]    ___  ___    _____    ____   __  __   __  _____  
[22:9:50]   / /\  /\ \  / /_\ \  / /\ \ / / / /__/ / / /_\ \ 
[22:9:50]  / / / / / / / ___  / / /  \ | /  \_  __/ / ___  / 
[22:9:50] /_/ /_/ /_/ /_/  /_/ /_/    \_/    /_/   /_/  /_/  
[22:9:50]                                                   
[22:9:50] Version 0.11
[22:9:50] 
[22:9:50] Startup program, please wait...
[22:9:50] Pronounce: Приветствую вас, Славик
[22:9:52] Pronounce: Чем я могу вам помочь?
[22:41:43] 
New loading... Time of load: 22:41:43 

[22:41:43]    ___  ___    _____    ____   __  __   __  _____  
[22:41:43]   / /\  /\ \  / /_\ \  / /\ \ / / / /__/ / / /_\ \ 
[22:41:43]  / / / / / / / ___  / / /  \ | /  \_  __/ / ___  / 
[22:41:43] /_/ /_/ /_/ /_/  /_/ /_/    \_/    /_/   /_/  /_/  
[22:41:43]                                                   
[22:41:43] Version 0.11
[22:41:43] 
[22:41:43] Startup program, please wait...
[22:41:43] 
New loading... Time of load: 22:41:43 

[22:41:43]    ___  ___    _____    ____   __  __   __  _____  
[22:41:43]   / /\  /\ \  / /_\ \  / /\ \ / / / /__/ / / /_\ \ 
[22:41:43]  / / / / / / / ___  / / /  \ | /  \_  __/ / ___  / 
[22:41:43] /_/ /_/ /_/ /_/  /_/ /_/    \_/    /_/   /_/  /_/  
[22:41:43]                                                   
[22:41:43] Version 0.11
[22:41:43] 
[22:41:43] Startup program, please wait...
[22:41:43] Pronounce: Приветствую вас, Славик
[22:41:46] Pronounce: Вы можете спросить меня о чём-нибудь
[22:41:55] Recognized text: меня зовут незнакомец
[22:41:55] Pronounce: Теперь я буду звать вас Незнакомец
[22:44:55] 
New loading... Time of load: 22:44:55 

[22:44:55]    ___  ___    _____    ____   __  __   __  _____  
[22:44:55]   / /\  /\ \  / /_\ \  / /\ \ / / / /__/ / / /_\ \ 
[22:44:55]  / / / / / / / ___  / / /  \ | /  \_  __/ / ___  / 
[22:44:55] /_/ /_/ /_/ /_/  /_/ /_/    \_/    /_/   /_/  /_/  
[22:44:55]                                                   
[22:44:55] Version 0.11
[22:44:55] 
[22:44:55] Startup program, please wait...
[22:44:55] Pronounce: Приветствую вас, Незнакомец
[22:44:58] Pronounce: Вы можете спросить меня о чём-нибудь
[22:45:59] 
New loading... Time of load: 22:45:59 

[22:45:59]    ___  ___    _____    ____   __  __   __  _____  
[22:45:59]   / /\  /\ \  / /_\ \  / /\ \ / / / /__/ / / /_\ \ 
[22:45:59]  / / / / / / / ___  / / /  \ | /  \_  __/ / ___  / 
[22:45:59] /_/ /_/ /_/ /_/  /_/ /_/    \_/    /_/   /_/  /_/  
[22:45:59]                                                   
[22:45:59] Version 0.11
[22:45:59] 
[22:45:59] Startup program, please wait...
[22:45:59] Pronounce: Приветствую вас, Незнакомец
[22:46:2] Pronounce: Вы можете спросить меня о чём-нибудь
[22:46:10] Recognized text: я славик
[22:46:10] Pronounce: Команда не была распознана
[22:46:18] Recognized text: найди мне лайк
[22:46:21] Pronounce: «Лайк Настя»  — группа из нескольких видеоблогов на сайте YouTube, предназначенных для детской аудитории. Рассказывают о жизни девочки Анастасии Радзинской, в том числе основной канал — о посещению ей детских парков развлечений в разных странах.
[22:46:43] Recognized text: зови меня славик
[22:46:43] Pronounce: Я буду звать вас Славик
[22:46:49] Recognized text: косьба
[22:46:49] Pronounce: Команда не была распознана
[22:46:56] Recognized text: что ты умеешь
[22:46:57] Pronounce: Вот список того что я умею: 

