[15:26:29] 
New loading... Time of load: 15:26:29 

[15:26:29]    ___  ___    _____    ____   __  __   __  _____  
[15:26:29]   / /\  /\ \  / /_\ \  / /\ \ / / / /__/ / / /_\ \ 
[15:26:29]  / / / / / / / ___  / / /  \ | /  \_  __/ / ___  / 
[15:26:29] /_/ /_/ /_/ /_/  /_/ /_/    \_/    /_/   /_/  /_/  
[15:26:29]                                                   
[15:26:29] Version 0.11
[15:26:29] 
[15:26:29] Startup program, please wait...
[15:26:31] Pronounce: Приветствую вас, Незнакомец
[15:26:34] Pronounce: Чем я могу вам помочь?
[15:27:1] Recognized text: привет
[15:27:1] Pronounce: Привет
[15:27:18] Recognized text: как дела погода
[15:27:19] Pronounce: 4 градусов по цельсию, Облачно
[15:27:26] 
New loading... Time of load: 15:27:26 

[15:27:26]    ___  ___    _____    ____   __  __   __  _____  
[15:27:26]   / /\  /\ \  / /_\ \  / /\ \ / / / /__/ / / /_\ \ 
[15:27:26]  / / / / / / / ___  / / /  \ | /  \_  __/ / ___  / 
[15:27:26] /_/ /_/ /_/ /_/  /_/ /_/    \_/    /_/   /_/  /_/  
[15:27:26]                                                   
[15:27:26] Version 0.11
[15:27:26] 
[15:27:26] Startup program, please wait...
[15:27:27] Pronounce: Приветствую вас, Незнакомец
[15:27:30] Pronounce: Чем я могу вам помочь?
[15:28:0] Error: Can't recognize command
[15:28:5] 
New loading... Time of load: 15:28:5 

[15:28:5]    ___  ___    _____    ____   __  __   __  _____  
[15:28:5]   / /\  /\ \  / /_\ \  / /\ \ / / / /__/ / / /_\ \ 
[15:28:5]  / / / / / / / ___  / / /  \ | /  \_  __/ / ___  / 
[15:28:5] /_/ /_/ /_/ /_/  /_/ /_/    \_/    /_/   /_/  /_/  
[15:28:5]                                                   
[15:28:5] Version 0.11
[15:28:5] 
[15:28:5] Startup program, please wait...
[15:28:7] Pronounce: Приветствую вас, Незнакомец
[15:28:10] Pronounce: Чем я могу вам помочь?
[15:28:17] Recognized text: какая сейчас погода
[15:28:18] Pronounce: 4 градусов по цельсию, Облачно
[15:28:28] Recognized text: включи песню despacito
[15:28:28] Pronounce: Я не понимаю, о чем вы говорите!
[15:28:40] Error: Can't recognize command
[15:29:43] 
New loading... Time of load: 15:29:43 

[15:29:43]    ___  ___    _____    ____   __  __   __  _____  
[15:29:43]   / /\  /\ \  / /_\ \  / /\ \ / / / /__/ / / /_\ \ 
[15:29:43]  / / / / / / / ___  / / /  \ | /  \_  __/ / ___  / 
[15:29:43] /_/ /_/ /_/ /_/  /_/ /_/    \_/    /_/   /_/  /_/  
[15:29:43]                                                   
[15:29:43] Version 0.11
[15:29:43] 
[15:29:43] Startup program, please wait...
[15:29:45] Pronounce: Приветствую вас, Незнакомец
[15:29:48] Pronounce: Чем я могу вам помочь?
[15:29:55] Recognized text: какая сейчас погода
[15:29:55] Pronounce: 4 градусов по цельсию, Облачно
[15:30:5] Recognized text: включи музыку despacito
[15:30:11] Pronounce: Включаю музыку
[15:30:21] Error: Can't recognize command
[15:30:45] Error: Can't recognize command
[15:30:49] Error: Can't recognize command
[15:34:52] 
New loading... Time of load: 15:34:52 

[15:34:52]    ___  ___    _____    ____   __  __   __  _____  
[15:34:52]   / /\  /\ \  / /_\ \  / /\ \ / / / /__/ / / /_\ \ 
[15:34:52]  / / / / / / / ___  / / /  \ | /  \_  __/ / ___  / 
[15:34:52] /_/ /_/ /_/ /_/  /_/ /_/    \_/    /_/   /_/  /_/  
[15:34:52]                                                   
[15:34:52] Version 0.11
[15:34:52] 
[15:34:52] Startup program, please wait...
[15:34:54] Pronounce: Приветствую вас, Незнакомец
[15:34:57] Pronounce: Чем я могу вам помочь?
[15:35:7] Recognized text: какая сейчас погода
[15:35:7] Pronounce: 4 градусов по цельсию, Облачно
[15:35:19] Recognized text: включи музыку despacito
[15:35:21] Pronounce: Включаю музыку
[15:35:45] Recognized text: выключи музыку
[15:36:11] Error: Can't recognize command
[15:36:18] Error: Can't recognize command
