[12:6:30] 
New loading... Time of load: 12:6:30 

[12:6:30]    ___  ___    _____    ____   __  __   __  _____  
[12:6:30]   / /\  /\ \  / /_\ \  / /\ \ / / / /__/ / / /_\ \ 
[12:6:30]  / / / / / / / ___  / / /  \ | /  \_  __/ / ___  / 
[12:6:30] /_/ /_/ /_/ /_/  /_/ /_/    \_/    /_/   /_/  /_/  
[12:6:30]                                                   
[12:6:30] Version 0.11
[12:6:30] 
[12:6:30] Startup program, please wait...
[12:6:32] Pronounce: Приветствую вас, Незнакомец
[12:6:35] Pronounce: Чем я могу вам помочь?
[12:6:42] Recognized text: какое сегодня число
[12:6:42] Pronounce: Команда не была распознана
[12:6:51] Recognized text: какой сегодня день
[12:6:52] Pronounce: Сегодня день рождения человека искусства и лучшей сестры на Земле - Анастасии Кюн. 
[12:14:46] 
New loading... Time of load: 12:14:46 

[12:14:46]    ___  ___    _____    ____   __  __   __  _____  
[12:14:46]   / /\  /\ \  / /_\ \  / /\ \ / / / /__/ / / /_\ \ 
[12:14:46]  / / / / / / / ___  / / /  \ | /  \_  __/ / ___  / 
[12:14:46] /_/ /_/ /_/ /_/  /_/ /_/    \_/    /_/   /_/  /_/  
[12:14:46]                                                   
[12:14:46] Version 0.11
[12:14:46] 
[12:14:46] Startup program, please wait...
[12:14:48] Pronounce: Приветствую вас, Незнакомец
[12:14:51] Pronounce: Чем я могу вам помочь?
[12:14:58] Recognized text: какой сегодня день
[12:15:1] Pronounce: Сегодня день рождения лучшего человека на Земле - Анастасии Кюн. Поздравляю её от чистого процессора!

[12:15:14] Error: Can't recognize command
[12:17:40] 
New loading... Time of load: 12:17:40 

[12:17:40]    ___  ___    _____    ____   __  __   __  _____  
[12:17:40]   / /\  /\ \  / /_\ \  / /\ \ / / / /__/ / / /_\ \ 
[12:17:40]  / / / / / / / ___  / / /  \ | /  \_  __/ / ___  / 
[12:17:40] /_/ /_/ /_/ /_/  /_/ /_/    \_/    /_/   /_/  /_/  
[12:17:40]                                                   
[12:17:40] Version 0.11
[12:17:40] 
[12:17:40] Startup program, please wait...
[12:17:41] Pronounce: Приветствую вас, Незнакомец
[12:17:44] Pronounce: Чем я могу вам помочь?
[12:18:19] 
New loading... Time of load: 12:18:19 

[12:18:19]    ___  ___    _____    ____   __  __   __  _____  
[12:18:19]   / /\  /\ \  / /_\ \  / /\ \ / / / /__/ / / /_\ \ 
[12:18:19]  / / / / / / / ___  / / /  \ | /  \_  __/ / ___  / 
[12:18:19] /_/ /_/ /_/ /_/  /_/ /_/    \_/    /_/   /_/  /_/  
[12:18:19]                                                   
[12:18:19] Version 0.11
[12:18:19] 
[12:18:19] Startup program, please wait...
[12:18:21] Pronounce: Приветствую вас, Незнакомец
[12:18:24] Pronounce: Чем я могу вам помочь?
[12:18:42] Error: Can't recognize command
[12:18:53] 
New loading... Time of load: 12:18:53 

[12:18:53]    ___  ___    _____    ____   __  __   __  _____  
[12:18:53]   / /\  /\ \  / /_\ \  / /\ \ / / / /__/ / / /_\ \ 
[12:18:53]  / / / / / / / ___  / / /  \ | /  \_  __/ / ___  / 
[12:18:53] /_/ /_/ /_/ /_/  /_/ /_/    \_/    /_/   /_/  /_/  
[12:18:53]                                                   
[12:18:53] Version 0.11
[12:18:53] 
[12:18:53] Startup program, please wait...
[12:18:55] Pronounce: Приветствую вас, Незнакомец
[12:18:58] Pronounce: Чем я могу вам помочь?
[12:19:45] 
New loading... Time of load: 12:19:45 

[12:19:45]    ___  ___    _____    ____   __  __   __  _____  
[12:19:45]   / /\  /\ \  / /_\ \  / /\ \ / / / /__/ / / /_\ \ 
[12:19:45]  / / / / / / / ___  / / /  \ | /  \_  __/ / ___  / 
[12:19:45] /_/ /_/ /_/ /_/  /_/ /_/    \_/    /_/   /_/  /_/  
[12:19:45]                                                   
[12:19:45] Version 0.11
[12:19:45] 
[12:19:45] Startup program, please wait...
[12:19:46] Pronounce: Приветствую вас, Незнакомец
[12:19:49] Pronounce: Чем я могу вам помочь?
[12:19:58] 
New loading... Time of load: 12:19:58 

[12:19:58]    ___  ___    _____    ____   __  __   __  _____  
[12:19:58]   / /\  /\ \  / /_\ \  / /\ \ / / / /__/ / / /_\ \ 
[12:19:58]  / / / / / / / ___  / / /  \ | /  \_  __/ / ___  / 
[12:19:58] /_/ /_/ /_/ /_/  /_/ /_/    \_/    /_/   /_/  /_/  
[12:19:58]                                                   
[12:19:58] Version 0.11
[12:19:58] 
[12:19:58] Startup program, please wait...
[12:19:59] Pronounce: Приветствую вас, Незнакомец
[12:20:2] Pronounce: Чем я могу вам помочь?
[12:20:15] Recognized text: какой сегодня день
[12:20:18] Pronounce: Сегодня день рождения лучшего человека на Земле - Анастасии Кюн. Поздравляю её от чистого процессора!

[12:23:4] 
New loading... Time of load: 12:23:4 

[12:23:4]    ___  ___    _____    ____   __  __   __  _____  
[12:23:4]   / /\  /\ \  / /_\ \  / /\ \ / / / /__/ / / /_\ \ 
[12:23:4]  / / / / / / / ___  / / /  \ | /  \_  __/ / ___  / 
[12:23:4] /_/ /_/ /_/ /_/  /_/ /_/    \_/    /_/   /_/  /_/  
[12:23:4]                                                   
[12:23:4] Version 0.11
[12:23:4] 
[12:23:4] Startup program, please wait...
[12:23:5] Pronounce: Приветствую вас, Незнакомец
[12:23:8] Pronounce: Чем я могу вам помочь?
[12:23:26] Error: Check internet connection
[12:23:57] 
New loading... Time of load: 12:23:57 

[12:23:57]    ___  ___    _____    ____   __  __   __  _____  
[12:23:57]   / /\  /\ \  / /_\ \  / /\ \ / / / /__/ / / /_\ \ 
[12:23:57]  / / / / / / / ___  / / /  \ | /  \_  __/ / ___  / 
[12:23:57] /_/ /_/ /_/ /_/  /_/ /_/    \_/    /_/   /_/  /_/  
[12:23:57]                                                   
[12:23:57] Version 0.11
[12:23:57] 
[12:23:57] Startup program, please wait...
[12:23:59] Pronounce: Приветствую вас, Незнакомец
[12:24:2] Pronounce: Чем я могу вам помочь?
[12:32:40] 
New loading... Time of load: 12:32:40 

[12:32:40]    ___  ___    _____    ____   __  __   __  _____  
[12:32:40]   / /\  /\ \  / /_\ \  / /\ \ / / / /__/ / / /_\ \ 
[12:32:40]  / / / / / / / ___  / / /  \ | /  \_  __/ / ___  / 
[12:32:40] /_/ /_/ /_/ /_/  /_/ /_/    \_/    /_/   /_/  /_/  
[12:32:40]                                                   
[12:32:40] Version 0.11
[12:32:40] 
[12:32:40] Startup program, please wait...
[12:32:42] Pronounce: Приветствую вас, Незнакомец
[12:32:45] Pronounce: Чем я могу вам помочь?
[12:33:49] 
New loading... Time of load: 12:33:49 

[12:33:49]    ___  ___    _____    ____   __  __   __  _____  
[12:33:49]   / /\  /\ \  / /_\ \  / /\ \ / / / /__/ / / /_\ \ 
[12:33:49]  / / / / / / / ___  / / /  \ | /  \_  __/ / ___  / 
[12:33:49] /_/ /_/ /_/ /_/  /_/ /_/    \_/    /_/   /_/  /_/  
[12:33:49]                                                   
[12:33:49] Version 0.11
[12:33:49] 
[12:33:49] Startup program, please wait...
[12:33:51] Pronounce: Приветствую вас, Незнакомец
[12:33:54] Pronounce: Чем я могу вам помочь?
[12:34:19] Recognized text: сегодня день
[12:34:19] Pronounce: Команда не была распознана
[12:34:32] Recognized text: какой сегодня день
[12:34:33] Pronounce: Сегодня день рождения лучшего человека на Земле - Анастасии Кюн. Поздравляю её от чистого процессора!

[12:34:54] Recognized text: какой сегодня день
[12:34:55] Pronounce: Сегодня день рождения лучшего человека на Земле - Анастасии Кюн. Поздравляю её от чистого процессора!

[12:35:0] 
New loading... Time of load: 12:35:0 

[12:35:0]    ___  ___    _____    ____   __  __   __  _____  
[12:35:0]   / /\  /\ \  / /_\ \  / /\ \ / / / /__/ / / /_\ \ 
[12:35:0]  / / / / / / / ___  / / /  \ | /  \_  __/ / ___  / 
[12:35:0] /_/ /_/ /_/ /_/  /_/ /_/    \_/    /_/   /_/  /_/  
[12:35:0]                                                   
[12:35:0] Version 0.11
[12:35:0] 
[12:35:0] Startup program, please wait...
[12:35:1] Pronounce: Приветствую вас, Незнакомец
[12:35:4] Pronounce: Чем я могу вам помочь?
[12:35:20] Recognized text: какой сегодня день
[12:35:21] Pronounce: Сегодня день рождения лучшего человека на Земле - Анастасии Кюн. Поздравляю её от чистого процессора!

[12:37:14] 
New loading... Time of load: 12:37:14 

[12:37:14]    ___  ___    _____    ____   __  __   __  _____  
[12:37:14]   / /\  /\ \  / /_\ \  / /\ \ / / / /__/ / / /_\ \ 
[12:37:14]  / / / / / / / ___  / / /  \ | /  \_  __/ / ___  / 
[12:37:14] /_/ /_/ /_/ /_/  /_/ /_/    \_/    /_/   /_/  /_/  
[12:37:14]                                                   
[12:37:14] Version 0.11
[12:37:14] 
[12:37:14] Startup program, please wait...
[12:37:16] Pronounce: Приветствую вас, Незнакомец
[12:37:19] Pronounce: Чем я могу вам помочь?
[12:38:6] 
New loading... Time of load: 12:38:6 

[12:38:6]    ___  ___    _____    ____   __  __   __  _____  
[12:38:6]   / /\  /\ \  / /_\ \  / /\ \ / / / /__/ / / /_\ \ 
[12:38:6]  / / / / / / / ___  / / /  \ | /  \_  __/ / ___  / 
[12:38:6] /_/ /_/ /_/ /_/  /_/ /_/    \_/    /_/   /_/  /_/  
[12:38:6]                                                   
[12:38:6] Version 0.11
[12:38:6] 
[12:38:6] Startup program, please wait...
[12:38:8] Pronounce: Приветствую вас, Незнакомец
[12:38:11] Pronounce: Чем я могу вам помочь?
[12:38:24] Pronounce: Сегодня день рождения лучшего человека на Земле - Анастасии Кюн. Поздравляю её от чистого процессора!

[12:38:37] Pronounce: Сегодня день рождения лучшего человека на Земле - Анастасии Кюн. Поздравляю её от чистого процессора!

[12:39:49] 
New loading... Time of load: 12:39:49 

[12:39:49]    ___  ___    _____    ____   __  __   __  _____  
[12:39:49]   / /\  /\ \  / /_\ \  / /\ \ / / / /__/ / / /_\ \ 
[12:39:49]  / / / / / / / ___  / / /  \ | /  \_  __/ / ___  / 
[12:39:49] /_/ /_/ /_/ /_/  /_/ /_/    \_/    /_/   /_/  /_/  
[12:39:49]                                                   
[12:39:49] Version 0.11
[12:39:49] 
[12:39:49] Startup program, please wait...
[12:39:51] Pronounce: Приветствую вас, Незнакомец
[12:39:54] Pronounce: Чем я могу вам помочь?
[12:40:4] Pronounce: Сегодня день рождения лучшего человека на Земле - Анастасии Кюн. Поздравляю её от чистого процессора!

[12:40:10] 
New loading... Time of load: 12:40:10 

[12:40:10]    ___  ___    _____    ____   __  __   __  _____  
[12:40:10]   / /\  /\ \  / /_\ \  / /\ \ / / / /__/ / / /_\ \ 
[12:40:10]  / / / / / / / ___  / / /  \ | /  \_  __/ / ___  / 
[12:40:10] /_/ /_/ /_/ /_/  /_/ /_/    \_/    /_/   /_/  /_/  
[12:40:10]                                                   
[12:40:10] Version 0.11
[12:40:10] 
[12:40:10] Startup program, please wait...
[12:40:12] Pronounce: Приветствую вас, Незнакомец
[12:40:15] Pronounce: Чем я могу вам помочь?
[12:40:23] Pronounce: Сегодня день рождения лучшего человека на Земле - Анастасии Кюн. Поздравляю её от чистого процессора!

[12:41:42] 
New loading... Time of load: 12:41:42 

[12:41:42]    ___  ___    _____    ____   __  __   __  _____  
[12:41:42]   / /\  /\ \  / /_\ \  / /\ \ / / / /__/ / / /_\ \ 
[12:41:42]  / / / / / / / ___  / / /  \ | /  \_  __/ / ___  / 
[12:41:42] /_/ /_/ /_/ /_/  /_/ /_/    \_/    /_/   /_/  /_/  
[12:41:42]                                                   
[12:41:42] Version 0.11
[12:41:42] 
[12:41:42] Startup program, please wait...
[12:41:44] Pronounce: Приветствую вас, Незнакомец
[12:41:47] Pronounce: Чем я могу вам помочь?
[12:41:55] Pronounce: Сегодня день рождения лучшего человека на Земле - Анастасии Кюн. Поздравляю её от чистого процессора!

[12:42:53] 
New loading... Time of load: 12:42:53 

[12:42:53]    ___  ___    _____    ____   __  __   __  _____  
[12:42:53]   / /\  /\ \  / /_\ \  / /\ \ / / / /__/ / / /_\ \ 
[12:42:54]  / / / / / / / ___  / / /  \ | /  \_  __/ / ___  / 
[12:42:54] /_/ /_/ /_/ /_/  /_/ /_/    \_/    /_/   /_/  /_/  
[12:42:54]                                                   
[12:42:54] Version 0.11
[12:42:54] 
[12:42:54] Startup program, please wait...
[12:42:55] Pronounce: Приветствую вас, Незнакомец
[12:42:58] Pronounce: Чем я могу вам помочь?
[12:43:8] Pronounce: Сегодня день рождения лучшего человека на Земле - Анастасии Кюн. Поздравляю её от чистого процессора!

[12:44:42] 
New loading... Time of load: 12:44:42 

[12:44:42]    ___  ___    _____    ____   __  __   __  _____  
[12:44:42]   / /\  /\ \  / /_\ \  / /\ \ / / / /__/ / / /_\ \ 
[12:44:42]  / / / / / / / ___  / / /  \ | /  \_  __/ / ___  / 
[12:44:42] /_/ /_/ /_/ /_/  /_/ /_/    \_/    /_/   /_/  /_/  
[12:44:42]                                                   
[12:44:42] Version 0.11
[12:44:42] 
[12:44:42] Startup program, please wait...
[12:44:43] Pronounce: Приветствую вас, Незнакомец
[12:44:46] Pronounce: Чем я могу вам помочь?
[12:45:1] Pronounce: Сегодня день рождения лучшего человека на Земле - Анастасии Кюн. Поздравляю её от чистого процессора!

[12:45:11] 
New loading... Time of load: 12:45:11 

[12:45:11]    ___  ___    _____    ____   __  __   __  _____  
[12:45:11]   / /\  /\ \  / /_\ \  / /\ \ / / / /__/ / / /_\ \ 
[12:45:11]  / / / / / / / ___  / / /  \ | /  \_  __/ / ___  / 
[12:45:11] /_/ /_/ /_/ /_/  /_/ /_/    \_/    /_/   /_/  /_/  
[12:45:11]                                                   
[12:45:11] Version 0.11
[12:45:11] 
[12:45:11] Startup program, please wait...
[12:45:12] Pronounce: Приветствую вас, Незнакомец
[12:45:16] Pronounce: Чем я могу вам помочь?
[12:45:27] 
New loading... Time of load: 12:45:27 

[12:45:27]    ___  ___    _____    ____   __  __   __  _____  
[12:45:27]   / /\  /\ \  / /_\ \  / /\ \ / / / /__/ / / /_\ \ 
[12:45:27]  / / / / / / / ___  / / /  \ | /  \_  __/ / ___  / 
[12:45:27] /_/ /_/ /_/ /_/  /_/ /_/    \_/    /_/   /_/  /_/  
[12:45:27]                                                   
[12:45:27] Version 0.11
[12:45:27] 
[12:45:27] Startup program, please wait...
[12:45:28] Pronounce: Приветствую вас, Незнакомец
[12:45:31] Pronounce: Чем я могу вам помочь?
[12:45:38] Pronounce: Сегодня день рождения лучшего человека на Земле - Анастасии Кюн. Поздравляю её от чистого процессора!

[12:47:15] 
New loading... Time of load: 12:47:15 

[12:47:15]    ___  ___    _____    ____   __  __   __  _____  
[12:47:15]   / /\  /\ \  / /_\ \  / /\ \ / / / /__/ / / /_\ \ 
[12:47:15]  / / / / / / / ___  / / /  \ | /  \_  __/ / ___  / 
[12:47:15] /_/ /_/ /_/ /_/  /_/ /_/    \_/    /_/   /_/  /_/  
[12:47:15]                                                   
[12:47:15] Version 0.11
[12:47:15] 
[12:47:15] Startup program, please wait...
[12:47:16] Pronounce: Приветствую вас, Незнакомец
[12:47:19] Pronounce: Чем я могу вам помочь?
[12:47:30] Pronounce: Сегодня день рождения лучшего человека на Земле - Анастасии Кюн. Поздравляю её от чистого процессора!

[12:47:44] Pronounce: Сегодня день рождения лучшего человека на Земле - Анастасии Кюн. Поздравляю её от чистого процессора!

[12:48:40] 
New loading... Time of load: 12:48:40 

[12:48:40]    ___  ___    _____    ____   __  __   __  _____  
[12:48:40]   / /\  /\ \  / /_\ \  / /\ \ / / / /__/ / / /_\ \ 
[12:48:40]  / / / / / / / ___  / / /  \ | /  \_  __/ / ___  / 
[12:48:40] /_/ /_/ /_/ /_/  /_/ /_/    \_/    /_/   /_/  /_/  
[12:48:40]                                                   
[12:48:40] Version 0.11
[12:48:40] 
[12:48:40] Startup program, please wait...
[12:48:41] Pronounce: Приветствую вас, Незнакомец
[12:48:44] Pronounce: Чем я могу вам помочь?
[12:48:55] Pronounce: Сегодня день рождения лучшего человека на Земле - Анастасии Кюн. Поздравляю её от чистого процессора!

