[22:9:36] 
New loading... Time of load: 22:9:36 

[22:9:36]    ___  ___    _____    ____   __  __   __  _____  
[22:9:36]   / /\  /\ \  / /_\ \  / /\ \ / / / /__/ / / /_\ \ 
[22:9:36]  / / / / / / / ___  / / /  \ | /  \_  __/ / ___  / 
[22:9:36] /_/ /_/ /_/ /_/  /_/ /_/    \_/    /_/   /_/  /_/  
[22:9:36]                                                   
[22:9:36] Version 0.11
[22:9:36] 
[22:9:36] Startup program, please wait...
[22:9:36] 
New loading... Time of load: 22:9:36 

[22:9:36]    ___  ___    _____    ____   __  __   __  _____  
[22:9:36]   / /\  /\ \  / /_\ \  / /\ \ / / / /__/ / / /_\ \ 
[22:9:36]  / / / / / / / ___  / / /  \ | /  \_  __/ / ___  / 
[22:9:36] /_/ /_/ /_/ /_/  /_/ /_/    \_/    /_/   /_/  /_/  
[22:9:36]                                                   
[22:9:36] Version 0.11
[22:9:36] 
[22:9:36] Startup program, please wait...
[22:9:37] Pronounce: Приветствую вас, Славик
[22:9:39] Pronounce: Чем я могу вам помочь?
[22:9:53] Recognized text: привет
[22:9:53] Pronounce: Халоу
[22:14:50] 
New loading... Time of load: 22:14:50 

[22:14:50]    ___  ___    _____    ____   __  __   __  _____  
[22:14:50]   / /\  /\ \  / /_\ \  / /\ \ / / / /__/ / / /_\ \ 
[22:14:50]  / / / / / / / ___  / / /  \ | /  \_  __/ / ___  / 
[22:14:50] /_/ /_/ /_/ /_/  /_/ /_/    \_/    /_/   /_/  /_/  
[22:14:50]                                                   
[22:14:50] Version 0.11
[22:14:50] 
[22:14:50] Startup program, please wait...
[22:14:50] 
New loading... Time of load: 22:14:50 

[22:14:50]    ___  ___    _____    ____   __  __   __  _____  
[22:14:50]   / /\  /\ \  / /_\ \  / /\ \ / / / /__/ / / /_\ \ 
[22:14:50]  / / / / / / / ___  / / /  \ | /  \_  __/ / ___  / 
[22:14:50] /_/ /_/ /_/ /_/  /_/ /_/    \_/    /_/   /_/  /_/  
[22:14:50]                                                   
[22:14:50] Version 0.11
[22:14:50] 
[22:14:50] Startup program, please wait...
[22:14:51] Pronounce: Приветствую вас, Славик
[22:14:54] Pronounce: Чем я могу вам помочь?
[22:14:55] 
New loading... Time of load: 22:14:55 

[22:14:55]    ___  ___    _____    ____   __  __   __  _____  
[22:14:55]   / /\  /\ \  / /_\ \  / /\ \ / / / /__/ / / /_\ \ 
[22:14:55]  / / / / / / / ___  / / /  \ | /  \_  __/ / ___  / 
[22:14:55] /_/ /_/ /_/ /_/  /_/ /_/    \_/    /_/   /_/  /_/  
[22:14:55]                                                   
[22:14:55] Version 0.11
[22:14:55] 
[22:14:55] Startup program, please wait...
[22:14:55] 
New loading... Time of load: 22:14:55 

[22:14:55]    ___  ___    _____    ____   __  __   __  _____  
[22:14:55]   / /\  /\ \  / /_\ \  / /\ \ / / / /__/ / / /_\ \ 
[22:14:55]  / / / / / / / ___  / / /  \ | /  \_  __/ / ___  / 
[22:14:55] /_/ /_/ /_/ /_/  /_/ /_/    \_/    /_/   /_/  /_/  
[22:14:55]                                                   
[22:14:55] Version 0.11
[22:14:55] 
[22:14:55] Startup program, please wait...
[22:14:56] Pronounce: Приветствую вас, Славик
[22:37:7] 
New loading... Time of load: 22:37:7 

[22:37:7]    ___  ___    _____    ____   __  __   __  _____  
[22:37:7]   / /\  /\ \  / /_\ \  / /\ \ / / / /__/ / / /_\ \ 
[22:37:7]  / / / / / / / ___  / / /  \ | /  \_  __/ / ___  / 
[22:37:7] /_/ /_/ /_/ /_/  /_/ /_/    \_/    /_/   /_/  /_/  
[22:37:7]                                                   
[22:37:7] Version 0.11
[22:37:7] 
[22:37:7] Startup program, please wait...
[22:37:7] 
New loading... Time of load: 22:37:7 

[22:37:7]    ___  ___    _____    ____   __  __   __  _____  
[22:37:7]   / /\  /\ \  / /_\ \  / /\ \ / / / /__/ / / /_\ \ 
[22:37:7]  / / / / / / / ___  / / /  \ | /  \_  __/ / ___  / 
[22:37:7] /_/ /_/ /_/ /_/  /_/ /_/    \_/    /_/   /_/  /_/  
[22:37:8]                                                   
[22:37:8] Version 0.11
[22:37:8] 
[22:37:8] Startup program, please wait...
[22:37:9] Pronounce: Приветствую вас, Славик
[22:37:11] Pronounce: Ожидаю ваших команд
