[21:42:45] 
New loading... Time of load: 21:42:45 

[21:42:45]    ___  ___    _____    ____   __  __   __  _____  
[21:42:45]   / /\  /\ \  / /_\ \  / /\ \ / / / /__/ / / /_\ \ 
[21:42:45]  / / / / / / / ___  / / /  \ | /  \_  __/ / ___  / 
[21:42:45] /_/ /_/ /_/ /_/  /_/ /_/    \_/    /_/   /_/  /_/  
[21:42:45]                                                   
[21:42:45] Version 0.11
[21:42:45] 
[21:42:45] Startup program, please wait...
[21:42:52] Error: Can't recognize command
[21:43:30] 
New loading... Time of load: 21:43:30 

[21:43:30]    ___  ___    _____    ____   __  __   __  _____  
[21:43:30]   / /\  /\ \  / /_\ \  / /\ \ / / / /__/ / / /_\ \ 
[21:43:30]  / / / / / / / ___  / / /  \ | /  \_  __/ / ___  / 
[21:43:30] /_/ /_/ /_/ /_/  /_/ /_/    \_/    /_/   /_/  /_/  
[21:43:30]                                                   
[21:43:30] Version 0.11
[21:43:30] 
[21:43:30] Startup program, please wait...
[21:43:42] Recognized text: привет
[21:44:27] 
New loading... Time of load: 21:44:27 

[21:44:27]    ___  ___    _____    ____   __  __   __  _____  
[21:44:27]   / /\  /\ \  / /_\ \  / /\ \ / / / /__/ / / /_\ \ 
[21:44:27]  / / / / / / / ___  / / /  \ | /  \_  __/ / ___  / 
[21:44:27] /_/ /_/ /_/ /_/  /_/ /_/    \_/    /_/   /_/  /_/  
[21:44:27]                                                   
[21:44:27] Version 0.11
[21:44:27] 
[21:44:27] Startup program, please wait...
[21:44:42] Recognized text: привет
[21:46:39] 
New loading... Time of load: 21:46:39 

[21:46:39]    ___  ___    _____    ____   __  __   __  _____  
[21:46:39]   / /\  /\ \  / /_\ \  / /\ \ / / / /__/ / / /_\ \ 
[21:46:39]  / / / / / / / ___  / / /  \ | /  \_  __/ / ___  / 
[21:46:39] /_/ /_/ /_/ /_/  /_/ /_/    \_/    /_/   /_/  /_/  
[21:46:39]                                                   
[21:46:39] Version 0.11
[21:46:39] 
[21:46:39] Startup program, please wait...
[21:46:50] Recognized text: привет
[21:47:33] 
New loading... Time of load: 21:47:33 

[21:47:33]    ___  ___    _____    ____   __  __   __  _____  
[21:47:33]   / /\  /\ \  / /_\ \  / /\ \ / / / /__/ / / /_\ \ 
[21:47:33]  / / / / / / / ___  / / /  \ | /  \_  __/ / ___  / 
[21:47:33] /_/ /_/ /_/ /_/  /_/ /_/    \_/    /_/   /_/  /_/  
[21:47:33]                                                   
[21:47:33] Version 0.11
[21:47:33] 
[21:47:33] Startup program, please wait...
[21:48:39] 
New loading... Time of load: 21:48:39 

[21:48:39]    ___  ___    _____    ____   __  __   __  _____  
[21:48:39]   / /\  /\ \  / /_\ \  / /\ \ / / / /__/ / / /_\ \ 
[21:48:39]  / / / / / / / ___  / / /  \ | /  \_  __/ / ___  / 
[21:48:39] /_/ /_/ /_/ /_/  /_/ /_/    \_/    /_/   /_/  /_/  
[21:48:39]                                                   
[21:48:39] Version 0.11
[21:48:39] 
[21:48:39] Startup program, please wait...
[21:50:48] 
New loading... Time of load: 21:50:48 

[21:50:48]    ___  ___    _____    ____   __  __   __  _____  
[21:50:48]   / /\  /\ \  / /_\ \  / /\ \ / / / /__/ / / /_\ \ 
[21:50:48]  / / / / / / / ___  / / /  \ | /  \_  __/ / ___  / 
[21:50:48] /_/ /_/ /_/ /_/  /_/ /_/    \_/    /_/   /_/  /_/  
[21:50:48]                                                   
[21:50:48] Version 0.11
[21:50:48] 
[21:50:48] Startup program, please wait...
[21:55:22] 
New loading... Time of load: 21:55:22 

[21:55:22]    ___  ___    _____    ____   __  __   __  _____  
[21:55:22]   / /\  /\ \  / /_\ \  / /\ \ / / / /__/ / / /_\ \ 
[21:55:22]  / / / / / / / ___  / / /  \ | /  \_  __/ / ___  / 
[21:55:22] /_/ /_/ /_/ /_/  /_/ /_/    \_/    /_/   /_/  /_/  
[21:55:22]                                                   
[21:55:22] Version 0.11
[21:55:22] 
[21:55:22] Startup program, please wait...
[21:55:22] 
New loading... Time of load: 21:55:22 

[21:55:22]    ___  ___    _____    ____   __  __   __  _____  
[21:55:22]   / /\  /\ \  / /_\ \  / /\ \ / / / /__/ / / /_\ \ 
[21:55:22]  / / / / / / / ___  / / /  \ | /  \_  __/ / ___  / 
[21:55:22] /_/ /_/ /_/ /_/  /_/ /_/    \_/    /_/   /_/  /_/  
[21:55:22]                                                   
[21:55:22] Version 0.11
[21:55:22] 
[21:55:22] Startup program, please wait...
[21:55:23] Pronounce: Приветствую вас, Славик
[21:55:26] Pronounce: Ожидаю ваших команд
[21:55:47] Recognized text: привет
[21:57:45] 
New loading... Time of load: 21:57:45 

[21:57:45]    ___  ___    _____    ____   __  __   __  _____  
[21:57:45]   / /\  /\ \  / /_\ \  / /\ \ / / / /__/ / / /_\ \ 
[21:57:45]  / / / / / / / ___  / / /  \ | /  \_  __/ / ___  / 
[21:57:45] /_/ /_/ /_/ /_/  /_/ /_/    \_/    /_/   /_/  /_/  
[21:57:45]                                                   
[21:57:45] Version 0.11
[21:57:45] 
[21:57:45] Startup program, please wait...
[21:57:45] 
New loading... Time of load: 21:57:45 

[21:57:45]    ___  ___    _____    ____   __  __   __  _____  
[21:57:45]   / /\  /\ \  / /_\ \  / /\ \ / / / /__/ / / /_\ \ 
[21:57:45]  / / / / / / / ___  / / /  \ | /  \_  __/ / ___  / 
[21:57:45] /_/ /_/ /_/ /_/  /_/ /_/    \_/    /_/   /_/  /_/  
[21:57:45]                                                   
[21:57:45] Version 0.11
[21:57:45] 
[21:57:45] Startup program, please wait...
[21:57:46] Pronounce: Приветствую вас, Славик
[21:57:49] Pronounce: Вы можете спросить меня о чём-нибудь
[21:58:1] Error: Can't recognize command
[21:58:12] Recognized text: привет
[21:58:12] Pronounce: Добрейший вечерочек
[21:58:29] Recognized text: привет
[21:58:29] Pronounce: Добрейший вечерочек
[22:0:57] 
New loading... Time of load: 22:0:57 

[22:0:57]    ___  ___    _____    ____   __  __   __  _____  
[22:0:57]   / /\  /\ \  / /_\ \  / /\ \ / / / /__/ / / /_\ \ 
[22:0:57]  / / / / / / / ___  / / /  \ | /  \_  __/ / ___  / 
[22:0:57] /_/ /_/ /_/ /_/  /_/ /_/    \_/    /_/   /_/  /_/  
[22:0:57]                                                   
[22:0:57] Version 0.11
[22:0:57] 
[22:0:57] Startup program, please wait...
[22:0:57] 
New loading... Time of load: 22:0:57 

[22:0:57]    ___  ___    _____    ____   __  __   __  _____  
[22:0:57]   / /\  /\ \  / /_\ \  / /\ \ / / / /__/ / / /_\ \ 
[22:0:57]  / / / / / / / ___  / / /  \ | /  \_  __/ / ___  / 
[22:0:57] /_/ /_/ /_/ /_/  /_/ /_/    \_/    /_/   /_/  /_/  
[22:0:57]                                                   
[22:0:57] Version 0.11
[22:0:57] 
[22:0:57] Startup program, please wait...
[22:0:58] Pronounce: Приветствую вас, Славик
[22:1:1] Pronounce: Вы можете спросить меня о чём-нибудь
[22:1:12] Recognized text: погода
[22:1:15] Pronounce: 20 градусов по цельсию, Дождь
[22:1:30] Recognized text: кто такой путин
[22:1:55] Pronounce: Владимир Владимирович Путин (род. 7 октября 1952, Ленинград, СССР) — российский государственный и политический деятель, действующий президент Российской Федерации и верховный главнокомандующий Вооружёнными силами Российской Федерации с 7 мая 2012.
Ранее занимал должность президента с 31 декабря 1999 по 7 мая 2008, в 1999—2000 и 2008—2012 годах занимал должность председателя правительства России.
Выпускник юридического факультета Ленинградского государственного университета (ЛГУ). С 1977 года работал по линии контрразведки в следственном отделе Ленинградского управления КГБ. С 1985 по 1990 год служил в резидентуре советской внешней разведки в ГДР, работал в Дрездене под прикрытием в должности директора дрезденского Дома дружбы СССР—ГДР. По возвращении в Ленинград работал помощником ректора ЛГУ по международным вопросам, затем советником председателя Ленинградского горсовета Анатолия Собчака. 20 августа 1991 года в звании подполковника уволился из КГБ СССР.
В 1991—1996 продолжал работу под началом Собчака, перейдя в мэрию Санкт-Петербурга: возглавлял Комитет по внешним связям, был советником мэра, затем первым заместителем. С августа 1996 года начал работать в Москве в должности заместителя управляющего делами президента РФ. После недолгого пребывания во главе ФСБ РФ и на посту секретаря Совета Безопасности в августе 1999 года был назначен председателем правительства.
Первым лицом государства стал 31 декабря 1999 года, когда по решению президента России Бориса Ельцина был назначен исполняющим обязанности президента РФ — в связи с уходом первого президента России в досрочную отставку. Впервые избран президентом России 26 марта 2000 года. Переизбирался на пост главы государства в 2004, 2012 и 2018 годах. Перед выборами 2012 года срок президентских полномочий был увеличен с 4 до 6 лет.
Полковник запаса (1999). Действительный государственный советник Российской Федерации 1-го класса (1997). Кандидат экономических наук (1997). Мастер спорта по самбо (1973) и дзюдо (1975), чемпион Ленинграда по дзюдо (1976), заслуженный тренер России по самбо (1998). Свободно владеет немецким языком.
[22:17:17] 
New loading... Time of load: 22:17:17 

[22:17:17]    ___  ___    _____    ____   __  __   __  _____  
[22:17:17]   / /\  /\ \  / /_\ \  / /\ \ / / / /__/ / / /_\ \ 
[22:17:17]  / / / / / / / ___  / / /  \ | /  \_  __/ / ___  / 
[22:17:17] /_/ /_/ /_/ /_/  /_/ /_/    \_/    /_/   /_/  /_/  
[22:17:17]                                                   
[22:17:17] Version 0.11
[22:17:17] 
[22:17:17] Startup program, please wait...
[22:17:17] 
New loading... Time of load: 22:17:17 

[22:17:17]    ___  ___    _____    ____   __  __   __  _____  
[22:17:17]   / /\  /\ \  / /_\ \  / /\ \ / / / /__/ / / /_\ \ 
[22:17:17]  / / / / / / / ___  / / /  \ | /  \_  __/ / ___  / 
[22:17:17] /_/ /_/ /_/ /_/  /_/ /_/    \_/    /_/   /_/  /_/  
[22:17:17]                                                   
[22:17:17] Version 0.11
[22:17:17] 
[22:17:17] Startup program, please wait...
[22:17:18] Pronounce: Приветствую вас, Славик
[22:17:21] Pronounce: Вы можете спросить меня о чём-нибудь
[22:17:27] Recognized text: кто такой путин
[22:19:9] 
New loading... Time of load: 22:19:9 

[22:19:9]    ___  ___    _____    ____   __  __   __  _____  
[22:19:9]   / /\  /\ \  / /_\ \  / /\ \ / / / /__/ / / /_\ \ 
[22:19:9]  / / / / / / / ___  / / /  \ | /  \_  __/ / ___  / 
[22:19:9] /_/ /_/ /_/ /_/  /_/ /_/    \_/    /_/   /_/  /_/  
[22:19:9]                                                   
[22:19:9] Version 0.11
[22:19:9] 
[22:19:9] Startup program, please wait...
[22:19:9] 
New loading... Time of load: 22:19:9 

[22:19:9]    ___  ___    _____    ____   __  __   __  _____  
[22:19:9]   / /\  /\ \  / /_\ \  / /\ \ / / / /__/ / / /_\ \ 
[22:19:9]  / / / / / / / ___  / / /  \ | /  \_  __/ / ___  / 
[22:19:9] /_/ /_/ /_/ /_/  /_/ /_/    \_/    /_/   /_/  /_/  
[22:19:9]                                                   
[22:19:9] Version 0.11
[22:19:9] 
[22:19:9] Startup program, please wait...
[22:19:10] Pronounce: Приветствую вас, Славик
[22:19:13] Pronounce: Вы можете спросить меня о чём-нибудь
[22:19:18] Recognized text: кто такой путин
[22:21:21] 
New loading... Time of load: 22:21:21 

[22:21:21]    ___  ___    _____    ____   __  __   __  _____  
[22:21:21]   / /\  /\ \  / /_\ \  / /\ \ / / / /__/ / / /_\ \ 
[22:21:21]  / / / / / / / ___  / / /  \ | /  \_  __/ / ___  / 
[22:21:21] /_/ /_/ /_/ /_/  /_/ /_/    \_/    /_/   /_/  /_/  
[22:21:21]                                                   
[22:21:21] Version 0.11
[22:21:21] 
[22:21:21] Startup program, please wait...
[22:21:21] 
New loading... Time of load: 22:21:21 

[22:21:21]    ___  ___    _____    ____   __  __   __  _____  
[22:21:21]   / /\  /\ \  / /_\ \  / /\ \ / / / /__/ / / /_\ \ 
[22:21:21]  / / / / / / / ___  / / /  \ | /  \_  __/ / ___  / 
[22:21:21] /_/ /_/ /_/ /_/  /_/ /_/    \_/    /_/   /_/  /_/  
[22:21:21]                                                   
[22:21:21] Version 0.11
[22:21:21] 
[22:21:21] Startup program, please wait...
[22:21:22] Pronounce: Приветствую вас, Славик
[22:21:25] Pronounce: Чем я могу вам помочь?
[22:21:30] Recognized text: кто такой путин
[22:21:33] Pronounce: Владимир Владимирович Путин (род. 7 октября 1952, Ленинград, СССР) — российский государственный и политический деятель, действующий президент Российской Федерации и верховный главнокомандующий Вооружёнными силами Российской Федерации с 7 мая 2012.
[22:21:57] Recognized text: привет
[22:21:57] Pronounce: Здарова
[22:22:9] Recognized text: привет
[22:22:9] Pronounce: Здарова
[22:22:20] Recognized text: кто такая капибара
[22:22:22] Pronounce: Капибара, или водосвинка (лат. Hydrochoerus hydrochaeris) — полуводное травоядное млекопитающее из подсемейства водосвинковых (Hydrochoerinae), один из двух (наряду с малой водосвинкой) ныне существующих видов рода водосвинки.
[22:22:43] Recognized text: спасибо
[22:22:43] Pronounce: Пожалуйста
[22:22:49] Recognized text: спасибо
[22:22:49] Pronounce: Не за что
[22:22:53] Recognized text: спасибо
[22:22:53] Pronounce: Не за что
[22:23:3] Error: Can't recognize command
[22:27:57] 
New loading... Time of load: 22:27:57 

[22:27:57]    ___  ___    _____    ____   __  __   __  _____  
[22:27:57]   / /\  /\ \  / /_\ \  / /\ \ / / / /__/ / / /_\ \ 
[22:27:57]  / / / / / / / ___  / / /  \ | /  \_  __/ / ___  / 
[22:27:57] /_/ /_/ /_/ /_/  /_/ /_/    \_/    /_/   /_/  /_/  
[22:27:57]                                                   
[22:27:57] Version 0.11
[22:27:57] 
[22:27:57] Startup program, please wait...
[22:27:57] 
New loading... Time of load: 22:27:57 

[22:27:57]    ___  ___    _____    ____   __  __   __  _____  
[22:27:57]   / /\  /\ \  / /_\ \  / /\ \ / / / /__/ / / /_\ \ 
[22:27:57]  / / / / / / / ___  / / /  \ | /  \_  __/ / ___  / 
[22:27:57] /_/ /_/ /_/ /_/  /_/ /_/    \_/    /_/   /_/  /_/  
[22:27:57]                                                   
[22:27:57] Version 0.11
[22:27:57] 
[22:27:57] Startup program, please wait...
[22:27:58] Pronounce: Приветствую вас, Славик
[22:28:1] Pronounce: Ожидаю ваших команд
[22:28:7] Recognized text: кто такая капибара
[22:28:10] Pronounce: Капибара, или водосвинка (лат. Hydrochoerus hydrochaeris) — полуводное травоядное млекопитающее из подсемейства водосвинковых (Hydrochoerinae), один из двух (наряду с малой водосвинкой) ныне существующих видов рода водосвинки.
[22:28:31] Recognized text: привет
[22:28:31] Pronounce: Приветствую
[22:28:37] Error: Can't recognize command
[22:28:41] Error: Can't recognize command
[22:28:53] Recognized text: спасибо
[22:28:53] Pronounce: Не за что
[22:29:38] 
New loading... Time of load: 22:29:38 

[22:29:38]    ___  ___    _____    ____   __  __   __  _____  
[22:29:38]   / /\  /\ \  / /_\ \  / /\ \ / / / /__/ / / /_\ \ 
[22:29:38]  / / / / / / / ___  / / /  \ | /  \_  __/ / ___  / 
[22:29:38] /_/ /_/ /_/ /_/  /_/ /_/    \_/    /_/   /_/  /_/  
[22:29:38]                                                   
[22:29:38] Version 0.11
[22:29:38] 
[22:29:38] Startup program, please wait...
[22:29:38] 
New loading... Time of load: 22:29:38 

[22:29:38]    ___  ___    _____    ____   __  __   __  _____  
[22:29:38]   / /\  /\ \  / /_\ \  / /\ \ / / / /__/ / / /_\ \ 
[22:29:38]  / / / / / / / ___  / / /  \ | /  \_  __/ / ___  / 
[22:29:38] /_/ /_/ /_/ /_/  /_/ /_/    \_/    /_/   /_/  /_/  
[22:29:38]                                                   
[22:29:38] Version 0.11
[22:29:38] 
[22:29:38] Startup program, please wait...
[22:29:39] Pronounce: Приветствую вас, Славик
[22:29:42] Pronounce: Вы можете спросить меня о чём-нибудь
[22:29:48] Recognized text: кто такая водосвинка
[22:29:50] Pronounce: Капибара, или водосвинка  — полуводное травоядное млекопитающее из подсемейства водосвинковых , один из двух  ныне существующих видов рода водосвинки.
[22:30:6] Recognized text: кто такая жаба
[22:30:8] Pronounce: Жабы, или настоящие жабы  — семейство бесхвостых земноводных, единственное, в котором все представители называются «жабами», хотя некоторые виды можно назвать лягушками .
[22:30:25] Recognized text: кто такая лягушка
[22:30:28] Pronounce: Лягушки — общеупотребительное название группы животных из отряда бесхвостых земноводных. В широком смысле термин «лягушка» относится ко всем представителям отряда бесхвостых.
[22:30:45] Recognized text: кто такие бесхвостые
[22:30:45] Pronounce: Команда не была распознана
[22:30:55] Recognized text: кто такая бесхвостая
[22:30:57] Pronounce: Бесхвостые земноводные, или бесхвостые , — крупнейший отряд земноводных, составляющий около 88% всех земноводных и  насчитывающий более 7172 современных и 84 ископаемых видов.
[22:31:19] Recognized text: кто такие земноводные
[22:31:19] Pronounce: Команда не была распознана
[22:31:25] Recognized text: кто такая земноводная
[22:31:27] Pronounce: Земноводные, или амфибии , — класс позвоночных четвероногих животных, в числе прочих включающий тритонов, саламандр, лягушек и червяг — всего более 7700 современных видов, что делает этот класс сравнительно немногочисленным.
[22:31:50] Recognized text: кто такой путин
[22:31:52] Pronounce: Владимир Владимирович Путин  — российский государственный и политический деятель, действующий президент Российской Федерации и верховный главнокомандующий Вооружёнными силами Российской Федерации с 7 мая 2012.
[22:32:10] Recognized text: спасибо
[22:32:10] Pronounce: Не за что
[22:32:15] Recognized text: спасибо
[22:32:15] Pronounce: Не за что
