[21:45:12] 
New loading... Time of load: 21:45:12 

[21:45:12]    ___  ___    _____    ____   __  __   __  _____  
[21:45:12]   / /\  /\ \  / /_\ \  / /\ \ / / / /__/ / / /_\ \ 
[21:45:12]  / / / / / / / ___  / / /  \ | /  \_  __/ / ___  / 
[21:45:12] /_/ /_/ /_/ /_/  /_/ /_/    \_/    /_/   /_/  /_/  
[21:45:12]                                                   
[21:45:12] Version 0.11
[21:45:12] 
[21:45:12] Startup program, please wait...
[21:45:12] 
New loading... Time of load: 21:45:12 

[21:45:12]    ___  ___    _____    ____   __  __   __  _____  
[21:45:12]   / /\  /\ \  / /_\ \  / /\ \ / / / /__/ / / /_\ \ 
[21:45:12]  / / / / / / / ___  / / /  \ | /  \_  __/ / ___  / 
[21:45:12] /_/ /_/ /_/ /_/  /_/ /_/    \_/    /_/   /_/  /_/  
[21:45:12]                                                   
[21:45:12] Version 0.11
[21:45:12] 
[21:45:12] Startup program, please wait...
[21:45:12] Pronounce: Приветствую вас, Славик
[21:45:48] 
New loading... Time of load: 21:45:48 

[21:45:48]    ___  ___    _____    ____   __  __   __  _____  
[21:45:48]   / /\  /\ \  / /_\ \  / /\ \ / / / /__/ / / /_\ \ 
[21:45:48]  / / / / / / / ___  / / /  \ | /  \_  __/ / ___  / 
[21:45:48] /_/ /_/ /_/ /_/  /_/ /_/    \_/    /_/   /_/  /_/  
[21:45:48]                                                   
[21:45:48] Version 0.11
[21:45:48] 
[21:45:48] Startup program, please wait...
[21:45:48] 
New loading... Time of load: 21:45:48 

[21:45:48]    ___  ___    _____    ____   __  __   __  _____  
[21:45:48]   / /\  /\ \  / /_\ \  / /\ \ / / / /__/ / / /_\ \ 
[21:45:48]  / / / / / / / ___  / / /  \ | /  \_  __/ / ___  / 
[21:45:48] /_/ /_/ /_/ /_/  /_/ /_/    \_/    /_/   /_/  /_/  
[21:45:48]                                                   
[21:45:48] Version 0.11
[21:45:48] 
[21:45:48] Startup program, please wait...
[21:45:48] Pronounce: Приветствую вас, Славик
[21:45:50] Pronounce: Ожидаю ваших команд
[21:46:7] Recognized text: погода
[21:46:8] Pronounce: 14 градусов по цельсию, Облачно
[21:47:29] 
New loading... Time of load: 21:47:29 

[21:47:29]    ___  ___    _____    ____   __  __   __  _____  
[21:47:29]   / /\  /\ \  / /_\ \  / /\ \ / / / /__/ / / /_\ \ 
[21:47:29]  / / / / / / / ___  / / /  \ | /  \_  __/ / ___  / 
[21:47:29] /_/ /_/ /_/ /_/  /_/ /_/    \_/    /_/   /_/  /_/  
[21:47:29]                                                   
[21:47:29] Version 0.11
[21:47:29] 
[21:47:29] Startup program, please wait...
[21:47:29] 
New loading... Time of load: 21:47:29 

[21:47:29]    ___  ___    _____    ____   __  __   __  _____  
[21:47:29]   / /\  /\ \  / /_\ \  / /\ \ / / / /__/ / / /_\ \ 
[21:47:29]  / / / / / / / ___  / / /  \ | /  \_  __/ / ___  / 
[21:47:29] /_/ /_/ /_/ /_/  /_/ /_/    \_/    /_/   /_/  /_/  
[21:47:29]                                                   
[21:47:29] Version 0.11
[21:47:29] 
[21:47:29] Startup program, please wait...
[21:47:29] Pronounce: Приветствую вас, Славик
[21:47:32] Pronounce: Вы можете спросить меня о чём-нибудь
[21:47:59] 
New loading... Time of load: 21:47:59 

[21:47:59]    ___  ___    _____    ____   __  __   __  _____  
[21:47:59]   / /\  /\ \  / /_\ \  / /\ \ / / / /__/ / / /_\ \ 
[21:47:59]  / / / / / / / ___  / / /  \ | /  \_  __/ / ___  / 
[21:47:59] /_/ /_/ /_/ /_/  /_/ /_/    \_/    /_/   /_/  /_/  
[21:47:59]                                                   
[21:47:59] Version 0.11
[21:47:59] 
[21:47:59] Startup program, please wait...
[21:47:59] 
New loading... Time of load: 21:47:59 

[21:47:59]    ___  ___    _____    ____   __  __   __  _____  
[21:47:59]   / /\  /\ \  / /_\ \  / /\ \ / / / /__/ / / /_\ \ 
[21:47:59]  / / / / / / / ___  / / /  \ | /  \_  __/ / ___  / 
[21:47:59] /_/ /_/ /_/ /_/  /_/ /_/    \_/    /_/   /_/  /_/  
[21:47:59]                                                   
[21:47:59] Version 0.11
[21:47:59] 
[21:47:59] Startup program, please wait...
[21:47:59] Pronounce: Приветствую вас, Славик
[21:48:2] Pronounce: Вы можете спросить меня о чём-нибудь
[22:39:53] 
New loading... Time of load: 22:39:53 

[22:39:53]    ___  ___    _____    ____   __  __   __  _____  
[22:39:53]   / /\  /\ \  / /_\ \  / /\ \ / / / /__/ / / /_\ \ 
[22:39:53]  / / / / / / / ___  / / /  \ | /  \_  __/ / ___  / 
[22:39:53] /_/ /_/ /_/ /_/  /_/ /_/    \_/    /_/   /_/  /_/  
[22:39:53]                                                   
[22:39:53] Version 0.11
[22:39:53] 
[22:39:53] Startup program, please wait...
[22:39:53] 
New loading... Time of load: 22:39:53 

[22:39:53]    ___  ___    _____    ____   __  __   __  _____  
[22:39:53]   / /\  /\ \  / /_\ \  / /\ \ / / / /__/ / / /_\ \ 
[22:39:53]  / / / / / / / ___  / / /  \ | /  \_  __/ / ___  / 
[22:39:53] /_/ /_/ /_/ /_/  /_/ /_/    \_/    /_/   /_/  /_/  
[22:39:53]                                                   
[22:39:53] Version 0.11
[22:39:53] 
[22:39:53] Startup program, please wait...
[22:39:53] Pronounce: Приветствую вас, Славик
[22:39:56] Pronounce: Чем я могу вам помочь?
[22:44:50] 
New loading... Time of load: 22:44:50 

[22:44:50]    ___  ___    _____    ____   __  __   __  _____  
[22:44:50]   / /\  /\ \  / /_\ \  / /\ \ / / / /__/ / / /_\ \ 
[22:44:50]  / / / / / / / ___  / / /  \ | /  \_  __/ / ___  / 
[22:44:50] /_/ /_/ /_/ /_/  /_/ /_/    \_/    /_/   /_/  /_/  
[22:44:50]                                                   
[22:44:50] Version 0.11
[22:44:50] 
[22:44:50] Startup program, please wait...
[22:44:50] 
New loading... Time of load: 22:44:50 

[22:44:50]    ___  ___    _____    ____   __  __   __  _____  
[22:44:50]   / /\  /\ \  / /_\ \  / /\ \ / / / /__/ / / /_\ \ 
[22:44:50]  / / / / / / / ___  / / /  \ | /  \_  __/ / ___  / 
[22:44:50] /_/ /_/ /_/ /_/  /_/ /_/    \_/    /_/   /_/  /_/  
[22:44:50]                                                   
[22:44:50] Version 0.11
[22:44:50] 
[22:44:50] Startup program, please wait...
[22:44:50] Pronounce: Приветствую вас, Славик
[22:45:42] 
New loading... Time of load: 22:45:41 

[22:45:42]    ___  ___    _____    ____   __  __   __  _____  
[22:45:42]   / /\  /\ \  / /_\ \  / /\ \ / / / /__/ / / /_\ \ 
[22:45:42]  / / / / / / / ___  / / /  \ | /  \_  __/ / ___  / 
[22:45:42] /_/ /_/ /_/ /_/  /_/ /_/    \_/    /_/   /_/  /_/  
[22:45:42]                                                   
[22:45:42] Version 0.11
[22:45:42] 
[22:45:42] Startup program, please wait...
[22:45:42] 
New loading... Time of load: 22:45:42 

[22:45:42]    ___  ___    _____    ____   __  __   __  _____  
[22:45:42]   / /\  /\ \  / /_\ \  / /\ \ / / / /__/ / / /_\ \ 
[22:45:42]  / / / / / / / ___  / / /  \ | /  \_  __/ / ___  / 
[22:45:42] /_/ /_/ /_/ /_/  /_/ /_/    \_/    /_/   /_/  /_/  
[22:45:42]                                                   
[22:45:42] Version 0.11
[22:45:42] 
[22:45:42] Startup program, please wait...
[22:45:42] Pronounce: Приветствую вас, Славик
[22:49:0] 
New loading... Time of load: 22:49:0 

[22:49:0]    ___  ___    _____    ____   __  __   __  _____  
[22:49:0]   / /\  /\ \  / /_\ \  / /\ \ / / / /__/ / / /_\ \ 
[22:49:0]  / / / / / / / ___  / / /  \ | /  \_  __/ / ___  / 
[22:49:0] /_/ /_/ /_/ /_/  /_/ /_/    \_/    /_/   /_/  /_/  
[22:49:0]                                                   
[22:49:0] Version 0.11
[22:49:0] 
[22:49:0] Startup program, please wait...
[22:49:0] 
New loading... Time of load: 22:49:0 

[22:49:0]    ___  ___    _____    ____   __  __   __  _____  
[22:49:0]   / /\  /\ \  / /_\ \  / /\ \ / / / /__/ / / /_\ \ 
[22:49:0]  / / / / / / / ___  / / /  \ | /  \_  __/ / ___  / 
[22:49:0] /_/ /_/ /_/ /_/  /_/ /_/    \_/    /_/   /_/  /_/  
[22:49:0]                                                   
[22:49:0] Version 0.11
[22:49:0] 
[22:49:0] Startup program, please wait...
[22:49:0] Pronounce: Приветствую вас, Славик
[22:49:2] Pronounce: Вы можете спросить меня о чём-нибудь
[22:58:21] 
New loading... Time of load: 22:58:21 

[22:58:21]    ___  ___    _____    ____   __  __   __  _____  
[22:58:21]   / /\  /\ \  / /_\ \  / /\ \ / / / /__/ / / /_\ \ 
[22:58:21]  / / / / / / / ___  / / /  \ | /  \_  __/ / ___  / 
[22:58:21] /_/ /_/ /_/ /_/  /_/ /_/    \_/    /_/   /_/  /_/  
[22:58:21]                                                   
[22:58:21] Version 0.11
[22:58:21] 
[22:58:21] Startup program, please wait...
[22:58:21] 
New loading... Time of load: 22:58:21 

[22:58:21]    ___  ___    _____    ____   __  __   __  _____  
[22:58:21]   / /\  /\ \  / /_\ \  / /\ \ / / / /__/ / / /_\ \ 
[22:58:21]  / / / / / / / ___  / / /  \ | /  \_  __/ / ___  / 
[22:58:21] /_/ /_/ /_/ /_/  /_/ /_/    \_/    /_/   /_/  /_/  
[22:58:21]                                                   
[22:58:21] Version 0.11
[22:58:21] 
[22:58:21] Startup program, please wait...
[22:58:21] Pronounce: Приветствую вас, Славик
[22:58:50] 
New loading... Time of load: 22:58:50 

[22:58:50]    ___  ___    _____    ____   __  __   __  _____  
[22:58:50]   / /\  /\ \  / /_\ \  / /\ \ / / / /__/ / / /_\ \ 
[22:58:50]  / / / / / / / ___  / / /  \ | /  \_  __/ / ___  / 
[22:58:50] /_/ /_/ /_/ /_/  /_/ /_/    \_/    /_/   /_/  /_/  
[22:58:50]                                                   
[22:58:50] Version 0.11
[22:58:50] 
[22:58:50] Startup program, please wait...
[22:58:50] 
New loading... Time of load: 22:58:50 

[22:58:50]    ___  ___    _____    ____   __  __   __  _____  
[22:58:50]   / /\  /\ \  / /_\ \  / /\ \ / / / /__/ / / /_\ \ 
[22:58:50]  / / / / / / / ___  / / /  \ | /  \_  __/ / ___  / 
[22:58:50] /_/ /_/ /_/ /_/  /_/ /_/    \_/    /_/   /_/  /_/  
[22:58:50]                                                   
[22:58:50] Version 0.11
[22:58:50] 
[22:58:50] Startup program, please wait...
[22:58:50] Pronounce: Приветствую вас, Славик
[22:58:52] Pronounce: Чем я могу вам помочь?
[22:59:26] 
New loading... Time of load: 22:59:26 

[22:59:26]    ___  ___    _____    ____   __  __   __  _____  
[22:59:26]   / /\  /\ \  / /_\ \  / /\ \ / / / /__/ / / /_\ \ 
[22:59:26]  / / / / / / / ___  / / /  \ | /  \_  __/ / ___  / 
[22:59:26] /_/ /_/ /_/ /_/  /_/ /_/    \_/    /_/   /_/  /_/  
[22:59:26]                                                   
[22:59:26] Version 0.11
[22:59:26] 
[22:59:26] Startup program, please wait...
[22:59:26] 
New loading... Time of load: 22:59:26 

[22:59:26]    ___  ___    _____    ____   __  __   __  _____  
[22:59:26]   / /\  /\ \  / /_\ \  / /\ \ / / / /__/ / / /_\ \ 
[22:59:26]  / / / / / / / ___  / / /  \ | /  \_  __/ / ___  / 
[22:59:26] /_/ /_/ /_/ /_/  /_/ /_/    \_/    /_/   /_/  /_/  
[22:59:26]                                                   
[22:59:26] Version 0.11
[22:59:26] 
[22:59:26] Startup program, please wait...
[22:59:26] Pronounce: Приветствую вас, Славик
[22:59:29] Pronounce: Ожидаю ваших команд
[22:59:57] 
New loading... Time of load: 22:59:57 

[22:59:57]    ___  ___    _____    ____   __  __   __  _____  
[22:59:57]   / /\  /\ \  / /_\ \  / /\ \ / / / /__/ / / /_\ \ 
[22:59:57]  / / / / / / / ___  / / /  \ | /  \_  __/ / ___  / 
[22:59:57] /_/ /_/ /_/ /_/  /_/ /_/    \_/    /_/   /_/  /_/  
[22:59:57]                                                   
[22:59:57] Version 0.11
[22:59:57] 
[22:59:57] Startup program, please wait...
[22:59:57] 
New loading... Time of load: 22:59:57 

[22:59:57]    ___  ___    _____    ____   __  __   __  _____  
[22:59:57]   / /\  /\ \  / /_\ \  / /\ \ / / / /__/ / / /_\ \ 
[22:59:57]  / / / / / / / ___  / / /  \ | /  \_  __/ / ___  / 
[22:59:57] /_/ /_/ /_/ /_/  /_/ /_/    \_/    /_/   /_/  /_/  
[22:59:57]                                                   
[22:59:57] Version 0.11
[22:59:57] 
[22:59:57] Startup program, please wait...
[22:59:57] Pronounce: Приветствую вас, Славик
[23:4:40] 
New loading... Time of load: 23:4:40 

[23:4:40]    ___  ___    _____    ____   __  __   __  _____  
[23:4:40]   / /\  /\ \  / /_\ \  / /\ \ / / / /__/ / / /_\ \ 
[23:4:40]  / / / / / / / ___  / / /  \ | /  \_  __/ / ___  / 
[23:4:40] /_/ /_/ /_/ /_/  /_/ /_/    \_/    /_/   /_/  /_/  
[23:4:40]                                                   
[23:4:40] Version 0.11
[23:4:40] 
[23:4:40] Startup program, please wait...
[23:4:40] 
New loading... Time of load: 23:4:40 

[23:4:40]    ___  ___    _____    ____   __  __   __  _____  
[23:4:40]   / /\  /\ \  / /_\ \  / /\ \ / / / /__/ / / /_\ \ 
[23:4:40]  / / / / / / / ___  / / /  \ | /  \_  __/ / ___  / 
[23:4:40] /_/ /_/ /_/ /_/  /_/ /_/    \_/    /_/   /_/  /_/  
[23:4:40]                                                   
[23:4:40] Version 0.11
[23:4:40] 
[23:4:40] Startup program, please wait...
[23:4:40] Pronounce: Приветствую вас, Славик
[23:4:43] Pronounce: Ожидаю ваших команд
[23:7:2] 
New loading... Time of load: 23:7:2 

[23:7:2]    ___  ___    _____    ____   __  __   __  _____  
[23:7:2]   / /\  /\ \  / /_\ \  / /\ \ / / / /__/ / / /_\ \ 
[23:7:2]  / / / / / / / ___  / / /  \ | /  \_  __/ / ___  / 
[23:7:2] /_/ /_/ /_/ /_/  /_/ /_/    \_/    /_/   /_/  /_/  
[23:7:2]                                                   
[23:7:2] Version 0.11
[23:7:2] 
[23:7:2] Startup program, please wait...
[23:7:2] 
New loading... Time of load: 23:7:2 

[23:7:2]    ___  ___    _____    ____   __  __   __  _____  
[23:7:2]   / /\  /\ \  / /_\ \  / /\ \ / / / /__/ / / /_\ \ 
[23:7:2]  / / / / / / / ___  / / /  \ | /  \_  __/ / ___  / 
[23:7:2] /_/ /_/ /_/ /_/  /_/ /_/    \_/    /_/   /_/  /_/  
[23:7:2]                                                   
[23:7:2] Version 0.11
[23:7:2] 
[23:7:2] Startup program, please wait...
[23:7:2] Pronounce: Приветствую вас, Славик
[23:7:5] Pronounce: Вы можете спросить меня о чём-нибудь
[23:7:44] 
New loading... Time of load: 23:7:44 

[23:7:44]    ___  ___    _____    ____   __  __   __  _____  
[23:7:44]   / /\  /\ \  / /_\ \  / /\ \ / / / /__/ / / /_\ \ 
[23:7:44]  / / / / / / / ___  / / /  \ | /  \_  __/ / ___  / 
[23:7:44] /_/ /_/ /_/ /_/  /_/ /_/    \_/    /_/   /_/  /_/  
[23:7:44]                                                   
[23:7:44] Version 0.11
[23:7:44] 
[23:7:44] Startup program, please wait...
[23:7:44] 
New loading... Time of load: 23:7:44 

[23:7:44]    ___  ___    _____    ____   __  __   __  _____  
[23:7:44]   / /\  /\ \  / /_\ \  / /\ \ / / / /__/ / / /_\ \ 
[23:7:44]  / / / / / / / ___  / / /  \ | /  \_  __/ / ___  / 
[23:7:44] /_/ /_/ /_/ /_/  /_/ /_/    \_/    /_/   /_/  /_/  
[23:7:44]                                                   
[23:7:44] Version 0.11
[23:7:44] 
[23:7:44] Startup program, please wait...
[23:7:44] Pronounce: Приветствую вас, Славик
[23:7:47] Pronounce: Вы можете спросить меня о чём-нибудь
[23:7:58] Error: Can't recognize command
[23:8:5] Recognized text: привет
[23:8:5] Pronounce: Приветствую
[23:8:12] Error: Can't recognize command
[23:8:56] 
New loading... Time of load: 23:8:56 

[23:8:56]    ___  ___    _____    ____   __  __   __  _____  
[23:8:56]   / /\  /\ \  / /_\ \  / /\ \ / / / /__/ / / /_\ \ 
[23:8:56]  / / / / / / / ___  / / /  \ | /  \_  __/ / ___  / 
[23:8:56] /_/ /_/ /_/ /_/  /_/ /_/    \_/    /_/   /_/  /_/  
[23:8:56]                                                   
[23:8:56] Version 0.11
[23:8:56] 
[23:8:56] Startup program, please wait...
[23:8:56] 
New loading... Time of load: 23:8:56 

[23:8:56]    ___  ___    _____    ____   __  __   __  _____  
[23:8:56]   / /\  /\ \  / /_\ \  / /\ \ / / / /__/ / / /_\ \ 
[23:8:56]  / / / / / / / ___  / / /  \ | /  \_  __/ / ___  / 
[23:8:56] /_/ /_/ /_/ /_/  /_/ /_/    \_/    /_/   /_/  /_/  
[23:8:56]                                                   
[23:8:56] Version 0.11
[23:8:56] 
[23:8:56] Startup program, please wait...
[23:8:56] Pronounce: Приветствую вас, Славик
[23:8:59] Pronounce: Ожидаю ваших команд
[23:9:25] 
New loading... Time of load: 23:9:25 

[23:9:25]    ___  ___    _____    ____   __  __   __  _____  
[23:9:25]   / /\  /\ \  / /_\ \  / /\ \ / / / /__/ / / /_\ \ 
[23:9:25]  / / / / / / / ___  / / /  \ | /  \_  __/ / ___  / 
[23:9:25] /_/ /_/ /_/ /_/  /_/ /_/    \_/    /_/   /_/  /_/  
[23:9:25]                                                   
[23:9:25] Version 0.11
[23:9:25] 
[23:9:25] Startup program, please wait...
[23:9:25] 
New loading... Time of load: 23:9:25 

[23:9:25]    ___  ___    _____    ____   __  __   __  _____  
[23:9:25]   / /\  /\ \  / /_\ \  / /\ \ / / / /__/ / / /_\ \ 
[23:9:25]  / / / / / / / ___  / / /  \ | /  \_  __/ / ___  / 
[23:9:25] /_/ /_/ /_/ /_/  /_/ /_/    \_/    /_/   /_/  /_/  
[23:9:25]                                                   
[23:9:25] Version 0.11
[23:9:25] 
[23:9:25] Startup program, please wait...
[23:9:25] Pronounce: Приветствую вас, Славик
[23:9:27] Pronounce: Чем я могу вам помочь?
[23:10:50] 
New loading... Time of load: 23:10:50 

[23:10:50]    ___  ___    _____    ____   __  __   __  _____  
[23:10:50]   / /\  /\ \  / /_\ \  / /\ \ / / / /__/ / / /_\ \ 
[23:10:50]  / / / / / / / ___  / / /  \ | /  \_  __/ / ___  / 
[23:10:50] /_/ /_/ /_/ /_/  /_/ /_/    \_/    /_/   /_/  /_/  
[23:10:50]                                                   
[23:10:50] Version 0.11
[23:10:50] 
[23:10:50] Startup program, please wait...
[23:10:50] 
New loading... Time of load: 23:10:50 

[23:10:50]    ___  ___    _____    ____   __  __   __  _____  
[23:10:50]   / /\  /\ \  / /_\ \  / /\ \ / / / /__/ / / /_\ \ 
[23:10:50]  / / / / / / / ___  / / /  \ | /  \_  __/ / ___  / 
[23:10:50] /_/ /_/ /_/ /_/  /_/ /_/    \_/    /_/   /_/  /_/  
[23:10:50]                                                   
[23:10:50] Version 0.11
[23:10:50] 
[23:10:50] Startup program, please wait...
[23:10:50] Pronounce: Приветствую вас, Славик
[23:11:50] 
New loading... Time of load: 23:11:50 

[23:11:50]    ___  ___    _____    ____   __  __   __  _____  
[23:11:50]   / /\  /\ \  / /_\ \  / /\ \ / / / /__/ / / /_\ \ 
[23:11:50]  / / / / / / / ___  / / /  \ | /  \_  __/ / ___  / 
[23:11:50] /_/ /_/ /_/ /_/  /_/ /_/    \_/    /_/   /_/  /_/  
[23:11:50]                                                   
[23:11:50] Version 0.11
[23:11:50] 
[23:11:50] Startup program, please wait...
[23:11:50] 
New loading... Time of load: 23:11:50 

[23:11:50]    ___  ___    _____    ____   __  __   __  _____  
[23:11:50]   / /\  /\ \  / /_\ \  / /\ \ / / / /__/ / / /_\ \ 
[23:11:50]  / / / / / / / ___  / / /  \ | /  \_  __/ / ___  / 
[23:11:50] /_/ /_/ /_/ /_/  /_/ /_/    \_/    /_/   /_/  /_/  
[23:11:50]                                                   
[23:11:50] Version 0.11
[23:11:50] 
[23:11:50] Startup program, please wait...
[23:11:50] Pronounce: Приветствую вас, Славик
[23:11:53] Pronounce: Ожидаю ваших команд
[23:13:50] 
New loading... Time of load: 23:13:50 

[23:13:50]    ___  ___    _____    ____   __  __   __  _____  
[23:13:50]   / /\  /\ \  / /_\ \  / /\ \ / / / /__/ / / /_\ \ 
[23:13:50]  / / / / / / / ___  / / /  \ | /  \_  __/ / ___  / 
[23:13:50] /_/ /_/ /_/ /_/  /_/ /_/    \_/    /_/   /_/  /_/  
[23:13:50]                                                   
[23:13:50] Version 0.11
[23:13:50] 
[23:13:50] Startup program, please wait...
[23:13:50] 
New loading... Time of load: 23:13:50 

[23:13:50]    ___  ___    _____    ____   __  __   __  _____  
[23:13:50]   / /\  /\ \  / /_\ \  / /\ \ / / / /__/ / / /_\ \ 
[23:13:50]  / / / / / / / ___  / / /  \ | /  \_  __/ / ___  / 
[23:13:50] /_/ /_/ /_/ /_/  /_/ /_/    \_/    /_/   /_/  /_/  
[23:13:50]                                                   
[23:13:50] Version 0.11
[23:13:50] 
[23:13:50] Startup program, please wait...
[23:13:50] Pronounce: Приветствую вас, Славик
[23:13:52] Pronounce: Вы можете спросить меня о чём-нибудь
[23:14:23] 
New loading... Time of load: 23:14:23 

[23:14:23]    ___  ___    _____    ____   __  __   __  _____  
[23:14:23]   / /\  /\ \  / /_\ \  / /\ \ / / / /__/ / / /_\ \ 
[23:14:23]  / / / / / / / ___  / / /  \ | /  \_  __/ / ___  / 
[23:14:23] /_/ /_/ /_/ /_/  /_/ /_/    \_/    /_/   /_/  /_/  
[23:14:23]                                                   
[23:14:23] Version 0.11
[23:14:23] 
[23:14:23] Startup program, please wait...
[23:14:23] 
New loading... Time of load: 23:14:23 

[23:14:23]    ___  ___    _____    ____   __  __   __  _____  
[23:14:23]   / /\  /\ \  / /_\ \  / /\ \ / / / /__/ / / /_\ \ 
[23:14:23]  / / / / / / / ___  / / /  \ | /  \_  __/ / ___  / 
[23:14:23] /_/ /_/ /_/ /_/  /_/ /_/    \_/    /_/   /_/  /_/  
[23:14:23]                                                   
[23:14:23] Version 0.11
[23:14:23] 
[23:14:23] Startup program, please wait...
[23:14:23] Pronounce: Приветствую вас, Славик
[23:14:25] Pronounce: Вы можете спросить меня о чём-нибудь
[23:16:57] 
New loading... Time of load: 23:16:57 

[23:16:57]    ___  ___    _____    ____   __  __   __  _____  
[23:16:57]   / /\  /\ \  / /_\ \  / /\ \ / / / /__/ / / /_\ \ 
[23:16:57]  / / / / / / / ___  / / /  \ | /  \_  __/ / ___  / 
[23:16:57] /_/ /_/ /_/ /_/  /_/ /_/    \_/    /_/   /_/  /_/  
[23:16:57]                                                   
[23:16:57] Version 0.11
[23:16:57] 
[23:16:57] Startup program, please wait...
[23:16:57] 
New loading... Time of load: 23:16:57 

[23:16:57]    ___  ___    _____    ____   __  __   __  _____  
[23:16:57]   / /\  /\ \  / /_\ \  / /\ \ / / / /__/ / / /_\ \ 
[23:16:57]  / / / / / / / ___  / / /  \ | /  \_  __/ / ___  / 
[23:16:57] /_/ /_/ /_/ /_/  /_/ /_/    \_/    /_/   /_/  /_/  
[23:16:57]                                                   
[23:16:57] Version 0.11
[23:16:57] 
[23:16:57] Startup program, please wait...
[23:16:57] Pronounce: Приветствую вас, Славик
[23:17:47] 
New loading... Time of load: 23:17:47 

[23:17:47]    ___  ___    _____    ____   __  __   __  _____  
[23:17:47]   / /\  /\ \  / /_\ \  / /\ \ / / / /__/ / / /_\ \ 
[23:17:47]  / / / / / / / ___  / / /  \ | /  \_  __/ / ___  / 
[23:17:47] /_/ /_/ /_/ /_/  /_/ /_/    \_/    /_/   /_/  /_/  
[23:17:47]                                                   
[23:17:47] Version 0.11
[23:17:47] 
[23:17:47] Startup program, please wait...
[23:17:47] 
New loading... Time of load: 23:17:47 

[23:17:47]    ___  ___    _____    ____   __  __   __  _____  
[23:17:47]   / /\  /\ \  / /_\ \  / /\ \ / / / /__/ / / /_\ \ 
[23:17:47]  / / / / / / / ___  / / /  \ | /  \_  __/ / ___  / 
[23:17:47] /_/ /_/ /_/ /_/  /_/ /_/    \_/    /_/   /_/  /_/  
[23:17:47]                                                   
[23:17:47] Version 0.11
[23:17:47] 
[23:17:47] Startup program, please wait...
[23:17:47] Pronounce: Приветствую вас, Славик
[23:18:22] 
New loading... Time of load: 23:18:21 

[23:18:22]    ___  ___    _____    ____   __  __   __  _____  
[23:18:22]   / /\  /\ \  / /_\ \  / /\ \ / / / /__/ / / /_\ \ 
[23:18:22]  / / / / / / / ___  / / /  \ | /  \_  __/ / ___  / 
[23:18:22] /_/ /_/ /_/ /_/  /_/ /_/    \_/    /_/   /_/  /_/  
[23:18:22]                                                   
[23:18:22] Version 0.11
[23:18:22] 
[23:18:22] Startup program, please wait...
[23:18:22] 
New loading... Time of load: 23:18:22 

[23:18:22]    ___  ___    _____    ____   __  __   __  _____  
[23:18:22]   / /\  /\ \  / /_\ \  / /\ \ / / / /__/ / / /_\ \ 
[23:18:22]  / / / / / / / ___  / / /  \ | /  \_  __/ / ___  / 
[23:18:22] /_/ /_/ /_/ /_/  /_/ /_/    \_/    /_/   /_/  /_/  
[23:18:22]                                                   
[23:18:22] Version 0.11
[23:18:22] 
[23:18:22] Startup program, please wait...
[23:18:22] Pronounce: Приветствую вас, Славик
[23:18:24] Pronounce: Вы можете спросить меня о чём-нибудь
[23:18:53] 
New loading... Time of load: 23:18:53 

[23:18:53]    ___  ___    _____    ____   __  __   __  _____  
[23:18:53]   / /\  /\ \  / /_\ \  / /\ \ / / / /__/ / / /_\ \ 
[23:18:53]  / / / / / / / ___  / / /  \ | /  \_  __/ / ___  / 
[23:18:53] /_/ /_/ /_/ /_/  /_/ /_/    \_/    /_/   /_/  /_/  
[23:18:53]                                                   
[23:18:53] Version 0.11
[23:18:53] 
[23:18:53] Startup program, please wait...
[23:18:53] 
New loading... Time of load: 23:18:53 

[23:18:53]    ___  ___    _____    ____   __  __   __  _____  
[23:18:53]   / /\  /\ \  / /_\ \  / /\ \ / / / /__/ / / /_\ \ 
[23:18:53]  / / / / / / / ___  / / /  \ | /  \_  __/ / ___  / 
[23:18:53] /_/ /_/ /_/ /_/  /_/ /_/    \_/    /_/   /_/  /_/  
[23:18:53]                                                   
[23:18:53] Version 0.11
[23:18:53] 
[23:18:53] Startup program, please wait...
[23:18:53] Pronounce: Приветствую вас, Славик
[23:19:6] 
New loading... Time of load: 23:19:6 

[23:19:6]    ___  ___    _____    ____   __  __   __  _____  
[23:19:6]   / /\  /\ \  / /_\ \  / /\ \ / / / /__/ / / /_\ \ 
[23:19:6]  / / / / / / / ___  / / /  \ | /  \_  __/ / ___  / 
[23:19:6] /_/ /_/ /_/ /_/  /_/ /_/    \_/    /_/   /_/  /_/  
[23:19:6]                                                   
[23:19:6] Version 0.11
[23:19:6] 
[23:19:6] Startup program, please wait...
[23:19:6] 
New loading... Time of load: 23:19:6 

[23:19:6]    ___  ___    _____    ____   __  __   __  _____  
[23:19:6]   / /\  /\ \  / /_\ \  / /\ \ / / / /__/ / / /_\ \ 
[23:19:6]  / / / / / / / ___  / / /  \ | /  \_  __/ / ___  / 
[23:19:6] /_/ /_/ /_/ /_/  /_/ /_/    \_/    /_/   /_/  /_/  
[23:19:6]                                                   
[23:19:6] Version 0.11
[23:19:6] 
[23:19:6] Startup program, please wait...
[23:19:6] Pronounce: Приветствую вас, Славик
[23:20:38] 
New loading... Time of load: 23:20:38 

[23:20:38]    ___  ___    _____    ____   __  __   __  _____  
[23:20:38]   / /\  /\ \  / /_\ \  / /\ \ / / / /__/ / / /_\ \ 
[23:20:38]  / / / / / / / ___  / / /  \ | /  \_  __/ / ___  / 
[23:20:38] /_/ /_/ /_/ /_/  /_/ /_/    \_/    /_/   /_/  /_/  
[23:20:38]                                                   
[23:20:38] Version 0.11
[23:20:38] 
[23:20:38] Startup program, please wait...
[23:20:38] 
New loading... Time of load: 23:20:38 

[23:20:38]    ___  ___    _____    ____   __  __   __  _____  
[23:20:38]   / /\  /\ \  / /_\ \  / /\ \ / / / /__/ / / /_\ \ 
[23:20:38]  / / / / / / / ___  / / /  \ | /  \_  __/ / ___  / 
[23:20:38] /_/ /_/ /_/ /_/  /_/ /_/    \_/    /_/   /_/  /_/  
[23:20:38]                                                   
[23:20:38] Version 0.11
[23:20:38] 
[23:20:38] Startup program, please wait...
[23:20:38] Pronounce: Приветствую вас, Славик
[23:20:41] Pronounce: Ожидаю ваших команд
[23:21:7] 
New loading... Time of load: 23:21:7 

[23:21:7]    ___  ___    _____    ____   __  __   __  _____  
[23:21:7]   / /\  /\ \  / /_\ \  / /\ \ / / / /__/ / / /_\ \ 
[23:21:7]  / / / / / / / ___  / / /  \ | /  \_  __/ / ___  / 
[23:21:7] /_/ /_/ /_/ /_/  /_/ /_/    \_/    /_/   /_/  /_/  
[23:21:7]                                                   
[23:21:7] Version 0.11
[23:21:7] 
[23:21:7] Startup program, please wait...
[23:21:7] 
New loading... Time of load: 23:21:7 

[23:21:7]    ___  ___    _____    ____   __  __   __  _____  
[23:21:7]   / /\  /\ \  / /_\ \  / /\ \ / / / /__/ / / /_\ \ 
[23:21:7]  / / / / / / / ___  / / /  \ | /  \_  __/ / ___  / 
[23:21:7] /_/ /_/ /_/ /_/  /_/ /_/    \_/    /_/   /_/  /_/  
[23:21:7]                                                   
[23:21:7] Version 0.11
[23:21:7] 
[23:21:7] Startup program, please wait...
[23:21:7] Pronounce: Приветствую вас, Славик
[23:21:28] 
New loading... Time of load: 23:21:28 

[23:21:28]    ___  ___    _____    ____   __  __   __  _____  
[23:21:28]   / /\  /\ \  / /_\ \  / /\ \ / / / /__/ / / /_\ \ 
[23:21:28]  / / / / / / / ___  / / /  \ | /  \_  __/ / ___  / 
[23:21:28] /_/ /_/ /_/ /_/  /_/ /_/    \_/    /_/   /_/  /_/  
[23:21:28]                                                   
[23:21:28] Version 0.11
[23:21:28] 
[23:21:28] Startup program, please wait...
[23:21:28] 
New loading... Time of load: 23:21:28 

[23:21:28]    ___  ___    _____    ____   __  __   __  _____  
[23:21:28]   / /\  /\ \  / /_\ \  / /\ \ / / / /__/ / / /_\ \ 
[23:21:28]  / / / / / / / ___  / / /  \ | /  \_  __/ / ___  / 
[23:21:28] /_/ /_/ /_/ /_/  /_/ /_/    \_/    /_/   /_/  /_/  
[23:21:28]                                                   
[23:21:28] Version 0.11
[23:21:28] 
[23:21:28] Startup program, please wait...
[23:21:28] Pronounce: Приветствую вас, Славик
[23:21:44] 
New loading... Time of load: 23:21:44 

[23:21:45]    ___  ___    _____    ____   __  __   __  _____  
[23:21:45]   / /\  /\ \  / /_\ \  / /\ \ / / / /__/ / / /_\ \ 
[23:21:45]  / / / / / / / ___  / / /  \ | /  \_  __/ / ___  / 
[23:21:45] /_/ /_/ /_/ /_/  /_/ /_/    \_/    /_/   /_/  /_/  
[23:21:45]                                                   
[23:21:45] Version 0.11
[23:21:45] 
[23:21:45] Startup program, please wait...
[23:21:45] 
New loading... Time of load: 23:21:45 

[23:21:45]    ___  ___    _____    ____   __  __   __  _____  
[23:21:45]   / /\  /\ \  / /_\ \  / /\ \ / / / /__/ / / /_\ \ 
[23:21:45]  / / / / / / / ___  / / /  \ | /  \_  __/ / ___  / 
[23:21:45] /_/ /_/ /_/ /_/  /_/ /_/    \_/    /_/   /_/  /_/  
[23:21:45]                                                   
[23:21:45] Version 0.11
[23:21:45] 
[23:21:45] Startup program, please wait...
[23:21:45] Pronounce: Приветствую вас, Славик
[23:21:55] 
New loading... Time of load: 23:21:55 

[23:21:55]    ___  ___    _____    ____   __  __   __  _____  
[23:21:55]   / /\  /\ \  / /_\ \  / /\ \ / / / /__/ / / /_\ \ 
[23:21:55]  / / / / / / / ___  / / /  \ | /  \_  __/ / ___  / 
[23:21:55] /_/ /_/ /_/ /_/  /_/ /_/    \_/    /_/   /_/  /_/  
[23:21:55]                                                   
[23:21:55] Version 0.11
[23:21:55] 
[23:21:55] Startup program, please wait...
[23:21:55] 
New loading... Time of load: 23:21:55 

[23:21:55]    ___  ___    _____    ____   __  __   __  _____  
[23:21:55]   / /\  /\ \  / /_\ \  / /\ \ / / / /__/ / / /_\ \ 
[23:21:55]  / / / / / / / ___  / / /  \ | /  \_  __/ / ___  / 
[23:21:55] /_/ /_/ /_/ /_/  /_/ /_/    \_/    /_/   /_/  /_/  
[23:21:55]                                                   
[23:21:55] Version 0.11
[23:21:55] 
[23:21:55] Startup program, please wait...
[23:21:55] Pronounce: Приветствую вас, Славик
[23:22:33] 
New loading... Time of load: 23:22:33 

[23:22:33]    ___  ___    _____    ____   __  __   __  _____  
[23:22:33]   / /\  /\ \  / /_\ \  / /\ \ / / / /__/ / / /_\ \ 
[23:22:33]  / / / / / / / ___  / / /  \ | /  \_  __/ / ___  / 
[23:22:33] /_/ /_/ /_/ /_/  /_/ /_/    \_/    /_/   /_/  /_/  
[23:22:33]                                                   
[23:22:33] Version 0.11
[23:22:33] 
[23:22:33] Startup program, please wait...
[23:22:33] 
New loading... Time of load: 23:22:33 

[23:22:33]    ___  ___    _____    ____   __  __   __  _____  
[23:22:33]   / /\  /\ \  / /_\ \  / /\ \ / / / /__/ / / /_\ \ 
[23:22:33]  / / / / / / / ___  / / /  \ | /  \_  __/ / ___  / 
[23:22:33] /_/ /_/ /_/ /_/  /_/ /_/    \_/    /_/   /_/  /_/  
[23:22:33]                                                   
[23:22:33] Version 0.11
[23:22:33] 
[23:22:33] Startup program, please wait...
[23:22:33] Pronounce: Приветствую вас, Славик
[23:23:12] 
New loading... Time of load: 23:23:12 

[23:23:12]    ___  ___    _____    ____   __  __   __  _____  
[23:23:12]   / /\  /\ \  / /_\ \  / /\ \ / / / /__/ / / /_\ \ 
[23:23:12]  / / / / / / / ___  / / /  \ | /  \_  __/ / ___  / 
[23:23:12] /_/ /_/ /_/ /_/  /_/ /_/    \_/    /_/   /_/  /_/  
[23:23:12]                                                   
[23:23:12] Version 0.11
[23:23:12] 
[23:23:12] Startup program, please wait...
[23:23:12] 
New loading... Time of load: 23:23:12 

[23:23:12]    ___  ___    _____    ____   __  __   __  _____  
[23:23:12]   / /\  /\ \  / /_\ \  / /\ \ / / / /__/ / / /_\ \ 
[23:23:12]  / / / / / / / ___  / / /  \ | /  \_  __/ / ___  / 
[23:23:12] /_/ /_/ /_/ /_/  /_/ /_/    \_/    /_/   /_/  /_/  
[23:23:12]                                                   
[23:23:12] Version 0.11
[23:23:12] 
[23:23:12] Startup program, please wait...
[23:23:12] Pronounce: Приветствую вас, Славик
[23:23:26] 
New loading... Time of load: 23:23:26 

[23:23:26]    ___  ___    _____    ____   __  __   __  _____  
[23:23:26]   / /\  /\ \  / /_\ \  / /\ \ / / / /__/ / / /_\ \ 
[23:23:26]  / / / / / / / ___  / / /  \ | /  \_  __/ / ___  / 
[23:23:26] /_/ /_/ /_/ /_/  /_/ /_/    \_/    /_/   /_/  /_/  
[23:23:26]                                                   
[23:23:26] Version 0.11
[23:23:26] 
[23:23:26] Startup program, please wait...
[23:23:26] 
New loading... Time of load: 23:23:26 

[23:23:26]    ___  ___    _____    ____   __  __   __  _____  
[23:23:26]   / /\  /\ \  / /_\ \  / /\ \ / / / /__/ / / /_\ \ 
[23:23:26]  / / / / / / / ___  / / /  \ | /  \_  __/ / ___  / 
[23:23:26] /_/ /_/ /_/ /_/  /_/ /_/    \_/    /_/   /_/  /_/  
[23:23:26]                                                   
[23:23:26] Version 0.11
[23:23:26] 
[23:23:26] Startup program, please wait...
[23:23:26] Pronounce: Приветствую вас, Славик
[23:23:49] 
New loading... Time of load: 23:23:49 

[23:23:49]    ___  ___    _____    ____   __  __   __  _____  
[23:23:49]   / /\  /\ \  / /_\ \  / /\ \ / / / /__/ / / /_\ \ 
[23:23:49]  / / / / / / / ___  / / /  \ | /  \_  __/ / ___  / 
[23:23:49] /_/ /_/ /_/ /_/  /_/ /_/    \_/    /_/   /_/  /_/  
[23:23:49]                                                   
[23:23:49] Version 0.11
[23:23:49] 
[23:23:49] Startup program, please wait...
[23:23:49] 
New loading... Time of load: 23:23:49 

[23:23:49]    ___  ___    _____    ____   __  __   __  _____  
[23:23:49]   / /\  /\ \  / /_\ \  / /\ \ / / / /__/ / / /_\ \ 
[23:23:49]  / / / / / / / ___  / / /  \ | /  \_  __/ / ___  / 
[23:23:49] /_/ /_/ /_/ /_/  /_/ /_/    \_/    /_/   /_/  /_/  
[23:23:49]                                                   
[23:23:49] Version 0.11
[23:23:49] 
[23:23:49] Startup program, please wait...
[23:23:49] Pronounce: Приветствую вас, Славик
[23:27:59] 
New loading... Time of load: 23:27:59 

[23:27:59]    ___  ___    _____    ____   __  __   __  _____  
[23:27:59]   / /\  /\ \  / /_\ \  / /\ \ / / / /__/ / / /_\ \ 
[23:27:59]  / / / / / / / ___  / / /  \ | /  \_  __/ / ___  / 
[23:27:59] /_/ /_/ /_/ /_/  /_/ /_/    \_/    /_/   /_/  /_/  
[23:27:59]                                                   
[23:27:59] Version 0.11
[23:27:59] 
[23:27:59] Startup program, please wait...
[23:27:59] 
New loading... Time of load: 23:27:59 

[23:27:59]    ___  ___    _____    ____   __  __   __  _____  
[23:27:59]   / /\  /\ \  / /_\ \  / /\ \ / / / /__/ / / /_\ \ 
[23:27:59]  / / / / / / / ___  / / /  \ | /  \_  __/ / ___  / 
[23:27:59] /_/ /_/ /_/ /_/  /_/ /_/    \_/    /_/   /_/  /_/  
[23:27:59]                                                   
[23:27:59] Version 0.11
[23:27:59] 
[23:27:59] Startup program, please wait...
[23:27:59] Pronounce: Приветствую вас, Славик
[23:28:16] 
New loading... Time of load: 23:28:16 

[23:28:16]    ___  ___    _____    ____   __  __   __  _____  
[23:28:16]   / /\  /\ \  / /_\ \  / /\ \ / / / /__/ / / /_\ \ 
[23:28:16]  / / / / / / / ___  / / /  \ | /  \_  __/ / ___  / 
[23:28:16] /_/ /_/ /_/ /_/  /_/ /_/    \_/    /_/   /_/  /_/  
[23:28:16]                                                   
[23:28:16] Version 0.11
[23:28:16] 
[23:28:16] Startup program, please wait...
[23:28:16] 
New loading... Time of load: 23:28:16 

[23:28:16]    ___  ___    _____    ____   __  __   __  _____  
[23:28:16]   / /\  /\ \  / /_\ \  / /\ \ / / / /__/ / / /_\ \ 
[23:28:16]  / / / / / / / ___  / / /  \ | /  \_  __/ / ___  / 
[23:28:16] /_/ /_/ /_/ /_/  /_/ /_/    \_/    /_/   /_/  /_/  
[23:28:16]                                                   
[23:28:16] Version 0.11
[23:28:16] 
[23:28:16] Startup program, please wait...
[23:28:16] Pronounce: Приветствую вас, Славик
[23:28:19] Pronounce: Чем я могу вам помочь?
[23:28:51] 
New loading... Time of load: 23:28:51 

[23:28:51]    ___  ___    _____    ____   __  __   __  _____  
[23:28:51]   / /\  /\ \  / /_\ \  / /\ \ / / / /__/ / / /_\ \ 
[23:28:51]  / / / / / / / ___  / / /  \ | /  \_  __/ / ___  / 
[23:28:51] /_/ /_/ /_/ /_/  /_/ /_/    \_/    /_/   /_/  /_/  
[23:28:51]                                                   
[23:28:51] Version 0.11
[23:28:51] 
[23:28:51] Startup program, please wait...
[23:28:51] 
New loading... Time of load: 23:28:51 

[23:28:51]    ___  ___    _____    ____   __  __   __  _____  
[23:28:51]   / /\  /\ \  / /_\ \  / /\ \ / / / /__/ / / /_\ \ 
[23:28:51]  / / / / / / / ___  / / /  \ | /  \_  __/ / ___  / 
[23:28:51] /_/ /_/ /_/ /_/  /_/ /_/    \_/    /_/   /_/  /_/  
[23:28:51]                                                   
[23:28:51] Version 0.11
[23:28:51] 
[23:28:51] Startup program, please wait...
[23:28:51] Pronounce: Приветствую вас, Славик
[23:29:4] 
New loading... Time of load: 23:29:4 

[23:29:4]    ___  ___    _____    ____   __  __   __  _____  
[23:29:4]   / /\  /\ \  / /_\ \  / /\ \ / / / /__/ / / /_\ \ 
[23:29:4]  / / / / / / / ___  / / /  \ | /  \_  __/ / ___  / 
[23:29:4] /_/ /_/ /_/ /_/  /_/ /_/    \_/    /_/   /_/  /_/  
[23:29:4]                                                   
[23:29:4] Version 0.11
[23:29:4] 
[23:29:4] Startup program, please wait...
[23:29:4] 
New loading... Time of load: 23:29:4 

[23:29:4]    ___  ___    _____    ____   __  __   __  _____  
[23:29:4]   / /\  /\ \  / /_\ \  / /\ \ / / / /__/ / / /_\ \ 
[23:29:4]  / / / / / / / ___  / / /  \ | /  \_  __/ / ___  / 
[23:29:4] /_/ /_/ /_/ /_/  /_/ /_/    \_/    /_/   /_/  /_/  
[23:29:4]                                                   
[23:29:4] Version 0.11
[23:29:4] 
[23:29:4] Startup program, please wait...
[23:29:4] Pronounce: Приветствую вас, Славик
[23:32:13] 
New loading... Time of load: 23:32:13 

[23:32:13]    ___  ___    _____    ____   __  __   __  _____  
[23:32:13]   / /\  /\ \  / /_\ \  / /\ \ / / / /__/ / / /_\ \ 
[23:32:13]  / / / / / / / ___  / / /  \ | /  \_  __/ / ___  / 
[23:32:13] /_/ /_/ /_/ /_/  /_/ /_/    \_/    /_/   /_/  /_/  
[23:32:13]                                                   
[23:32:13] Version 0.11
[23:32:13] 
[23:32:13] Startup program, please wait...
[23:32:13] 
New loading... Time of load: 23:32:13 

[23:32:13]    ___  ___    _____    ____   __  __   __  _____  
[23:32:13]   / /\  /\ \  / /_\ \  / /\ \ / / / /__/ / / /_\ \ 
[23:32:13]  / / / / / / / ___  / / /  \ | /  \_  __/ / ___  / 
[23:32:13] /_/ /_/ /_/ /_/  /_/ /_/    \_/    /_/   /_/  /_/  
[23:32:13]                                                   
[23:32:13] Version 0.11
[23:32:13] 
[23:32:13] Startup program, please wait...
[23:32:13] Pronounce: Приветствую вас, Славик
[23:32:36] 
New loading... Time of load: 23:32:36 

[23:32:36]    ___  ___    _____    ____   __  __   __  _____  
[23:32:36]   / /\  /\ \  / /_\ \  / /\ \ / / / /__/ / / /_\ \ 
[23:32:36]  / / / / / / / ___  / / /  \ | /  \_  __/ / ___  / 
[23:32:36] /_/ /_/ /_/ /_/  /_/ /_/    \_/    /_/   /_/  /_/  
[23:32:36]                                                   
[23:32:36] Version 0.11
[23:32:36] 
[23:32:36] Startup program, please wait...
[23:32:36] 
New loading... Time of load: 23:32:36 

[23:32:36]    ___  ___    _____    ____   __  __   __  _____  
[23:32:36]   / /\  /\ \  / /_\ \  / /\ \ / / / /__/ / / /_\ \ 
[23:32:36]  / / / / / / / ___  / / /  \ | /  \_  __/ / ___  / 
[23:32:36] /_/ /_/ /_/ /_/  /_/ /_/    \_/    /_/   /_/  /_/  
[23:32:36]                                                   
[23:32:36] Version 0.11
[23:32:36] 
[23:32:36] Startup program, please wait...
[23:32:36] Pronounce: Приветствую вас, Славик
[23:32:39] Pronounce: Вы можете спросить меня о чём-нибудь
[23:32:54] 
New loading... Time of load: 23:32:53 

[23:32:54]    ___  ___    _____    ____   __  __   __  _____  
[23:32:54]   / /\  /\ \  / /_\ \  / /\ \ / / / /__/ / / /_\ \ 
[23:32:54]  / / / / / / / ___  / / /  \ | /  \_  __/ / ___  / 
[23:32:54] /_/ /_/ /_/ /_/  /_/ /_/    \_/    /_/   /_/  /_/  
[23:32:54]                                                   
[23:32:54] Version 0.11
[23:32:54] 
[23:32:54] Startup program, please wait...
[23:32:54] 
New loading... Time of load: 23:32:54 

[23:32:54]    ___  ___    _____    ____   __  __   __  _____  
[23:32:54]   / /\  /\ \  / /_\ \  / /\ \ / / / /__/ / / /_\ \ 
[23:32:54]  / / / / / / / ___  / / /  \ | /  \_  __/ / ___  / 
[23:32:54] /_/ /_/ /_/ /_/  /_/ /_/    \_/    /_/   /_/  /_/  
[23:32:54]                                                   
[23:32:54] Version 0.11
[23:32:54] 
[23:32:54] Startup program, please wait...
[23:32:54] Pronounce: Приветствую вас, Славик
[23:37:3] 
New loading... Time of load: 23:37:3 

[23:37:3]    ___  ___    _____    ____   __  __   __  _____  
[23:37:3]   / /\  /\ \  / /_\ \  / /\ \ / / / /__/ / / /_\ \ 
[23:37:3]  / / / / / / / ___  / / /  \ | /  \_  __/ / ___  / 
[23:37:3] /_/ /_/ /_/ /_/  /_/ /_/    \_/    /_/   /_/  /_/  
[23:37:3]                                                   
[23:37:3] Version 0.11
[23:37:3] 
[23:37:3] Startup program, please wait...
[23:37:3] 
New loading... Time of load: 23:37:3 

[23:37:3]    ___  ___    _____    ____   __  __   __  _____  
[23:37:3]   / /\  /\ \  / /_\ \  / /\ \ / / / /__/ / / /_\ \ 
[23:37:3]  / / / / / / / ___  / / /  \ | /  \_  __/ / ___  / 
[23:37:3] /_/ /_/ /_/ /_/  /_/ /_/    \_/    /_/   /_/  /_/  
[23:37:3]                                                   
[23:37:3] Version 0.11
[23:37:3] 
[23:37:3] Startup program, please wait...
[23:37:3] Pronounce: Приветствую вас, Славик
[23:37:6] Pronounce: Ожидаю ваших команд
[23:38:50] 
New loading... Time of load: 23:38:50 

[23:38:50]    ___  ___    _____    ____   __  __   __  _____  
[23:38:50]   / /\  /\ \  / /_\ \  / /\ \ / / / /__/ / / /_\ \ 
[23:38:50]  / / / / / / / ___  / / /  \ | /  \_  __/ / ___  / 
[23:38:50] /_/ /_/ /_/ /_/  /_/ /_/    \_/    /_/   /_/  /_/  
[23:38:50]                                                   
[23:38:50] Version 0.11
[23:38:50] 
[23:38:50] Startup program, please wait...
[23:38:50] 
New loading... Time of load: 23:38:50 

[23:38:50]    ___  ___    _____    ____   __  __   __  _____  
[23:38:50]   / /\  /\ \  / /_\ \  / /\ \ / / / /__/ / / /_\ \ 
[23:38:50]  / / / / / / / ___  / / /  \ | /  \_  __/ / ___  / 
[23:38:50] /_/ /_/ /_/ /_/  /_/ /_/    \_/    /_/   /_/  /_/  
[23:38:50]                                                   
[23:38:50] Version 0.11
[23:38:50] 
[23:38:50] Startup program, please wait...
[23:38:50] Pronounce: Приветствую вас, Славик
[23:40:27] 
New loading... Time of load: 23:40:27 

[23:40:27]    ___  ___    _____    ____   __  __   __  _____  
[23:40:27]   / /\  /\ \  / /_\ \  / /\ \ / / / /__/ / / /_\ \ 
[23:40:27]  / / / / / / / ___  / / /  \ | /  \_  __/ / ___  / 
[23:40:27] /_/ /_/ /_/ /_/  /_/ /_/    \_/    /_/   /_/  /_/  
[23:40:27]                                                   
[23:40:27] Version 0.11
[23:40:27] 
[23:40:27] Startup program, please wait...
[23:40:27] 
New loading... Time of load: 23:40:27 

[23:40:27]    ___  ___    _____    ____   __  __   __  _____  
[23:40:27]   / /\  /\ \  / /_\ \  / /\ \ / / / /__/ / / /_\ \ 
[23:40:27]  / / / / / / / ___  / / /  \ | /  \_  __/ / ___  / 
[23:40:27] /_/ /_/ /_/ /_/  /_/ /_/    \_/    /_/   /_/  /_/  
[23:40:27]                                                   
[23:40:27] Version 0.11
[23:40:27] 
[23:40:27] Startup program, please wait...
[23:40:27] Pronounce: Приветствую вас, Славик
[23:40:30] Pronounce: Вы можете спросить меня о чём-нибудь
[23:41:33] 
New loading... Time of load: 23:41:33 

[23:41:33]    ___  ___    _____    ____   __  __   __  _____  
[23:41:33]   / /\  /\ \  / /_\ \  / /\ \ / / / /__/ / / /_\ \ 
[23:41:33]  / / / / / / / ___  / / /  \ | /  \_  __/ / ___  / 
[23:41:33] /_/ /_/ /_/ /_/  /_/ /_/    \_/    /_/   /_/  /_/  
[23:41:33]                                                   
[23:41:33] Version 0.11
[23:41:33] 
[23:41:33] Startup program, please wait...
[23:41:33] 
New loading... Time of load: 23:41:33 

[23:41:33]    ___  ___    _____    ____   __  __   __  _____  
[23:41:33]   / /\  /\ \  / /_\ \  / /\ \ / / / /__/ / / /_\ \ 
[23:41:33]  / / / / / / / ___  / / /  \ | /  \_  __/ / ___  / 
[23:41:33] /_/ /_/ /_/ /_/  /_/ /_/    \_/    /_/   /_/  /_/  
[23:41:33]                                                   
[23:41:33] Version 0.11
[23:41:33] 
[23:41:33] Startup program, please wait...
[23:41:33] Pronounce: Приветствую вас, Славик
[23:42:8] 
New loading... Time of load: 23:42:8 

[23:42:8]    ___  ___    _____    ____   __  __   __  _____  
[23:42:8]   / /\  /\ \  / /_\ \  / /\ \ / / / /__/ / / /_\ \ 
[23:42:8]  / / / / / / / ___  / / /  \ | /  \_  __/ / ___  / 
[23:42:8] /_/ /_/ /_/ /_/  /_/ /_/    \_/    /_/   /_/  /_/  
[23:42:8]                                                   
[23:42:8] Version 0.11
[23:42:8] 
[23:42:8] Startup program, please wait...
[23:42:8] 
New loading... Time of load: 23:42:8 

[23:42:8]    ___  ___    _____    ____   __  __   __  _____  
[23:42:8]   / /\  /\ \  / /_\ \  / /\ \ / / / /__/ / / /_\ \ 
[23:42:8]  / / / / / / / ___  / / /  \ | /  \_  __/ / ___  / 
[23:42:8] /_/ /_/ /_/ /_/  /_/ /_/    \_/    /_/   /_/  /_/  
[23:42:8]                                                   
[23:42:8] Version 0.11
[23:42:8] 
[23:42:8] Startup program, please wait...
[23:42:8] Pronounce: Приветствую вас, Славик
[23:42:10] Pronounce: Вы можете спросить меня о чём-нибудь
[23:43:9] 
New loading... Time of load: 23:43:9 

[23:43:9]    ___  ___    _____    ____   __  __   __  _____  
[23:43:9]   / /\  /\ \  / /_\ \  / /\ \ / / / /__/ / / /_\ \ 
[23:43:9]  / / / / / / / ___  / / /  \ | /  \_  __/ / ___  / 
[23:43:9] /_/ /_/ /_/ /_/  /_/ /_/    \_/    /_/   /_/  /_/  
[23:43:9]                                                   
[23:43:9] Version 0.11
[23:43:9] 
[23:43:9] Startup program, please wait...
[23:43:9] 
New loading... Time of load: 23:43:9 

[23:43:9]    ___  ___    _____    ____   __  __   __  _____  
[23:43:9]   / /\  /\ \  / /_\ \  / /\ \ / / / /__/ / / /_\ \ 
[23:43:9]  / / / / / / / ___  / / /  \ | /  \_  __/ / ___  / 
[23:43:9] /_/ /_/ /_/ /_/  /_/ /_/    \_/    /_/   /_/  /_/  
[23:43:9]                                                   
[23:43:9] Version 0.11
[23:43:9] 
[23:43:9] Startup program, please wait...
[23:43:9] Pronounce: Приветствую вас, Славик
[23:43:12] Pronounce: Чем я могу вам помочь?
[23:43:45] 
New loading... Time of load: 23:43:45 

[23:43:45]    ___  ___    _____    ____   __  __   __  _____  
[23:43:45]   / /\  /\ \  / /_\ \  / /\ \ / / / /__/ / / /_\ \ 
[23:43:45]  / / / / / / / ___  / / /  \ | /  \_  __/ / ___  / 
[23:43:45] /_/ /_/ /_/ /_/  /_/ /_/    \_/    /_/   /_/  /_/  
[23:43:45]                                                   
[23:43:45] Version 0.11
[23:43:45] 
[23:43:45] Startup program, please wait...
[23:43:45] 
New loading... Time of load: 23:43:45 

[23:43:45]    ___  ___    _____    ____   __  __   __  _____  
[23:43:45]   / /\  /\ \  / /_\ \  / /\ \ / / / /__/ / / /_\ \ 
[23:43:45]  / / / / / / / ___  / / /  \ | /  \_  __/ / ___  / 
[23:43:45] /_/ /_/ /_/ /_/  /_/ /_/    \_/    /_/   /_/  /_/  
[23:43:45]                                                   
[23:43:45] Version 0.11
[23:43:45] 
[23:43:45] Startup program, please wait...
[23:43:45] Pronounce: Приветствую вас, Славик
[23:44:14] 
New loading... Time of load: 23:44:14 

[23:44:15]    ___  ___    _____    ____   __  __   __  _____  
[23:44:15]   / /\  /\ \  / /_\ \  / /\ \ / / / /__/ / / /_\ \ 
[23:44:15]  / / / / / / / ___  / / /  \ | /  \_  __/ / ___  / 
[23:44:29] 
New loading... Time of load: 23:44:29 

[23:44:29]    ___  ___    _____    ____   __  __   __  _____  
[23:44:29]   / /\  /\ \  / /_\ \  / /\ \ / / / /__/ / / /_\ \ 
[23:44:29]  / / / / / / / ___  / / /  \ | /  \_  __/ / ___  / 
[23:44:29] /_/ /_/ /_/ /_/  /_/ /_/    \_/    /_/   /_/  /_/  
[23:44:29]                                                   
[23:44:29] Version 0.11
[23:44:29] 
[23:44:29] Startup program, please wait...
[23:44:29] 
New loading... Time of load: 23:44:29 

[23:44:29]    ___  ___    _____    ____   __  __   __  _____  
[23:44:29]   / /\  /\ \  / /_\ \  / /\ \ / / / /__/ / / /_\ \ 
[23:44:29]  / / / / / / / ___  / / /  \ | /  \_  __/ / ___  / 
[23:44:29] /_/ /_/ /_/ /_/  /_/ /_/    \_/    /_/   /_/  /_/  
[23:44:29]                                                   
[23:44:29] Version 0.11
[23:44:29] 
[23:44:29] Startup program, please wait...
[23:44:29] Pronounce: Приветствую вас, Славик
[23:44:32] Pronounce: Вы можете спросить меня о чём-нибудь
[23:47:44] 
New loading... Time of load: 23:47:44 

[23:47:44]    ___  ___    _____    ____   __  __   __  _____  
[23:47:44]   / /\  /\ \  / /_\ \  / /\ \ / / / /__/ / / /_\ \ 
[23:47:44]  / / / / / / / ___  / / /  \ | /  \_  __/ / ___  / 
[23:47:44] /_/ /_/ /_/ /_/  /_/ /_/    \_/    /_/   /_/  /_/  
[23:47:44]                                                   
[23:47:44] Version 0.11
[23:47:44] 
[23:47:44] Startup program, please wait...
[23:47:44] 
New loading... Time of load: 23:47:44 

[23:47:44]    ___  ___    _____    ____   __  __   __  _____  
[23:47:44]   / /\  /\ \  / /_\ \  / /\ \ / / / /__/ / / /_\ \ 
[23:47:44]  / / / / / / / ___  / / /  \ | /  \_  __/ / ___  / 
[23:47:44] /_/ /_/ /_/ /_/  /_/ /_/    \_/    /_/   /_/  /_/  
[23:47:44]                                                   
[23:47:44] Version 0.11
[23:47:44] 
[23:47:44] Startup program, please wait...
[23:47:44] Pronounce: Приветствую вас, Славик
[23:47:47] Pronounce: Чем я могу вам помочь?
[23:47:54] Recognized text: что ты умеешь
[23:47:54] Pronounce: Поздороваться - привет, здравствуй, добрый день
Погода - какая сейчас погода, погода
[23:49:37] 
New loading... Time of load: 23:49:37 

[23:49:37]    ___  ___    _____    ____   __  __   __  _____  
[23:49:37]   / /\  /\ \  / /_\ \  / /\ \ / / / /__/ / / /_\ \ 
[23:49:37]  / / / / / / / ___  / / /  \ | /  \_  __/ / ___  / 
[23:49:37] /_/ /_/ /_/ /_/  /_/ /_/    \_/    /_/   /_/  /_/  
[23:49:37]                                                   
[23:49:37] Version 0.11
[23:49:37] 
[23:49:37] Startup program, please wait...
[23:49:37] 
New loading... Time of load: 23:49:37 

[23:49:37]    ___  ___    _____    ____   __  __   __  _____  
[23:49:37]   / /\  /\ \  / /_\ \  / /\ \ / / / /__/ / / /_\ \ 
[23:49:37]  / / / / / / / ___  / / /  \ | /  \_  __/ / ___  / 
[23:49:37] /_/ /_/ /_/ /_/  /_/ /_/    \_/    /_/   /_/  /_/  
[23:49:37]                                                   
[23:49:37] Version 0.11
[23:49:37] 
[23:49:37] Startup program, please wait...
[23:49:37] Pronounce: Приветствую вас, Славик
[23:49:40] Pronounce: Чем я могу вам помочь?
[23:49:46] Error: Can't recognize command
[23:58:27] 
New loading... Time of load: 23:58:27 

[23:58:27]    ___  ___    _____    ____   __  __   __  _____  
[23:58:27]   / /\  /\ \  / /_\ \  / /\ \ / / / /__/ / / /_\ \ 
[23:58:27]  / / / / / / / ___  / / /  \ | /  \_  __/ / ___  / 
[23:58:27] /_/ /_/ /_/ /_/  /_/ /_/    \_/    /_/   /_/  /_/  
[23:58:27]                                                   
[23:58:27] Version 0.11
[23:58:27] 
[23:58:27] Startup program, please wait...
[23:58:27] 
New loading... Time of load: 23:58:27 

[23:58:27]    ___  ___    _____    ____   __  __   __  _____  
[23:58:27]   / /\  /\ \  / /_\ \  / /\ \ / / / /__/ / / /_\ \ 
[23:58:27]  / / / / / / / ___  / / /  \ | /  \_  __/ / ___  / 
[23:58:27] /_/ /_/ /_/ /_/  /_/ /_/    \_/    /_/   /_/  /_/  
[23:58:27]                                                   
[23:58:27] Version 0.11
[23:58:27] 
[23:58:27] Startup program, please wait...
[23:58:27] Pronounce: Приветствую вас, Славик
[23:58:49] 
New loading... Time of load: 23:58:49 

[23:58:49]    ___  ___    _____    ____   __  __   __  _____  
[23:58:49]   / /\  /\ \  / /_\ \  / /\ \ / / / /__/ / / /_\ \ 
[23:58:49]  / / / / / / / ___  / / /  \ | /  \_  __/ / ___  / 
[23:58:49] /_/ /_/ /_/ /_/  /_/ /_/    \_/    /_/   /_/  /_/  
[23:58:49]                                                   
[23:58:49] Version 0.11
[23:58:49] 
[23:58:49] Startup program, please wait...
[23:58:49] 
New loading... Time of load: 23:58:49 

[23:58:49]    ___  ___    _____    ____   __  __   __  _____  
[23:58:49]   / /\  /\ \  / /_\ \  / /\ \ / / / /__/ / / /_\ \ 
[23:58:49]  / / / / / / / ___  / / /  \ | /  \_  __/ / ___  / 
[23:58:49] /_/ /_/ /_/ /_/  /_/ /_/    \_/    /_/   /_/  /_/  
[23:58:49]                                                   
[23:58:49] Version 0.11
[23:58:49] 
[23:58:49] Startup program, please wait...
[23:58:49] Pronounce: Приветствую вас, Славик
[23:58:52] Pronounce: Ожидаю ваших команд
[23:58:58] Error: Can't recognize command
[23:59:4] Recognized text: время
[23:59:4] Pronounce: Сейчас 23:59:4
