[20:21:39] 
New loading... Time of load: 20:21:39 

[20:21:39]    ___  ___    _____    ____   __  __   __  _____  
[20:21:39]   / /\  /\ \  / /_\ \  / /\ \ / / / /__/ / / /_\ \ 
[20:21:39]  / / / / / / / ___  / / /  \ | /  \_  __/ / ___  / 
[20:21:39] /_/ /_/ /_/ /_/  /_/ /_/    \_/    /_/   /_/  /_/  
[20:21:39]                                                   
[20:21:39] Version 0.11
[20:21:39] 
[20:21:39] Startup program, please wait...
[20:21:42] Pronounce: Приветствую вас, Незнакомец
[20:21:45] Pronounce: Чем я могу вам помочь?
[20:21:52] Recognized text: когда было ледовое побоище
[20:21:53] Pronounce: Извините, я не смогла найти информацию по вашему запросу.
[20:22:5] Recognized text: когда была вторая отечественная война
[20:22:5] Pronounce: Извините, я не смогла найти информацию по вашему запросу.
[20:22:25] Recognized text: когда была великая отечественная война
[20:22:26] Pronounce: Извините, я не смогла найти информацию по вашему запросу.
[20:22:38] 
New loading... Time of load: 20:22:38 

[20:22:38]    ___  ___    _____    ____   __  __   __  _____  
[20:22:38]   / /\  /\ \  / /_\ \  / /\ \ / / / /__/ / / /_\ \ 
[20:22:38]  / / / / / / / ___  / / /  \ | /  \_  __/ / ___  / 
[20:22:38] /_/ /_/ /_/ /_/  /_/ /_/    \_/    /_/   /_/  /_/  
[20:22:38]                                                   
[20:22:38] Version 0.11
[20:22:38] 
[20:22:38] Startup program, please wait...
[20:22:40] Pronounce: Приветствую вас, Незнакомец
[20:22:43] Pronounce: Чем я могу вам помочь?
[20:22:55] Recognized text: когда было ледовое побоище
[20:22:56] Pronounce: Извините, я не смогла найти информацию по вашему запросу.
[20:27:19] 
New loading... Time of load: 20:27:19 

[20:27:19]    ___  ___    _____    ____   __  __   __  _____  
[20:27:19]   / /\  /\ \  / /_\ \  / /\ \ / / / /__/ / / /_\ \ 
[20:27:19]  / / / / / / / ___  / / /  \ | /  \_  __/ / ___  / 
[20:27:19] /_/ /_/ /_/ /_/  /_/ /_/    \_/    /_/   /_/  /_/  
[20:27:19]                                                   
[20:27:19] Version 0.11
[20:27:19] 
[20:27:19] Startup program, please wait...
[20:27:20] Pronounce: Приветствую вас, Незнакомец
[20:27:23] Pronounce: Чем я могу вам помочь?
[20:27:32] Recognized text: когда было ледовое побоище
[20:27:55] 
New loading... Time of load: 20:27:55 

[20:27:55]    ___  ___    _____    ____   __  __   __  _____  
[20:27:55]   / /\  /\ \  / /_\ \  / /\ \ / / / /__/ / / /_\ \ 
[20:27:55]  / / / / / / / ___  / / /  \ | /  \_  __/ / ___  / 
[20:27:55] /_/ /_/ /_/ /_/  /_/ /_/    \_/    /_/   /_/  /_/  
[20:27:55]                                                   
[20:27:55] Version 0.11
[20:27:55] 
[20:27:55] Startup program, please wait...
[20:27:57] Pronounce: Приветствую вас, Незнакомец
[20:28:0] Pronounce: Чем я могу вам помочь?
[20:28:15] Recognized text: когда было ледовое побоище
[20:28:16] Pronounce: Извините, я не смогла найти информацию по вашему запросу.
