[0:0:56] 
New loading... Time of load: 0:0:56 

[0:0:56]    ___  ___    _____    ____   __  __   __  _____  
[0:0:56]   / /\  /\ \  / /_\ \  / /\ \ / / / /__/ / / /_\ \ 
[0:0:56]  / / / / / / / ___  / / /  \ | /  \_  __/ / ___  / 
[0:0:56] /_/ /_/ /_/ /_/  /_/ /_/    \_/    /_/   /_/  /_/  
[0:0:56]                                                   
[0:0:56] Version 0.11
[0:0:56] 
[0:0:56] Startup program, please wait...
[0:0:56] 
New loading... Time of load: 0:0:56 

[0:0:56]    ___  ___    _____    ____   __  __   __  _____  
[0:0:56]   / /\  /\ \  / /_\ \  / /\ \ / / / /__/ / / /_\ \ 
[0:0:56]  / / / / / / / ___  / / /  \ | /  \_  __/ / ___  / 
[0:0:56] /_/ /_/ /_/ /_/  /_/ /_/    \_/    /_/   /_/  /_/  
[0:0:56]                                                   
[0:0:56] Version 0.11
[0:0:56] 
[0:0:56] Startup program, please wait...
[0:0:56] Pronounce: Приветствую вас, Славик
[0:6:9] 
New loading... Time of load: 0:6:9 

[0:6:9]    ___  ___    _____    ____   __  __   __  _____  
[0:6:9]   / /\  /\ \  / /_\ \  / /\ \ / / / /__/ / / /_\ \ 
[0:6:9]  / / / / / / / ___  / / /  \ | /  \_  __/ / ___  / 
[0:6:9] /_/ /_/ /_/ /_/  /_/ /_/    \_/    /_/   /_/  /_/  
[0:6:9]                                                   
[0:6:9] Version 0.11
[0:6:9] 
[0:6:9] Startup program, please wait...
[0:6:9] 
New loading... Time of load: 0:6:9 

[0:6:9]    ___  ___    _____    ____   __  __   __  _____  
[0:6:9]   / /\  /\ \  / /_\ \  / /\ \ / / / /__/ / / /_\ \ 
[0:6:9]  / / / / / / / ___  / / /  \ | /  \_  __/ / ___  / 
[0:6:9] /_/ /_/ /_/ /_/  /_/ /_/    \_/    /_/   /_/  /_/  
[0:6:9]                                                   
[0:6:9] Version 0.11
[0:6:9] 
[0:6:9] Startup program, please wait...
[0:6:9] Pronounce: Приветствую вас, Славик
[0:6:12] Pronounce: Вы можете спросить меня о чём-нибудь
[0:19:15] 
New loading... Time of load: 0:19:15 

[0:19:15]    ___  ___    _____    ____   __  __   __  _____  
[0:19:15]   / /\  /\ \  / /_\ \  / /\ \ / / / /__/ / / /_\ \ 
[0:19:15]  / / / / / / / ___  / / /  \ | /  \_  __/ / ___  / 
[0:19:15] /_/ /_/ /_/ /_/  /_/ /_/    \_/    /_/   /_/  /_/  
[0:19:15]                                                   
[0:19:15] Version 0.11
[0:19:15] 
[0:19:15] Startup program, please wait...
[0:19:15] 
New loading... Time of load: 0:19:15 

[0:19:15]    ___  ___    _____    ____   __  __   __  _____  
[0:19:15]   / /\  /\ \  / /_\ \  / /\ \ / / / /__/ / / /_\ \ 
[0:19:15]  / / / / / / / ___  / / /  \ | /  \_  __/ / ___  / 
[0:19:15] /_/ /_/ /_/ /_/  /_/ /_/    \_/    /_/   /_/  /_/  
[0:19:15]                                                   
[0:19:15] Version 0.11
[0:19:15] 
[0:19:15] Startup program, please wait...
[0:19:15] Pronounce: Приветствую вас, Славик
[0:19:17] Pronounce: Чем я могу вам помочь?
[0:19:22] Recognized text: что ты умеешь
[0:19:22] Pronounce: Поздороваться - привет, здравствуй, добрый день
Погода - какая сейчас погода, погода
[0:19:42] 
New loading... Time of load: 0:19:42 

[0:19:42]    ___  ___    _____    ____   __  __   __  _____  
[0:19:42]   / /\  /\ \  / /_\ \  / /\ \ / / / /__/ / / /_\ \ 
[0:19:42]  / / / / / / / ___  / / /  \ | /  \_  __/ / ___  / 
[0:19:42] /_/ /_/ /_/ /_/  /_/ /_/    \_/    /_/   /_/  /_/  
[0:19:42]                                                   
[0:19:42] Version 0.11
[0:19:42] 
[0:19:42] Startup program, please wait...
[0:19:42] 
New loading... Time of load: 0:19:42 

[0:19:42]    ___  ___    _____    ____   __  __   __  _____  
[0:19:42]   / /\  /\ \  / /_\ \  / /\ \ / / / /__/ / / /_\ \ 
[0:19:42]  / / / / / / / ___  / / /  \ | /  \_  __/ / ___  / 
[0:19:42] /_/ /_/ /_/ /_/  /_/ /_/    \_/    /_/   /_/  /_/  
[0:19:42]                                                   
[0:19:42] Version 0.11
[0:19:42] 
[0:19:42] Startup program, please wait...
[0:19:42] Pronounce: Приветствую вас, Славик
[0:19:45] Pronounce: Чем я могу вам помочь?
[0:19:50] Recognized text: что ты умеешь
[0:19:50] Pronounce: i - что ты умеешь, какие есть команды
n - команды, какие есть команды
f - что ты умеешь, команды
o - команды, какие есть команды
i - здарова, дарова
n - здравствуйте, здарова
f - здравствуйте, привет
o - привет, здравствуйте
i - сколько время, сколько сейчас время
n - сколько сейчас время, сколько времени
f - сейчас время, сейчас времени
o - сейчас время, сколько время
i - хочу послушать музыку, воспроизведи музыку
n - музыку, хочу послушать музыку
f - включи другую музыку, воспроизведи музыку
o - воспроизведи музыку, включи другую музыку
i - успокойся, выключи музыку
n - выключай музыку, выключи музыку
f - стоп музыка, выключай музыку
o - выключи музыку, выключай музыку
i - шутку, расскажи анекдот
n - скажи анекдот, рассмеши меня
f - расскажи анекдот, рассмеши меня
o - расскажи анекдот, хочу шутку
i - ты красивая, обожаю тебя
n - молодец, ты умная
f - ты великолепна, молодец
o - ты лучшая, молодец
i - поставь таймер, засеки
n - таймер, засеки
f - поставь таймер, таймер
o - засеки, поставь таймер
i - благодарствую, большое спасибо
n - спасибо, большое спасибо
f - большое спасибо, благодарствую
o - спасибо, большое спасибо
i - переведи, перевод
n - переведи, перевод
f - перевод, как будет
o - как будет, перевод
i - какая сейчас погода, погода
n - какая сейчас погода, какая погода
f - какая сейчас погода, погода
o - какая погода, погоду
i - моё имя, меня зовут
n - зови меня, называй меня
f - меня зовут, моё имя
o - называй меня, теперь меня зовут
i - кто такая, найди кто такой
n - кто такая, кто такой
f - кто такая, кто такие
o - а кто такой, найди что такое
i - посчитай сколько будет, посчитай
n - сколько будет, посчитай мне
f - сосчитай, сколько будет
o - посчитай мне, посчитай сколько будет
i - когда было, когда был
n - когда было, когда произошла
f - когда был, когда была
o - когда произошло, когда была

[0:20:58] 
New loading... Time of load: 0:20:58 

[0:20:58]    ___  ___    _____    ____   __  __   __  _____  
[0:20:58]   / /\  /\ \  / /_\ \  / /\ \ / / / /__/ / / /_\ \ 
[0:20:58]  / / / / / / / ___  / / /  \ | /  \_  __/ / ___  / 
[0:20:58] /_/ /_/ /_/ /_/  /_/ /_/    \_/    /_/   /_/  /_/  
[0:20:58]                                                   
[0:20:58] Version 0.11
[0:20:58] 
[0:20:58] Startup program, please wait...
[0:20:58] 
New loading... Time of load: 0:20:58 

[0:20:58]    ___  ___    _____    ____   __  __   __  _____  
[0:20:58]   / /\  /\ \  / /_\ \  / /\ \ / / / /__/ / / /_\ \ 
[0:20:58]  / / / / / / / ___  / / /  \ | /  \_  __/ / ___  / 
[0:20:58] /_/ /_/ /_/ /_/  /_/ /_/    \_/    /_/   /_/  /_/  
[0:20:58]                                                   
[0:20:58] Version 0.11
[0:20:58] 
[0:20:58] Startup program, please wait...
[0:20:58] Pronounce: Приветствую вас, Славик
[0:21:0] Pronounce: Вы можете спросить меня о чём-нибудь
[0:21:7] Recognized text: команда
[0:21:7] Pronounce: Команда не была распознана
[0:21:13] Recognized text: команды
[0:21:13] Pronounce: info - команды, какие есть команды
info - дарова, привет
info - сейчас время, текущее время
info - включи другую музыку, включи музыку
info - успокойся, выключи музыку
info - шутку, хочу анекдот
info - ты умная, обожаю тебя
info - поставь таймер, засеки
info - большое спасибо, благодарю
info - переведи, перевод
info - погода, какая сейчас погода
info - теперь меня зовут, зови меня
info - а кто такой, найди
info - посчитай мне, посчитай
info - когда произошла, когда произошло

[0:30:8] 
New loading... Time of load: 0:30:8 

[0:30:8]    ___  ___    _____    ____   __  __   __  _____  
[0:30:8]   / /\  /\ \  / /_\ \  / /\ \ / / / /__/ / / /_\ \ 
[0:30:8]  / / / / / / / ___  / / /  \ | /  \_  __/ / ___  / 
[0:30:8] /_/ /_/ /_/ /_/  /_/ /_/    \_/    /_/   /_/  /_/  
[0:30:8]                                                   
[0:30:8] Version 0.11
[0:30:8] 
[0:30:8] Startup program, please wait...
[0:30:8] 
New loading... Time of load: 0:30:8 

[0:30:8]    ___  ___    _____    ____   __  __   __  _____  
[0:30:8]   / /\  /\ \  / /_\ \  / /\ \ / / / /__/ / / /_\ \ 
[0:30:8]  / / / / / / / ___  / / /  \ | /  \_  __/ / ___  / 
[0:30:8] /_/ /_/ /_/ /_/  /_/ /_/    \_/    /_/   /_/  /_/  
[0:30:8]                                                   
[0:30:8] Version 0.11
[0:30:8] 
[0:30:8] Startup program, please wait...
[0:30:8] Pronounce: Приветствую вас, Славик
[0:30:10] Pronounce: Вы можете спросить меня о чём-нибудь
[0:30:17] Recognized text: что ты умеешь
[0:30:17] Pronounce: Вот список того, что я умею: 

[0:38:35] 
New loading... Time of load: 0:38:35 

[0:38:35]    ___  ___    _____    ____   __  __   __  _____  
[0:38:35]   / /\  /\ \  / /_\ \  / /\ \ / / / /__/ / / /_\ \ 
[0:38:35]  / / / / / / / ___  / / /  \ | /  \_  __/ / ___  / 
[0:38:35] /_/ /_/ /_/ /_/  /_/ /_/    \_/    /_/   /_/  /_/  
[0:38:35]                                                   
[0:38:36] Version 0.11
[0:38:36] 
[0:38:36] Startup program, please wait...
[0:38:36] 
New loading... Time of load: 0:38:36 

[0:38:36]    ___  ___    _____    ____   __  __   __  _____  
[0:38:36]   / /\  /\ \  / /_\ \  / /\ \ / / / /__/ / / /_\ \ 
[0:38:36]  / / / / / / / ___  / / /  \ | /  \_  __/ / ___  / 
[0:38:36] /_/ /_/ /_/ /_/  /_/ /_/    \_/    /_/   /_/  /_/  
[0:38:36]                                                   
[0:38:36] Version 0.11
[0:38:36] 
[0:38:36] Startup program, please wait...
[0:38:36] Pronounce: Приветствую вас, Славик
[0:38:38] Pronounce: Вы можете спросить меня о чём-нибудь
[0:38:45] Recognized text: что ты умеешь
[0:38:45] Pronounce: Вот, что я умею: 

[0:39:0] Recognized text: когда было ледовое побоище
[0:39:55] 
New loading... Time of load: 0:39:55 

[0:39:55]    ___  ___    _____    ____   __  __   __  _____  
[0:39:55]   / /\  /\ \  / /_\ \  / /\ \ / / / /__/ / / /_\ \ 
[0:39:55]  / / / / / / / ___  / / /  \ | /  \_  __/ / ___  / 
[0:39:55] /_/ /_/ /_/ /_/  /_/ /_/    \_/    /_/   /_/  /_/  
[0:39:55]                                                   
[0:39:55] Version 0.11
[0:39:55] 
[0:39:55] Startup program, please wait...
[0:39:55] 
New loading... Time of load: 0:39:55 

[0:39:55]    ___  ___    _____    ____   __  __   __  _____  
[0:39:55]   / /\  /\ \  / /_\ \  / /\ \ / / / /__/ / / /_\ \ 
[0:39:55]  / / / / / / / ___  / / /  \ | /  \_  __/ / ___  / 
[0:39:55] /_/ /_/ /_/ /_/  /_/ /_/    \_/    /_/   /_/  /_/  
[0:39:55]                                                   
[0:39:55] Version 0.11
[0:39:55] 
[0:39:55] Startup program, please wait...
[0:39:55] Pronounce: Приветствую вас, Славик
[0:39:57] Pronounce: Вы можете спросить меня о чём-нибудь
[0:40:10] Recognized text: что ты умеешь
[0:40:10] Pronounce: Вот, что я умею: 

[0:40:19] Recognized text: какая сейчас погода
[0:40:19] Pronounce: 13 градусов по цельсию, Облачно
[0:40:30] Recognized text: когда было ледовое побоище
[0:40:32] Pronounce: 5 апреля 1242 года
[0:40:53] Recognized text: спасибо
[0:40:53] Pronounce: Не за что
[0:41:25] Error: Can't recognize command
[0:41:31] Recognized text: кто такой
[0:45:25] 
New loading... Time of load: 0:45:25 

[0:45:25]    ___  ___    _____    ____   __  __   __  _____  
[0:45:25]   / /\  /\ \  / /_\ \  / /\ \ / / / /__/ / / /_\ \ 
[0:45:25]  / / / / / / / ___  / / /  \ | /  \_  __/ / ___  / 
[0:45:25] /_/ /_/ /_/ /_/  /_/ /_/    \_/    /_/   /_/  /_/  
[0:45:25]                                                   
[0:45:25] Version 0.11
[0:45:25] 
[0:45:25] Startup program, please wait...
[0:45:25] 
New loading... Time of load: 0:45:25 

[0:45:25]    ___  ___    _____    ____   __  __   __  _____  
[0:45:25]   / /\  /\ \  / /_\ \  / /\ \ / / / /__/ / / /_\ \ 
[0:45:25]  / / / / / / / ___  / / /  \ | /  \_  __/ / ___  / 
[0:45:25] /_/ /_/ /_/ /_/  /_/ /_/    \_/    /_/   /_/  /_/  
[0:45:25]                                                   
[0:45:25] Version 0.11
[0:45:25] 
[0:45:25] Startup program, please wait...
[0:45:25] Pronounce: Приветствую вас, Славик
[0:45:27] Pronounce: Чем я могу вам помочь?
[0:45:36] Recognized text: кто такой
[0:45:36] Pronounce: Пожалуйста, повторите ваш запрос
[0:45:47] Recognized text: кто такой песков
[0:46:45] 
New loading... Time of load: 0:46:45 

[0:46:45]    ___  ___    _____    ____   __  __   __  _____  
[0:46:45]   / /\  /\ \  / /_\ \  / /\ \ / / / /__/ / / /_\ \ 
[0:46:46]  / / / / / / / ___  / / /  \ | /  \_  __/ / ___  / 
[0:46:46] /_/ /_/ /_/ /_/  /_/ /_/    \_/    /_/   /_/  /_/  
[0:46:46]                                                   
[0:46:46] Version 0.11
[0:46:46] 
[0:46:46] Startup program, please wait...
[0:46:46] 
New loading... Time of load: 0:46:46 

[0:46:46]    ___  ___    _____    ____   __  __   __  _____  
[0:46:46]   / /\  /\ \  / /_\ \  / /\ \ / / / /__/ / / /_\ \ 
[0:46:46]  / / / / / / / ___  / / /  \ | /  \_  __/ / ___  / 
[0:46:46] /_/ /_/ /_/ /_/  /_/ /_/    \_/    /_/   /_/  /_/  
[0:46:46]                                                   
[0:46:46] Version 0.11
[0:46:46] 
[0:46:46] Startup program, please wait...
[0:46:46] Pronounce: Приветствую вас, Славик
[0:46:48] Pronounce: Чем я могу вам помочь?
[0:46:54] Recognized text: кто такой песков
[0:46:58] Pronounce: Дмитрий Сергеевич Песков  — российский государственный деятель.
[0:47:30] Error: Can't recognize command
[0:47:42] 
New loading... Time of load: 0:47:42 

[0:47:42]    ___  ___    _____    ____   __  __   __  _____  
[0:47:42]   / /\  /\ \  / /_\ \  / /\ \ / / / /__/ / / /_\ \ 
[0:47:42]  / / / / / / / ___  / / /  \ | /  \_  __/ / ___  / 
[0:47:42] /_/ /_/ /_/ /_/  /_/ /_/    \_/    /_/   /_/  /_/  
[0:47:42]                                                   
[0:47:42] Version 0.11
[0:47:42] 
[0:47:42] Startup program, please wait...
[0:47:42] 
New loading... Time of load: 0:47:42 

[0:47:42]    ___  ___    _____    ____   __  __   __  _____  
[0:47:42]   / /\  /\ \  / /_\ \  / /\ \ / / / /__/ / / /_\ \ 
[0:47:42]  / / / / / / / ___  / / /  \ | /  \_  __/ / ___  / 
[0:47:42] /_/ /_/ /_/ /_/  /_/ /_/    \_/    /_/   /_/  /_/  
[0:47:42]                                                   
[0:47:42] Version 0.11
[0:47:42] 
[0:47:42] Startup program, please wait...
[0:47:42] Pronounce: Приветствую вас, Славик
[0:47:45] Pronounce: Ожидаю ваших команд
[0:47:50] Recognized text: кто такой бес
[0:47:53] Pronounce: Бес  — зловредный дух, демон в мифологии и народном христианстве славян. В народной демонологии славян представления о бесе развивались под влиянием книжной  традиции, сближаясь и смешиваясь с поверьями о чёрте, дьяволе.
[0:48:23] Recognized text: кто такой песков
[0:48:25] Pronounce: Дмитрий Сергеевич Песков  — российский государственный деятель. Заместитель руководителя Администрации президента Российской Федерации — пресс-секретарь президента Российской Федерации Владимира Путина с 22 мая 2012 года.
[0:48:50] Recognized text: спасибо
[0:48:50] Pronounce: На здоровье
[0:49:29] 
New loading... Time of load: 0:49:29 

[0:49:29]    ___  ___    _____    ____   __  __   __  _____  
[0:49:29]   / /\  /\ \  / /_\ \  / /\ \ / / / /__/ / / /_\ \ 
[0:49:29]  / / / / / / / ___  / / /  \ | /  \_  __/ / ___  / 
[0:49:29] /_/ /_/ /_/ /_/  /_/ /_/    \_/    /_/   /_/  /_/  
[0:49:29]                                                   
[0:49:29] Version 0.11
[0:49:29] 
[0:49:29] Startup program, please wait...
[0:49:29] 
New loading... Time of load: 0:49:29 

[0:49:29]    ___  ___    _____    ____   __  __   __  _____  
[0:49:29]   / /\  /\ \  / /_\ \  / /\ \ / / / /__/ / / /_\ \ 
[0:49:29]  / / / / / / / ___  / / /  \ | /  \_  __/ / ___  / 
[0:49:29] /_/ /_/ /_/ /_/  /_/ /_/    \_/    /_/   /_/  /_/  
[0:49:29]                                                   
[0:49:29] Version 0.11
[0:49:29] 
[0:49:29] Startup program, please wait...
[0:49:29] Pronounce: Приветствую вас, Славик
[0:49:31] Pronounce: Чем я могу вам помочь?
[0:50:21] 
New loading... Time of load: 0:50:21 

[0:50:21]    ___  ___    _____    ____   __  __   __  _____  
[0:50:21]   / /\  /\ \  / /_\ \  / /\ \ / / / /__/ / / /_\ \ 
[0:50:21]  / / / / / / / ___  / / /  \ | /  \_  __/ / ___  / 
[0:50:21] /_/ /_/ /_/ /_/  /_/ /_/    \_/    /_/   /_/  /_/  
[0:50:21]                                                   
[0:50:21] Version 0.11
[0:50:21] 
[0:50:21] Startup program, please wait...
[0:50:21] 
New loading... Time of load: 0:50:21 

[0:50:21]    ___  ___    _____    ____   __  __   __  _____  
[0:50:21]   / /\  /\ \  / /_\ \  / /\ \ / / / /__/ / / /_\ \ 
[0:50:21]  / / / / / / / ___  / / /  \ | /  \_  __/ / ___  / 
[0:50:21] /_/ /_/ /_/ /_/  /_/ /_/    \_/    /_/   /_/  /_/  
[0:50:21]                                                   
[0:50:21] Version 0.11
[0:50:21] 
[0:50:21] Startup program, please wait...
[0:50:21] Pronounce: Приветствую вас, Славик
[0:51:24] 
New loading... Time of load: 0:51:24 

[0:51:24]    ___  ___    _____    ____   __  __   __  _____  
[0:51:24]   / /\  /\ \  / /_\ \  / /\ \ / / / /__/ / / /_\ \ 
[0:51:24]  / / / / / / / ___  / / /  \ | /  \_  __/ / ___  / 
[0:51:24] /_/ /_/ /_/ /_/  /_/ /_/    \_/    /_/   /_/  /_/  
[0:51:24]                                                   
[0:51:24] Version 0.11
[0:51:24] 
[0:51:24] Startup program, please wait...
[0:51:24] 
New loading... Time of load: 0:51:24 

[0:51:24]    ___  ___    _____    ____   __  __   __  _____  
[0:51:24]   / /\  /\ \  / /_\ \  / /\ \ / / / /__/ / / /_\ \ 
[0:51:24]  / / / / / / / ___  / / /  \ | /  \_  __/ / ___  / 
[0:51:24] /_/ /_/ /_/ /_/  /_/ /_/    \_/    /_/   /_/  /_/  
[0:51:24]                                                   
[0:51:24] Version 0.11
[0:51:24] 
[0:51:24] Startup program, please wait...
[0:51:24] Pronounce: Приветствую вас, Славик
[0:51:27] Pronounce: Вы можете спросить меня о чём-нибудь
[0:51:44] 
New loading... Time of load: 0:51:44 

[0:51:57] 
New loading... Time of load: 0:51:57 

[0:51:57]    ___  ___    _____    ____   __  __   __  _____  
[0:51:57]   / /\  /\ \  / /_\ \  / /\ \ / / / /__/ / / /_\ \ 
[0:51:57]  / / / / / / / ___  / / /  \ | /  \_  __/ / ___  / 
[0:51:57] /_/ /_/ /_/ /_/  /_/ /_/    \_/    /_/   /_/  /_/  
[0:51:57]                                                   
[0:51:57] Version 0.11
[0:51:57] 
[0:51:57] Startup program, please wait...
[0:51:57] 
New loading... Time of load: 0:51:57 

[0:51:57]    ___  ___    _____    ____   __  __   __  _____  
[0:51:57]   / /\  /\ \  / /_\ \  / /\ \ / / / /__/ / / /_\ \ 
[0:51:57]  / / / / / / / ___  / / /  \ | /  \_  __/ / ___  / 
[0:51:57] /_/ /_/ /_/ /_/  /_/ /_/    \_/    /_/   /_/  /_/  
[0:51:57]                                                   
[0:51:57] Version 0.11
[0:51:57] 
[0:51:57] Startup program, please wait...
[0:51:57] Pronounce: Приветствую вас, Славик
[0:52:14] 
New loading... Time of load: 0:52:14 

[0:52:14]    ___  ___    _____    ____   __  __   __  _____  
[0:52:14]   / /\  /\ \  / /_\ \  / /\ \ / / / /__/ / / /_\ \ 
[0:52:14]  / / / / / / / ___  / / /  \ | /  \_  __/ / ___  / 
[0:52:14] /_/ /_/ /_/ /_/  /_/ /_/    \_/    /_/   /_/  /_/  
[0:52:14]                                                   
[0:52:14] Version 0.11
[0:52:14] 
[0:52:14] Startup program, please wait...
[0:52:14] 
New loading... Time of load: 0:52:14 

[0:52:14]    ___  ___    _____    ____   __  __   __  _____  
[0:52:14]   / /\  /\ \  / /_\ \  / /\ \ / / / /__/ / / /_\ \ 
[0:52:14]  / / / / / / / ___  / / /  \ | /  \_  __/ / ___  / 
[0:52:14] /_/ /_/ /_/ /_/  /_/ /_/    \_/    /_/   /_/  /_/  
[0:52:14]                                                   
[0:52:14] Version 0.11
[0:52:14] 
[0:52:14] Startup program, please wait...
[0:52:14] Pronounce: Приветствую вас, Славик
[0:52:17] Pronounce: Вы можете спросить меня о чём-нибудь
[0:57:38] 
New loading... Time of load: 0:57:38 

[0:57:38]    ___  ___    _____    ____   __  __   __  _____  
[0:57:38]   / /\  /\ \  / /_\ \  / /\ \ / / / /__/ / / /_\ \ 
[0:57:38]  / / / / / / / ___  / / /  \ | /  \_  __/ / ___  / 
[0:57:38] /_/ /_/ /_/ /_/  /_/ /_/    \_/    /_/   /_/  /_/  
[0:57:38]                                                   
[0:57:38] Version 0.11
[0:57:38] 
[0:57:38] Startup program, please wait...
[0:57:38] 
New loading... Time of load: 0:57:38 

[0:57:38]    ___  ___    _____    ____   __  __   __  _____  
[0:57:38]   / /\  /\ \  / /_\ \  / /\ \ / / / /__/ / / /_\ \ 
[0:57:38]  / / / / / / / ___  / / /  \ | /  \_  __/ / ___  / 
[0:57:38] /_/ /_/ /_/ /_/  /_/ /_/    \_/    /_/   /_/  /_/  
[0:57:38]                                                   
[0:57:38] Version 0.11
[0:57:38] 
[0:57:38] Startup program, please wait...
[0:57:38] Pronounce: Приветствую вас, Славик
[0:57:41] Pronounce: Чем я могу вам помочь?
[0:59:53] 
New loading... Time of load: 0:59:53 

[0:59:53]    ___  ___    _____    ____   __  __   __  _____  
[0:59:53]   / /\  /\ \  / /_\ \  / /\ \ / / / /__/ / / /_\ \ 
[0:59:53]  / / / / / / / ___  / / /  \ | /  \_  __/ / ___  / 
[0:59:53] /_/ /_/ /_/ /_/  /_/ /_/    \_/    /_/   /_/  /_/  
[0:59:53]                                                   
[0:59:53] Version 0.11
[0:59:53] 
[0:59:53] Startup program, please wait...
[0:59:53] 
New loading... Time of load: 0:59:53 

[0:59:53]    ___  ___    _____    ____   __  __   __  _____  
[0:59:53]   / /\  /\ \  / /_\ \  / /\ \ / / / /__/ / / /_\ \ 
[0:59:53]  / / / / / / / ___  / / /  \ | /  \_  __/ / ___  / 
[0:59:53] /_/ /_/ /_/ /_/  /_/ /_/    \_/    /_/   /_/  /_/  
[0:59:53]                                                   
[0:59:53] Version 0.11
[0:59:53] 
[0:59:53] Startup program, please wait...
[0:59:53] Pronounce: Приветствую вас, Славик
[1:0:17] 
New loading... Time of load: 1:0:17 

[1:0:17]    ___  ___    _____    ____   __  __   __  _____  
[1:0:17]   / /\  /\ \  / /_\ \  / /\ \ / / / /__/ / / /_\ \ 
[1:0:17]  / / / / / / / ___  / / /  \ | /  \_  __/ / ___  / 
[1:0:17] /_/ /_/ /_/ /_/  /_/ /_/    \_/    /_/   /_/  /_/  
[1:0:17]                                                   
[1:0:17] Version 0.11
[1:0:17] 
[1:0:17] Startup program, please wait...
[1:0:17] 
New loading... Time of load: 1:0:17 

[1:0:17]    ___  ___    _____    ____   __  __   __  _____  
[1:0:17]   / /\  /\ \  / /_\ \  / /\ \ / / / /__/ / / /_\ \ 
[1:0:17]  / / / / / / / ___  / / /  \ | /  \_  __/ / ___  / 
[1:0:17] /_/ /_/ /_/ /_/  /_/ /_/    \_/    /_/   /_/  /_/  
[1:0:17]                                                   
[1:0:17] Version 0.11
[1:0:17] 
[1:0:17] Startup program, please wait...
[1:0:17] Pronounce: Приветствую вас, Славик
[1:0:34] 
New loading... Time of load: 1:0:34 

[1:0:34]    ___  ___    _____    ____   __  __   __  _____  
[1:0:34]   / /\  /\ \  / /_\ \  / /\ \ / / / /__/ / / /_\ \ 
[1:0:34]  / / / / / / / ___  / / /  \ | /  \_  __/ / ___  / 
[1:0:34] /_/ /_/ /_/ /_/  /_/ /_/    \_/    /_/   /_/  /_/  
[1:0:34]                                                   
[1:0:34] Version 0.11
[1:0:34] 
[1:0:34] Startup program, please wait...
[1:0:34] 
New loading... Time of load: 1:0:34 

[1:0:34]    ___  ___    _____    ____   __  __   __  _____  
[1:0:34]   / /\  /\ \  / /_\ \  / /\ \ / / / /__/ / / /_\ \ 
[1:0:34]  / / / / / / / ___  / / /  \ | /  \_  __/ / ___  / 
[1:0:34] /_/ /_/ /_/ /_/  /_/ /_/    \_/    /_/   /_/  /_/  
[1:0:34]                                                   
[1:0:34] Version 0.11
[1:0:34] 
[1:0:34] Startup program, please wait...
[1:0:34] Pronounce: Приветствую вас, Славик
[1:0:37] Pronounce: Чем я могу вам помочь?
[1:0:45] Error: Can't recognize command
[15:33:34] 
New loading... Time of load: 15:33:34 

[15:33:34]    ___  ___    _____    ____   __  __   __  _____  
[15:33:34]   / /\  /\ \  / /_\ \  / /\ \ / / / /__/ / / /_\ \ 
[15:33:34]  / / / / / / / ___  / / /  \ | /  \_  __/ / ___  / 
[15:33:34] /_/ /_/ /_/ /_/  /_/ /_/    \_/    /_/   /_/  /_/  
[15:33:34]                                                   
[15:33:34] Version 0.11
[15:33:34] 
[15:33:34] Startup program, please wait...
[15:33:34] 
New loading... Time of load: 15:33:34 

[15:33:34]    ___  ___    _____    ____   __  __   __  _____  
[15:33:34]   / /\  /\ \  / /_\ \  / /\ \ / / / /__/ / / /_\ \ 
[15:33:34]  / / / / / / / ___  / / /  \ | /  \_  __/ / ___  / 
[15:33:34] /_/ /_/ /_/ /_/  /_/ /_/    \_/    /_/   /_/  /_/  
[15:33:34]                                                   
[15:33:34] Version 0.11
[15:33:34] 
[15:33:34] Startup program, please wait...
[15:33:34] Pronounce: Приветствую вас, Славик
[15:33:37] Pronounce: Ожидаю ваших команд
[15:53:33] 
New loading... Time of load: 15:53:33 

[15:53:33]    ___  ___    _____    ____   __  __   __  _____  
[15:53:33]   / /\  /\ \  / /_\ \  / /\ \ / / / /__/ / / /_\ \ 
[15:53:33]  / / / / / / / ___  / / /  \ | /  \_  __/ / ___  / 
[15:53:33] /_/ /_/ /_/ /_/  /_/ /_/    \_/    /_/   /_/  /_/  
[15:53:33]                                                   
[15:53:33] Version 0.11
[15:53:33] 
[15:53:33] Startup program, please wait...
[15:53:33] 
New loading... Time of load: 15:53:33 

[15:53:33]    ___  ___    _____    ____   __  __   __  _____  
[15:53:33]   / /\  /\ \  / /_\ \  / /\ \ / / / /__/ / / /_\ \ 
[15:53:33]  / / / / / / / ___  / / /  \ | /  \_  __/ / ___  / 
[15:53:33] /_/ /_/ /_/ /_/  /_/ /_/    \_/    /_/   /_/  /_/  
[15:53:33]                                                   
[15:53:33] Version 0.11
[15:53:33] 
[15:53:33] Startup program, please wait...
[15:53:33] Pronounce: Приветствую вас, Славик
[15:53:36] Pronounce: Чем я могу вам помочь?
[15:54:16] 
New loading... Time of load: 15:54:16 

[15:54:16]    ___  ___    _____    ____   __  __   __  _____  
[15:54:16]   / /\  /\ \  / /_\ \  / /\ \ / / / /__/ / / /_\ \ 
[15:54:16]  / / / / / / / ___  / / /  \ | /  \_  __/ / ___  / 
[15:54:16] /_/ /_/ /_/ /_/  /_/ /_/    \_/    /_/   /_/  /_/  
[15:54:16]                                                   
[15:54:16] Version 0.11
[15:54:16] 
[15:54:16] Startup program, please wait...
[15:54:16] 
New loading... Time of load: 15:54:16 

[15:54:16]    ___  ___    _____    ____   __  __   __  _____  
[15:54:16]   / /\  /\ \  / /_\ \  / /\ \ / / / /__/ / / /_\ \ 
[15:54:16]  / / / / / / / ___  / / /  \ | /  \_  __/ / ___  / 
[15:54:16] /_/ /_/ /_/ /_/  /_/ /_/    \_/    /_/   /_/  /_/  
[15:54:16]                                                   
[15:54:16] Version 0.11
[15:54:16] 
[15:54:16] Startup program, please wait...
[15:54:16] Pronounce: Приветствую вас, Славик
[15:54:19] Pronounce: Ожидаю ваших команд
[15:54:44] 
New loading... Time of load: 15:54:44 

[15:54:44]    ___  ___    _____    ____   __  __   __  _____  
[15:54:44]   / /\  /\ \  / /_\ \  / /\ \ / / / /__/ / / /_\ \ 
[15:54:44]  / / / / / / / ___  / / /  \ | /  \_  __/ / ___  / 
[15:54:44] /_/ /_/ /_/ /_/  /_/ /_/    \_/    /_/   /_/  /_/  
[15:54:44]                                                   
[15:54:44] Version 0.11
[15:54:44] 
[15:54:44] Startup program, please wait...
[15:54:44] 
New loading... Time of load: 15:54:44 

[15:54:44]    ___  ___    _____    ____   __  __   __  _____  
[15:54:44]   / /\  /\ \  / /_\ \  / /\ \ / / / /__/ / / /_\ \ 
[15:54:44]  / / / / / / / ___  / / /  \ | /  \_  __/ / ___  / 
[15:54:44] /_/ /_/ /_/ /_/  /_/ /_/    \_/    /_/   /_/  /_/  
[15:54:44]                                                   
[15:54:44] Version 0.11
[15:54:44] 
[15:54:44] Startup program, please wait...
[15:54:44] Pronounce: Приветствую вас, Славик
[15:54:46] Pronounce: Чем я могу вам помочь?
[15:54:55] Error: Can't recognize command
[15:55:0] Error: Can't recognize command
[15:55:11] 
New loading... Time of load: 15:55:11 

[15:55:11]    ___  ___    _____    ____   __  __   __  _____  
[15:55:11]   / /\  /\ \  / /_\ \  / /\ \ / / / /__/ / / /_\ \ 
[15:55:11]  / / / / / / / ___  / / /  \ | /  \_  __/ / ___  / 
[15:55:11] /_/ /_/ /_/ /_/  /_/ /_/    \_/    /_/   /_/  /_/  
[15:55:11]                                                   
[15:55:11] Version 0.11
[15:55:11] 
[15:55:11] Startup program, please wait...
[15:55:11] 
New loading... Time of load: 15:55:11 

[15:55:11]    ___  ___    _____    ____   __  __   __  _____  
[15:55:11]   / /\  /\ \  / /_\ \  / /\ \ / / / /__/ / / /_\ \ 
[15:55:11]  / / / / / / / ___  / / /  \ | /  \_  __/ / ___  / 
[15:55:11] /_/ /_/ /_/ /_/  /_/ /_/    \_/    /_/   /_/  /_/  
[15:55:11]                                                   
[15:55:11] Version 0.11
[15:55:11] 
[15:55:11] Startup program, please wait...
[15:55:11] Pronounce: Приветствую вас, Славик
[15:55:14] Pronounce: Чем я могу вам помочь?
[15:55:34] 
New loading... Time of load: 15:55:34 

[15:55:34]    ___  ___    _____    ____   __  __   __  _____  
[15:55:34]   / /\  /\ \  / /_\ \  / /\ \ / / / /__/ / / /_\ \ 
[15:55:34]  / / / / / / / ___  / / /  \ | /  \_  __/ / ___  / 
[15:55:34] /_/ /_/ /_/ /_/  /_/ /_/    \_/    /_/   /_/  /_/  
[15:55:34]                                                   
[15:55:34] Version 0.11
[15:55:34] 
[15:55:34] Startup program, please wait...
[15:55:34] 
New loading... Time of load: 15:55:34 

[15:55:34]    ___  ___    _____    ____   __  __   __  _____  
[15:55:34]   / /\  /\ \  / /_\ \  / /\ \ / / / /__/ / / /_\ \ 
[15:55:34]  / / / / / / / ___  / / /  \ | /  \_  __/ / ___  / 
[15:55:34] /_/ /_/ /_/ /_/  /_/ /_/    \_/    /_/   /_/  /_/  
[15:55:34]                                                   
[15:55:34] Version 0.11
[15:55:34] 
[15:55:34] Startup program, please wait...
[15:55:34] Pronounce: Приветствую вас, Славик
[15:55:59] 
New loading... Time of load: 15:55:59 

[15:55:59]    ___  ___    _____    ____   __  __   __  _____  
[15:55:59]   / /\  /\ \  / /_\ \  / /\ \ / / / /__/ / / /_\ \ 
[15:55:59]  / / / / / / / ___  / / /  \ | /  \_  __/ / ___  / 
[15:55:59] /_/ /_/ /_/ /_/  /_/ /_/    \_/    /_/   /_/  /_/  
[15:55:59]                                                   
[15:55:59] Version 0.11
[15:55:59] 
[15:55:59] Startup program, please wait...
[15:56:0] 
New loading... Time of load: 15:55:59 

[15:56:0]    ___  ___    _____    ____   __  __   __  _____  
[15:56:0]   / /\  /\ \  / /_\ \  / /\ \ / / / /__/ / / /_\ \ 
[15:56:0]  / / / / / / / ___  / / /  \ | /  \_  __/ / ___  / 
[15:56:0] /_/ /_/ /_/ /_/  /_/ /_/    \_/    /_/   /_/  /_/  
[15:56:0]                                                   
[15:56:0] Version 0.11
[15:56:0] 
[15:56:0] Startup program, please wait...
[15:56:0] Pronounce: Приветствую вас, Славик
[15:56:2] Pronounce: Ожидаю ваших команд
[15:56:24] 
New loading... Time of load: 15:56:24 

[15:56:24]    ___  ___    _____    ____   __  __   __  _____  
[15:56:24]   / /\  /\ \  / /_\ \  / /\ \ / / / /__/ / / /_\ \ 
[15:56:24]  / / / / / / / ___  / / /  \ | /  \_  __/ / ___  / 
[15:56:24] /_/ /_/ /_/ /_/  /_/ /_/    \_/    /_/   /_/  /_/  
[15:56:24]                                                   
[15:56:24] Version 0.11
[15:56:24] 
[15:56:24] Startup program, please wait...
[15:56:24] 
New loading... Time of load: 15:56:24 

[15:56:24]    ___  ___    _____    ____   __  __   __  _____  
[15:56:24]   / /\  /\ \  / /_\ \  / /\ \ / / / /__/ / / /_\ \ 
[15:56:24]  / / / / / / / ___  / / /  \ | /  \_  __/ / ___  / 
[15:56:24] /_/ /_/ /_/ /_/  /_/ /_/    \_/    /_/   /_/  /_/  
[15:56:24]                                                   
[15:56:24] Version 0.11
[15:56:24] 
[15:56:24] Startup program, please wait...
[15:56:24] Pronounce: Приветствую вас, Славик
[15:56:26] Pronounce: Ожидаю ваших команд
[15:57:7] 
New loading... Time of load: 15:57:7 

[15:57:7]    ___  ___    _____    ____   __  __   __  _____  
[15:57:7]   / /\  /\ \  / /_\ \  / /\ \ / / / /__/ / / /_\ \ 
[15:57:7]  / / / / / / / ___  / / /  \ | /  \_  __/ / ___  / 
[15:57:7] /_/ /_/ /_/ /_/  /_/ /_/    \_/    /_/   /_/  /_/  
[15:57:7]                                                   
[15:57:7] Version 0.11
[15:57:7] 
[15:57:7] Startup program, please wait...
[15:57:7] 
New loading... Time of load: 15:57:7 

[15:57:7]    ___  ___    _____    ____   __  __   __  _____  
[15:57:7]   / /\  /\ \  / /_\ \  / /\ \ / / / /__/ / / /_\ \ 
[15:57:7]  / / / / / / / ___  / / /  \ | /  \_  __/ / ___  / 
[15:57:7] /_/ /_/ /_/ /_/  /_/ /_/    \_/    /_/   /_/  /_/  
[15:57:7]                                                   
[15:57:7] Version 0.11
[15:57:7] 
[15:57:7] Startup program, please wait...
[15:57:7] Pronounce: Приветствую вас, Славик
[15:57:10] Pronounce: Чем я могу вам помочь?
[15:57:21] Error: Can't recognize command
[15:57:25] Error: Can't recognize command
[15:57:28] Error: Can't recognize command
[15:57:37] Error: Can't recognize command
[15:57:46] Recognized text: лабиринт
[15:57:46] Pronounce: Команда не была распознана
[15:58:6] 
New loading... Time of load: 15:58:6 

[15:58:6]    ___  ___    _____    ____   __  __   __  _____  
[15:58:6]   / /\  /\ \  / /_\ \  / /\ \ / / / /__/ / / /_\ \ 
[15:58:6]  / / / / / / / ___  / / /  \ | /  \_  __/ / ___  / 
[15:58:6] /_/ /_/ /_/ /_/  /_/ /_/    \_/    /_/   /_/  /_/  
[15:58:6]                                                   
[15:58:6] Version 0.11
[15:58:6] 
[15:58:6] Startup program, please wait...
[15:58:6] 
New loading... Time of load: 15:58:6 

[15:58:6]    ___  ___    _____    ____   __  __   __  _____  
[15:58:6]   / /\  /\ \  / /_\ \  / /\ \ / / / /__/ / / /_\ \ 
[15:58:6]  / / / / / / / ___  / / /  \ | /  \_  __/ / ___  / 
[15:58:6] /_/ /_/ /_/ /_/  /_/ /_/    \_/    /_/   /_/  /_/  
[15:58:6]                                                   
[15:58:6] Version 0.11
[15:58:6] 
[15:58:6] Startup program, please wait...
[15:58:6] Pronounce: Приветствую вас, Славик
[15:58:8] Pronounce: Вы можете спросить меня о чём-нибудь
[16:29:16] 
New loading... Time of load: 16:29:16 

[16:29:16]    ___  ___    _____    ____   __  __   __  _____  
[16:29:16]   / /\  /\ \  / /_\ \  / /\ \ / / / /__/ / / /_\ \ 
[16:29:16]  / / / / / / / ___  / / /  \ | /  \_  __/ / ___  / 
[16:29:16] /_/ /_/ /_/ /_/  /_/ /_/    \_/    /_/   /_/  /_/  
[16:29:16]                                                   
[16:29:16] Version 0.11
[16:29:16] 
[16:29:16] Startup program, please wait...
[16:29:16] 
New loading... Time of load: 16:29:16 

[16:29:16]    ___  ___    _____    ____   __  __   __  _____  
[16:29:16]   / /\  /\ \  / /_\ \  / /\ \ / / / /__/ / / /_\ \ 
[16:29:16]  / / / / / / / ___  / / /  \ | /  \_  __/ / ___  / 
[16:29:16] /_/ /_/ /_/ /_/  /_/ /_/    \_/    /_/   /_/  /_/  
[16:29:16]                                                   
[16:29:16] Version 0.11
[16:29:16] 
[16:29:16] Startup program, please wait...
[16:29:16] Pronounce: Приветствую вас, Славик
[16:29:18] Pronounce: Чем я могу вам помочь?
[16:29:24] Recognized text: включи музыку despacito
[16:32:41] 
New loading... Time of load: 16:32:41 

[16:32:41]    ___  ___    _____    ____   __  __   __  _____  
[16:32:41]   / /\  /\ \  / /_\ \  / /\ \ / / / /__/ / / /_\ \ 
[16:32:41]  / / / / / / / ___  / / /  \ | /  \_  __/ / ___  / 
[16:32:41] /_/ /_/ /_/ /_/  /_/ /_/    \_/    /_/   /_/  /_/  
[16:32:42]                                                   
[16:32:42] Version 0.11
[16:32:42] 
[16:32:42] Startup program, please wait...
[16:32:42] 
New loading... Time of load: 16:32:42 

[16:32:42]    ___  ___    _____    ____   __  __   __  _____  
[16:32:42]   / /\  /\ \  / /_\ \  / /\ \ / / / /__/ / / /_\ \ 
[16:32:42]  / / / / / / / ___  / / /  \ | /  \_  __/ / ___  / 
[16:32:42] /_/ /_/ /_/ /_/  /_/ /_/    \_/    /_/   /_/  /_/  
[16:32:42]                                                   
[16:32:42] Version 0.11
[16:32:42] 
[16:32:42] Startup program, please wait...
[16:32:42] Pronounce: Приветствую вас, Славик
[16:32:44] Pronounce: Чем я могу вам помочь?
[16:32:53] Recognized text: включи музыку despacito
[16:32:53] Pronounce: Я не нашла музыку с таким названием
